0	00:00:01.721	'270024006': order sell market 0.04 EURUSD sl: 1.18259 tp: 1.17742
1	00:00:01.892	'270024006': order sell 0.04 EURUSD opening at market sl: 1.18259 tp: 1.17742 failed [Market is closed]
0	00:47:45.722	'270024006': order sell market 0.04 EURUSD sl: 1.18232 tp: 1.17715
0	00:47:47.518	'270024006': order was opened : #12567431 sell 0.04 EURUSD at 1.18056 sl: 1.18232 tp: 1.17715
0	00:52:49.580	'270024006': order sell market 0.04 GBPUSD sl: 1.38555 tp: 1.37870
0	00:52:49.752	'270024006': order was opened : #12567585 sell 0.04 GBPUSD at 1.38220 sl: 1.38555 tp: 1.37870
0	00:56:51.986	'270024006': close order #12567431 sell 0.04 EURUSD at 1.18056 sl: 1.18232 tp: 1.17715 at price 0.00000
0	00:56:52.174	'270024006': order #12567431 sell 0.04 EURUSD at 1.18056 sl: 1.18232 tp: 1.17715 closed at price 1.18039
0	01:09:12.346	'270024006': close order #12567585 sell 0.04 GBPUSD at 1.38220 sl: 1.38555 tp: 1.37870 at price 0.00000
0	01:09:12.627	'270024006': order #12567585 sell 0.04 GBPUSD at 1.38220 sl: 1.38555 tp: 1.37870 closed at price 1.38201
1	15:08:41.264	'270024006': connect failed [Нет связи]
0	15:11:24.749	'270024006': login on ICMarketsSC-Live27 through DC_NCUS_L27 (ping: n/a)
0	15:12:31.405	'270024006': login on ICMarketsSC-Live27 through DC_SEA_L27 (ping: n/a)
0	15:13:36.967	'270024006': login on ICMarketsSC-Live27 through DC_Vir_L27 (ping: n/a)
0	15:13:38.171	'270024006': login datacenter on ICMarketsSC-Live27 through DC_Vir_L27 (ping: n/a)
0	15:13:38.499	'270024006': previous successful authorization performed from 195.149.87.163
0	15:13:52.889	'270024006': ping to current access point DC_Vir_L27 is 31.10 ms
0	15:31:01.171	'270024006': order #12741800 buy stop 0.40 EURUSD at 1.18161 activated at price 1.18168
0	15:31:01.171	'270024006': order #12741511 buy stop 0.40 EURUSD at 1.18161 activated at price 1.18168
0	15:31:16.249	'270024006': order #12741511 buy 0.40 EURUSD at 1.18168 closed due stop-loss at price 1.18184
0	15:31:16.358	'270024006': order #12741800 buy 0.40 EURUSD at 1.18168 closed due stop-loss at price 1.18184
1	16:51:52.967	'270024006': connect failed [Нет связи]
0	16:52:23.202	'270024006': login on ICMarketsSC-Live27 through DC_NCUS_L27 (ping: 88.21 ms)
0	16:53:29.046	'270024006': login on ICMarketsSC-Live27 through DC_LD_L27 (ping: 150.62 ms)
0	16:54:33.827	'270024006': login on ICMarketsSC-Live27 through DC_LD_L27 (ping: 150.62 ms)
0	16:54:35.514	'270024006': login datacenter on ICMarketsSC-Live27 through DC_LD_L27 (ping: 150.62 ms)
0	16:54:36.015	'270024006': previous successful authorization performed from 195.149.87.163
0	16:55:00.889	'270024006': auto connecting to a better access point NY DC 2 (ping is 19.62 ms)
0	16:55:22.280	'270024006': login on ICMarketsSC-Live27 through DC_Vir_L27 (ping: 19.13 ms)
0	16:55:22.671	'270024006': login datacenter on ICMarketsSC-Live27 through DC_Vir_L27 (ping: 19.13 ms)
0	16:55:23.108	'270024006': previous successful authorization performed from 195.149.87.163
0	18:02:23.952	'270024006': order #12582609 buy 0.03 USDJPY at 110.223 closed due stop-loss at price 109.775
0	18:26:13.640	'270024006': order #11207619 sell 0.10 USDJPY at 109.880 closed due take-profit at price 109.681
0	23:28:25.405	'270024006': order sell market 0.03 AUDCAD sl: 0.93048 tp: 0.92548
0	23:28:25.671	'270024006': order was opened : #12984836 sell 0.03 AUDCAD at 0.92748 sl: 0.93048 tp: 0.92548
0	23:34:18.655	'270024006': order sell market 0.04 USDJPY sl: 109.992 tp: 109.413
0	23:34:18.921	'270024006': order was opened : #12985792 sell 0.04 USDJPY at 109.765 sl: 109.992 tp: 109.413
0	23:40:57.936	'270024006': order buy market 0.04 EURUSD sl: 1.18017 tp: 1.18531
0	23:40:58.124	'270024006': order was opened : #12986716 buy 0.04 EURUSD at 1.18181 sl: 1.18017 tp: 1.18531
0	23:50:13.827	'270024006': order sell market 0.08 USDJPY sl: 0.000 tp: 0.000
0	23:50:13.985	'270024006': order sell market 0.03 USDJPY sl: 110.097 tp: 109.597
0	23:50:14.046	'270024006': order was opened : #12989736 sell 0.08 USDJPY at 109.797 sl: 0.000 tp: 0.000
0	23:50:14.108	'270024006': modify order #12989736 sell 0.08 USDJPY at 109.797 sl: 0.000 tp: 0.000 -> sl: 110.097 tp: 109.697
0	23:50:14.205	'270024006': order was opened : #12989747 sell 0.03 USDJPY at 109.797 sl: 110.097 tp: 109.597
0	23:50:14.264	'270024006': order #12989736 sell 0.08 USDJPY at 109.797 was modified -> sl: 110.097 tp: 109.697
