0	00:10:54.163	'270024006': close order #17763186 buy 0.08 AUDCAD at 0.91836 sl: 0.91539 tp: 0.92039 at price 0.00000
0	00:10:56.382	'270024006': order #17763186 buy 0.08 AUDCAD at 0.91836 sl: 0.91539 tp: 0.92039 closed at price 0.91970
0	01:00:31.335	'270024006': close order #17780557 buy 0.04 EURUSD at 1.17327 sl: 1.17162 tp: 1.17675 at price 0.00000
0	01:00:31.616	'270024006': order #17780557 buy 0.04 EURUSD at 1.17327 sl: 1.17162 tp: 1.17675 closed at price 1.17325
0	01:49:04.569	'270024006': close order #17764437 buy 0.08 EURCAD at 1.46882 sl: 1.46577 tp: 1.47077 at price 0.00000
0	01:49:04.772	'270024006': order #17764437 buy 0.08 EURCAD at 1.46882 sl: 1.46577 tp: 1.47077 closed at price 1.46940
0	02:02:03.100	'270024006': close order #17780423 sell 0.04 GBPUSD at 1.38066 sl: 1.38387 tp: 1.37732 at price 0.00000
0	02:02:03.351	'270024006': order #17780423 sell 0.04 GBPUSD at 1.38066 sl: 1.38387 tp: 1.37732 closed at price 1.38113
0	04:09:40.100	'270024006': close order #17773773 sell 0.08 CHFJPY at 119.602 sl: 119.902 tp: 119.402 at price 0.000
0	04:09:40.335	'270024006': order #17773773 sell 0.08 CHFJPY at 119.602 sl: 119.902 tp: 119.402 closed at price 119.577
1	04:36:08.882	'270024006': connect failed [Нет связи]
0	04:38:56.601	'270024006': login on ICMarketsSC-Live27 through DC_Syd_L27 (ping: n/a)
0	04:40:01.882	'270024006': login on ICMarketsSC-Live27 through DC_Syd_L27 (ping: n/a)
0	04:41:07.819	'270024006': login on ICMarketsSC-Live27 through DC_BS_L27 (ping: n/a)
0	04:41:09.710	'270024006': login datacenter on ICMarketsSC-Live27 through DC_BS_L27 (ping: n/a)
0	04:41:10.507	'270024006': previous successful authorization performed from 195.149.87.163
0	04:41:22.147	'270024006': auto connecting to a better access point DC_EUS_L27 (ping is 31.92 ms)
0	04:41:22.554	'270024006': login on ICMarketsSC-Live27 through DC_EUS_L27 (ping: 31.92 ms)
0	04:41:23.087	'270024006': login datacenter on ICMarketsSC-Live27 through DC_EUS_L27 (ping: 31.92 ms)
0	04:41:23.491	'270024006': previous successful authorization performed from 195.149.87.163
0	09:41:18.538	'270024006': login on ICMarketsSC-Live27 through DC_EUS_L27 (ping: 31.92 ms)
0	09:41:18.772	'270024006': login datacenter on ICMarketsSC-Live27 through DC_EUS_L27 (ping: 31.92 ms)
0	09:41:19.132	'270024006': previous successful authorization performed from 213.109.220.232
0	09:41:28.132	'270024006': auto connecting to a better access point NY DC 1 (ping is 4.12 ms)
0	09:41:28.585	'270024006': login on ICMarketsSC-Live27 through NY DC 1 (ping: 4.12 ms)
0	09:41:28.663	'270024006': login datacenter on ICMarketsSC-Live27 through NY DC 1 (ping: 4.12 ms)
0	09:41:29.007	'270024006': previous successful authorization performed from 195.149.87.163
0	12:38:26.991	'270024006': order #17865521 buy stop 0.49 EURUSD at 1.17464 activated at price 1.17464
0	14:18:12.260	'270024006': order #17897895 buy stop 0.49 EURUSD at 1.17520 activated at price 1.17524
0	15:38:54.647	'270024006': order #17920274 buy stop 0.50 EURUSD at 1.17672 activated at price 1.17677
0	16:21:07.304	'270024006': order #16748036 sell 0.05 USDJPY at 110.339 closed due take-profit at price 110.138
0	17:05:08.366	'270024006': order #17288990 buy 0.03 USDJPY at 110.486 closed due stop-loss at price 110.034
0	22:11:17.975	'270024006': login on ICMarketsSC-Live27 through NY DC 2 (ping: 2.53 ms)
0	22:11:18.319	'270024006': login datacenter on ICMarketsSC-Live27 through NY DC 2 (ping: 2.53 ms)
0	22:11:18.725	'270024006': previous successful authorization performed from 213.109.220.232
0	22:11:28.210	'270024006': auto connecting to a better access point NY DC 1 (ping is 2.65 ms)
0	22:11:28.710	'270024006': login on ICMarketsSC-Live27 through NY DC 1 (ping: 2.65 ms)
0	22:11:28.804	'270024006': login datacenter on ICMarketsSC-Live27 through NY DC 1 (ping: 2.65 ms)
0	22:11:29.163	'270024006': previous successful authorization performed from 195.149.87.163
