0	00:00:23.251	'270024006': order sell market 0.05 EURUSD sl: 1.18975 tp: 1.18457
1	00:00:23.673	'270024006': order sell 0.05 EURUSD opening at market sl: 1.18975 tp: 1.18457 failed [Market is closed]
0	00:01:19.501	'270024006': order sell market 0.05 EURUSD sl: 1.18985 tp: 1.18467
0	00:01:19.860	'270024006': order was opened : #22053588 sell 0.05 EURUSD at 1.18810 sl: 1.18985 tp: 1.18467
0	00:31:53.438	'270024006': order sell market 0.10 USDJPY sl: 110.056 tp: 109.556
0	00:31:53.688	'270024006': order was opened : #22057368 sell 0.10 USDJPY at 109.754 sl: 110.056 tp: 109.556
0	00:35:20.782	'270024006': order sell market 0.05 USDJPY sl: 110.018 tp: 109.412
0	00:35:21.032	'270024006': order was opened : #22057699 sell 0.05 USDJPY at 109.762 sl: 110.018 tp: 109.412
0	01:00:22.532	'270024006': close order #22057699 sell 0.05 USDJPY at 109.762 sl: 110.018 tp: 109.412 at price 0.000
0	01:00:22.844	'270024006': order #22057699 sell 0.05 USDJPY at 109.762 sl: 110.018 tp: 109.412 closed at price 109.746
0	01:30:36.094	'270024006': close order #22053588 sell 0.05 EURUSD at 1.18810 sl: 1.18985 tp: 1.18467 at price 0.00000
0	01:30:36.391	'270024006': order #22053588 sell 0.05 EURUSD at 1.18810 sl: 1.18985 tp: 1.18467 closed at price 1.18803
0	05:38:33.065	'270024006': close order #22042600 sell 0.18 USDJPY at 109.689 sl: 109.989 tp: 109.589 at price 0.000
0	05:38:33.172	'270024006': close order #22057368 sell 0.10 USDJPY at 109.754 sl: 110.056 tp: 109.556 at price 0.000
0	05:38:33.501	'270024006': order #22042600 sell 0.18 USDJPY at 109.689 sl: 109.989 tp: 109.589 closed at price 109.776
0	05:38:33.501	'270024006': order #22057368 sell 0.10 USDJPY at 109.754 sl: 110.056 tp: 109.556 closed at price 109.776
0	09:27:56.469	'270024006': order #21926411 sell 0.03 EURUSD at 1.18749 closed due stop-loss at price 1.18744
0	23:04:07.579	'270024006': order sell market 0.10 EURCAD sl: 1.49077 tp: 1.48577
0	23:04:08.047	'270024006': order was opened : #22163913 sell 0.10 EURCAD at 1.48744 sl: 1.49077 tp: 1.48577
0	23:04:46.127	'270024006': order sell market 0.18 USDJPY sl: 0.000 tp: 0.000
0	23:04:46.408	'270024006': order was opened : #22164013 sell 0.18 USDJPY at 109.858 sl: 0.000 tp: 0.000
0	23:04:46.408	'270024006': modify order #22164013 sell 0.18 USDJPY at 109.858 sl: 0.000 tp: 0.000 -> sl: 110.160 tp: 109.760
0	23:04:46.657	'270024006': order #22164013 sell 0.18 USDJPY at 109.858 was modified -> sl: 110.160 tp: 109.760
0	23:11:07.891	'270024006': close order #22164013 sell 0.18 USDJPY at 109.858 sl: 110.160 tp: 109.760 at price 0.000
0	23:11:08.126	'270024006': order #22164013 sell 0.18 USDJPY at 109.858 sl: 110.160 tp: 109.760 closed at price 109.849
0	23:24:40.016	'270024006': order sell market 0.10 AUDCAD sl: 0.93504 tp: 0.93004
0	23:24:40.438	'270024006': order was opened : #22164819 sell 0.10 AUDCAD at 0.93201 sl: 0.93504 tp: 0.93004
0	23:25:39.266	'270024006': order sell market 0.18 USDJPY sl: 0.000 tp: 0.000
0	23:25:39.501	'270024006': order was opened : #22164837 sell 0.18 USDJPY at 109.864 sl: 0.000 tp: 0.000
0	23:25:39.501	'270024006': modify order #22164837 sell 0.18 USDJPY at 109.864 sl: 0.000 tp: 0.000 -> sl: 110.164 tp: 109.764
0	23:25:39.657	'270024006': order #22164837 sell 0.18 USDJPY at 109.864 was modified -> sl: 110.164 tp: 109.764
0	23:30:55.688	'270024006': order sell market 0.10 EURAUD sl: 1.59956 tp: 1.59456
0	23:30:56.282	'270024006': order was opened : #22165013 sell 0.10 EURAUD at 1.59618 sl: 1.59956 tp: 1.59456
0	23:32:28.907	'270024006': close order #22164837 sell 0.18 USDJPY at 109.864 sl: 110.164 tp: 109.764 at price 0.000
0	23:32:29.238	'270024006': order #22164837 sell 0.18 USDJPY at 109.864 sl: 110.164 tp: 109.764 closed at price 109.844
0	23:32:30.344	'270024006': order buy market 0.18 USDJPY sl: 0.000 tp: 0.000
0	23:32:30.454	'270024006': order buy market 0.10 USDJPY sl: 109.529 tp: 110.029
0	23:32:30.751	'270024006': order was opened : #22165189 buy 0.18 USDJPY at 109.829 sl: 0.000 tp: 0.000
0	23:32:30.751	'270024006': modify order #22165189 buy 0.18 USDJPY at 109.829 sl: 0.000 tp: 0.000 -> sl: 109.528 tp: 109.928
0	23:32:30.751	'270024006': order was opened : #22165190 buy 0.10 USDJPY at 109.829 sl: 109.529 tp: 110.029
0	23:32:31.032	'270024006': order #22165189 buy 0.18 USDJPY at 109.829 was modified -> sl: 109.528 tp: 109.928
0	23:57:59.735	'270024006': close order #22165013 sell 0.10 EURAUD at 1.59618 sl: 1.59956 tp: 1.59456 at price 0.00000
0	23:58:00.079	'270024006': order #22165013 sell 0.10 EURAUD at 1.59618 sl: 1.59956 tp: 1.59456 closed at price 1.59566
