0	00:34:05.504	'270024006': order sell market 0.09 EURAUD sl: 1.58933 tp: 1.58433
0	00:34:05.769	'270024006': order was opened : #32527917 sell 0.09 EURAUD at 1.58631 sl: 1.58933 tp: 1.58433
0	00:36:26.316	'270024006': close order #32525174 buy 0.21 USDJPY at 113.628 sl: 113.392 tp: 113.977 at price 0.000
0	00:36:26.566	'270024006': order #32525174 buy 0.21 USDJPY at 113.628 sl: 113.392 tp: 113.977 closed at price 113.642
0	01:41:07.941	'270024006': close order #32527917 sell 0.09 EURAUD at 1.58631 sl: 1.58933 tp: 1.58433 at price 0.00000
0	01:41:08.191	'270024006': order #32527917 sell 0.09 EURAUD at 1.58631 sl: 1.58933 tp: 1.58433 closed at price 1.58557
0	02:12:21.973	'270024006': close order #32518465 sell 0.09 CHFJPY at 123.374 sl: 123.672 tp: 123.172 at price 0.000
0	02:12:22.238	'270024006': order #32518465 sell 0.09 CHFJPY at 123.374 sl: 123.672 tp: 123.172 closed at price 123.292
0	03:43:17.675	'270024006': close order #32522365 buy 0.09 AUDCAD at 0.91996 sl: 0.91696 tp: 0.92196 at price 0.00000
0	03:43:17.800	'270024006': order #32522365 buy 0.09 AUDCAD at 0.91996 sl: 0.91696 tp: 0.92196 closed at price 0.91965
0	18:13:16.258	MetaTrader 4 build 1350 started (MetaQuotes Software Corp.)
0	18:13:16.258	Windows Server 2012 R2 Standard x64, IE 11, UAC, 2 x Intel Xeon  E5-2680 v2 @ 2.80GHz, Memory: 3454 / 4095 Mb, Disk: 36 / 48 Gb, GMT+2
0	18:13:16.258	Data Folder: C:\Program Files (x86)\MetaTrader 4 IC Markets-NY_Closer
0	18:13:20.368	'270024006': login on ICMarketsSC-Live27 through NY DC 1 (ping: 3.93 ms)
0	18:13:20.508	'270024006': login datacenter on ICMarketsSC-Live27 through NY DC 1 (ping: 3.93 ms)
0	18:13:20.805	'270024006': previous successful authorization performed from 37.99.43.64
0	18:13:30.180	'270024006': auto connecting to a better access point NY DC 2 (ping is 2.56 ms)
0	18:13:30.587	'270024006': login on ICMarketsSC-Live27 through NY DC 2 (ping: 2.56 ms)
0	18:13:30.649	'270024006': login datacenter on ICMarketsSC-Live27 through NY DC 2 (ping: 2.56 ms)
0	18:13:30.852	'270024006': previous successful authorization performed from 195.149.87.163
