0	00:00:37.216	'270024006': close order #28386239 sell 0.06 GBPUSD at 1.37928 sl: 1.38235 tp: 1.37579 at price 0.00000
1	00:00:37.420	'270024006': order #28386239 sell 0.06 GBPUSD closing at 0.00000 failed [Market is closed]
0	00:00:44.060	'270024006': close order #28383012 sell 0.06 USDJPY at 113.583 sl: 113.818 tp: 113.234 at price 0.000
1	00:00:44.263	'270024006': order #28383012 sell 0.06 USDJPY closing at 0.000 failed [Market is closed]
0	00:45:59.591	'270024006': close order #28389998 sell 0.06 EURUSD at 1.16841 sl: 1.17003 tp: 1.16491 at price 0.00000
0	00:45:59.794	'270024006': order #28389998 sell 0.06 EURUSD at 1.16841 sl: 1.17003 tp: 1.16491 closed at price 1.16827
0	00:59:19.154	'270024006': close order #28383012 sell 0.06 USDJPY at 113.583 sl: 113.818 tp: 113.234 at price 0.000
0	00:59:19.357	'270024006': order #28383012 sell 0.06 USDJPY at 113.583 sl: 113.818 tp: 113.234 closed at price 113.576
0	01:11:04.763	'270024006': close order #28386239 sell 0.06 GBPUSD at 1.37928 sl: 1.38235 tp: 1.37579 at price 0.00000
0	01:11:04.997	'270024006': order #28386239 sell 0.06 GBPUSD at 1.37928 sl: 1.38235 tp: 1.37579 closed at price 1.37940
1	08:55:39.513	'270024006': connect failed [Нет связи]
0	08:56:36.529	'270024006': login on ICMarketsSC-Live27 through DC_SEA_L27 (ping: 486.01 ms)
0	08:57:43.076	'270024006': login on ICMarketsSC-Live27 through DC_SEA_L27 (ping: 486.01 ms)
0	08:57:49.107	'270024006': login datacenter on ICMarketsSC-Live27 through DC_SEA_L27 (ping: 486.01 ms)
0	08:57:50.169	'270024006': previous successful authorization performed from 195.149.87.163
0	08:57:58.170	'270024006': auto connecting to a better access point NY DC 2 (ping is 4.70 ms)
0	08:57:58.497	'270024006': login on ICMarketsSC-Live27 through NY DC 2 (ping: 4.70 ms)
0	08:58:05.372	'270024006': login datacenter on ICMarketsSC-Live27 through NY DC 2 (ping: 4.70 ms)
0	08:58:05.622	'270024006': previous successful authorization performed from 195.149.87.163
0	10:50:57.670	'270024006': login datacenter on ICMarketsSC-Live27
0	10:50:58.216	'270024006': login on ICMarketsSC-Live27 through DC_Vir_L27 (ping: 13.84 ms)
0	10:50:58.638	'270024006': login datacenter on ICMarketsSC-Live27 through DC_Vir_L27 (ping: 13.84 ms)
0	10:50:58.997	'270024006': previous successful authorization performed from 37.99.45.71
0	10:51:11.060	'270024006': auto connecting to a better access point NY DC 1 (ping is 2.27 ms)
0	10:51:11.497	'270024006': login on ICMarketsSC-Live27 through NY DC 1 (ping: 2.27 ms)
0	10:51:11.622	'270024006': login datacenter on ICMarketsSC-Live27 through NY DC 1 (ping: 2.27 ms)
0	10:51:11.935	'270024006': previous successful authorization performed from 195.149.87.163
