0	00:58:21.942	'270024006': order sell market 0.04 EURUSD sl: 1.17292 tp: 1.16776
0	00:58:22.645	'270024006': order was opened : #19008935 sell 0.04 EURUSD at 1.17124 sl: 1.17292 tp: 1.16776
0	01:00:58.942	'270024006': close order #19008935 sell 0.04 EURUSD at 1.17124 sl: 1.17292 tp: 1.16776 at price 0.00000
0	01:00:59.239	'270024006': order #19008935 sell 0.04 EURUSD at 1.17124 sl: 1.17292 tp: 1.16776 closed at price 1.17097
0	02:58:07.504	'270024006': close order #18997517 buy 0.09 EURAUD at 1.61372 sl: 1.61078 tp: 1.61578 at price 0.00000
0	02:58:07.739	'270024006': order #18997517 buy 0.09 EURAUD at 1.61372 sl: 1.61078 tp: 1.61578 closed at price 1.61388
0	11:01:41.130	'270024006': order #18920666 buy 0.03 EURUSD at 1.17157 closed due stop-loss at price 1.17204
1	14:31:59.536	'270024006': connect failed [Нет связи]
0	14:34:43.864	'270024006': login on ICMarketsSC-Live27 through DC_JE_L27 (ping: n/a)
0	14:35:49.489	'270024006': login on ICMarketsSC-Live27 through DC_JE_L27 (ping: n/a)
0	14:36:55.661	'270024006': login on ICMarketsSC-Live27 through DC_LD_L27 (ping: n/a)
0	14:36:57.630	'270024006': login datacenter on ICMarketsSC-Live27 through DC_LD_L27 (ping: n/a)
0	14:36:58.301	'270024006': previous successful authorization performed from 195.149.87.163
0	14:37:09.614	'270024006': auto connecting to a better access point NY DC 2 (ping is 5.77 ms)
0	14:37:09.911	'270024006': login on ICMarketsSC-Live27 through NY DC 2 (ping: 5.77 ms)
0	14:37:11.801	'270024006': login datacenter on ICMarketsSC-Live27 through NY DC 2 (ping: 5.77 ms)
0	14:37:12.161	'270024006': previous successful authorization performed from 195.149.87.163
0	18:25:52.442	'270024006': order #19147782 sell stop 0.60 EURUSD at 1.17030 activated at price 1.17029
0	18:25:52.458	'270024006': order #19147840 sell stop 0.60 EURUSD at 1.17030 activated at price 1.17029
0	18:26:53.895	'270024006': order #19147840 sell 0.60 EURUSD at 1.17029 closed due stop-loss at price 1.16951
0	18:26:54.442	'270024006': order #19147782 sell 0.60 EURUSD at 1.17029 closed due stop-loss at price 1.16951
0	18:29:06.270	'270024006': order #19266160 sell 0.03 EURUSD at 1.17113 closed due stop-loss at price 1.17031
0	21:04:20.661	'270024006': order #19304604 buy stop 0.61 EURUSD at 1.17282 activated at price 1.17294
0	21:04:58.661	'270024006': order #19304604 buy 0.61 EURUSD at 1.17294 closed due stop-loss at price 1.17398
0	23:00:02.021	'270024006': order buy market 0.17 USDJPY sl: 0.000 tp: 0.000
0	23:00:02.162	'270024006': order sell market 0.09 EURCAD sl: 1.48482 tp: 1.47982
0	23:00:05.708	'270024006': order was opened : #19376529 buy 0.17 USDJPY at 109.778 sl: 0.000 tp: 0.000
0	23:00:05.708	'270024006': modify order #19376529 buy 0.17 USDJPY at 109.778 sl: 0.000 tp: 0.000 -> sl: 109.474 tp: 109.874
0	23:00:05.973	'270024006': order was opened : #19376555 sell 0.09 EURCAD at 1.48157 sl: 1.48482 tp: 1.47982
0	23:00:06.744	'270024006': order buy market 0.09 USDJPY sl: 109.479 tp: 109.979
0	23:00:08.067	'270024006': order #19376529 buy 0.17 USDJPY at 109.778 was modified -> sl: 109.474 tp: 109.874
0	23:00:08.692	'270024006': order was opened : #19377221 buy 0.09 USDJPY at 109.779 sl: 109.479 tp: 109.979
0	23:21:01.614	'270024006': order sell market 0.09 EURAUD sl: 1.62128 tp: 1.61628
0	23:21:01.880	'270024006': order was opened : #19383158 sell 0.09 EURAUD at 1.61824 sl: 1.62128 tp: 1.61628
