0	00:02:51.061	'270024006': close order #12986716 buy 0.04 EURUSD at 1.18181 sl: 1.18017 tp: 1.18531 at price 0.00000
0	00:02:53.171	'270024006': order #12986716 buy 0.04 EURUSD at 1.18181 sl: 1.18017 tp: 1.18531 closed at price 1.18189
0	01:00:43.342	'270024006': close order #12985792 sell 0.04 USDJPY at 109.765 sl: 109.992 tp: 109.413 at price 0.000
0	01:00:43.577	'270024006': order #12985792 sell 0.04 USDJPY at 109.765 sl: 109.992 tp: 109.413 closed at price 109.775
0	03:01:06.139	'270024006': close order #12989736 sell 0.08 USDJPY at 109.797 sl: 110.097 tp: 109.697 at price 0.000
0	03:01:07.014	'270024006': close order #12989747 sell 0.03 USDJPY at 109.797 sl: 110.097 tp: 109.597 at price 0.000
0	03:01:08.030	'270024006': order #12989736 sell 0.08 USDJPY at 109.797 sl: 110.097 tp: 109.697 closed at price 109.764
0	03:01:08.092	'270024006': order #12989747 sell 0.03 USDJPY at 109.797 sl: 110.097 tp: 109.597 closed at price 109.764
0	03:03:00.796	'270024006': close order #12984836 sell 0.03 AUDCAD at 0.92748 sl: 0.93048 tp: 0.92548 at price 0.00000
0	03:03:00.999	'270024006': order #12984836 sell 0.03 AUDCAD at 0.92748 sl: 0.93048 tp: 0.92548 closed at price 0.92736
0	21:00:40.124	'270024006': order #13063937 sell 0.06 USDJPY at 109.833 closed due stop-loss at price 110.285
0	21:39:50.483	'270024006': order #13310101 buy 0.05 EURUSD at 1.18133 closed due take-profit at price 1.18226
0	21:47:21.233	'270024006': order #13150701 buy stop 0.41 EURUSD at 1.18398 activated at price 1.18399
0	21:47:21.249	'270024006': order #13150923 buy stop 0.41 EURUSD at 1.18398 activated at price 1.18399
0	21:47:24.358	'270024006': order #13150701 buy 0.41 EURUSD at 1.18399 closed due stop-loss at price 1.18381
0	21:47:24.530	'270024006': order #13150923 buy 0.41 EURUSD at 1.18399 closed due stop-loss at price 1.18381
0	23:00:00.264	'270024006': order buy market 0.08 USDJPY sl: 0.000 tp: 0.000
0	23:00:00.781	'270024006': order was opened : #13399787 buy 0.08 USDJPY at 109.865 sl: 0.000 tp: 0.000
0	23:00:00.781	'270024006': modify order #13399787 buy 0.08 USDJPY at 109.865 sl: 0.000 tp: 0.000 -> sl: 109.565 tp: 109.965
0	23:00:00.878	'270024006': order buy market 0.03 USDJPY sl: 109.567 tp: 110.067
0	23:00:02.202	'270024006': order #13399787 buy 0.08 USDJPY at 109.865 was modified -> sl: 109.565 tp: 109.965
0	23:00:02.499	'270024006': order was opened : #13400583 buy 0.03 USDJPY at 109.866 sl: 109.567 tp: 110.067
