0	00:22:09.002	'270024006': close order #25520899 buy 0.06 USDJPY at 111.278 sl: 111.047 tp: 111.627 at price 0.000
0	00:22:09.565	'270024006': order #25520899 buy 0.06 USDJPY at 111.278 sl: 111.047 tp: 111.627 closed at price 111.299
0	01:16:31.924	'270024006': close order #25508017 buy 0.14 USDJPY at 111.291 sl: 110.994 tp: 111.394 at price 0.000
0	01:16:32.033	'270024006': close order #25509043 buy 0.10 USDJPY at 111.293 sl: 110.988 tp: 111.488 at price 0.000
0	01:16:32.299	'270024006': order #25508017 buy 0.14 USDJPY at 111.291 sl: 110.994 tp: 111.394 closed at price 111.342
0	01:16:32.424	'270024006': order #25509043 buy 0.10 USDJPY at 111.293 sl: 110.988 tp: 111.488 closed at price 111.342
0	02:13:55.862	'270024006': close order #25507631 buy 0.10 USDCHF at 0.93184 sl: 0.92884 tp: 0.93384 at price 0.00000
0	02:13:56.237	'270024006': order #25507631 buy 0.10 USDCHF at 0.93184 sl: 0.92884 tp: 0.93384 closed at price 0.93212
1	06:47:42.221	'270024006': connect failed [Нет связи]
0	06:48:21.815	'270024006': login on ICMarketsSC-Live27 through DC_Syd_L27 (ping: n/a)
0	06:49:28.299	'270024006': login on ICMarketsSC-Live27 through DC_BS_L27 (ping: n/a)
0	06:50:34.377	'270024006': login on ICMarketsSC-Live27 through NY DC 1 (ping: n/a)
0	06:50:36.940	'270024006': login datacenter on ICMarketsSC-Live27 through NY DC 1 (ping: n/a)
0	06:50:37.299	'270024006': previous successful authorization performed from 195.149.87.163
0	06:50:51.205	'270024006': auto connecting to a better access point NY DC 2 (ping is 8.17 ms)
0	06:51:00.580	'270024006': login on ICMarketsSC-Live27 through NY DC 2 (ping: 8.17 ms)
0	06:51:00.627	'270024006': login datacenter on ICMarketsSC-Live27 through NY DC 2 (ping: 8.17 ms)
0	06:51:00.940	'270024006': previous successful authorization performed from 195.149.87.163
0	07:22:31.455	'270024006': close order #25523720 sell 0.10 AUDCAD at 0.91640 sl: 0.91940 tp: 0.91440 at price 0.00000
0	07:22:31.705	'270024006': order #25523720 sell 0.10 AUDCAD at 0.91640 sl: 0.91940 tp: 0.91440 closed at price 0.91768
0	12:16:45.112	'270024006': order #25554860 buy 0.04 AUDUSD at 0.72184 closed due take-profit at price 0.72383
1	15:35:19.362	'270024006': datacenter connecting failed [6]
0	15:35:19.877	'270024006': login on ICMarketsSC-Live27 through DC_Vir_L27 (ping: 19.64 ms)
0	15:35:20.252	'270024006': login datacenter on ICMarketsSC-Live27 through DC_Vir_L27 (ping: 19.64 ms)
0	15:35:20.643	'270024006': previous successful authorization performed from 95.82.116.165
0	15:35:29.940	'270024006': auto connecting to a better access point NY DC 2 (ping is 2.71 ms)
0	15:35:30.330	'270024006': login on ICMarketsSC-Live27 through NY DC 2 (ping: 2.71 ms)
0	15:35:31.127	'270024006': login datacenter on ICMarketsSC-Live27 through NY DC 2 (ping: 2.71 ms)
0	15:35:31.549	'270024006': previous successful authorization performed from 195.149.87.163
