0	00:00:01.613	'270024006': close order #27722401 sell 0.06 USDJPY at 114.021 sl: 114.257 tp: 113.671 at price 0.000
1	00:00:01.801	'270024006': order #27722401 sell 0.06 USDJPY closing at 0.000 failed [Market is closed]
0	00:00:10.426	'270024006': order buy market 0.06 EURAUD sl: 1.55235 tp: 1.56012
1	00:00:10.598	'270024006': order buy 0.06 EURAUD opening at market sl: 1.55235 tp: 1.56012 failed [Market is closed]
0	00:01:02.082	'270024006': order buy market 0.06 EURAUD sl: 1.55234 tp: 1.56014
0	00:01:02.660	'270024006': order was opened : #27741832 buy 0.06 EURAUD at 1.55664 sl: 1.55234 tp: 1.56014
0	00:01:05.379	'270024006': close order #27722401 sell 0.06 USDJPY at 114.021 sl: 114.257 tp: 113.671 at price 0.000
0	00:01:05.973	'270024006': order #27722401 sell 0.06 USDJPY at 114.021 sl: 114.257 tp: 113.671 closed at price 113.997
0	00:41:39.160	'270024006': order buy market 0.06 USDJPY sl: 113.703 tp: 114.310
1	00:41:39.645	'270024006': order buy 0.06 USDJPY opening at market sl: 113.703 tp: 114.310 failed [Common error]
0	01:09:53.332	'270024006': close order #27741832 buy 0.06 EURAUD at 1.55664 sl: 1.55234 tp: 1.56014 at price 0.00000
0	01:09:53.551	'270024006': order #27741832 buy 0.06 EURAUD at 1.55664 sl: 1.55234 tp: 1.56014 closed at price 1.55672
1	01:26:13.676	'270024006': connect failed [Нет связи]
0	01:29:20.707	'270024006': login on ICMarketsSC-Live27 through DC_BS_L27 (ping: n/a)
0	01:30:24.738	'270024006': login on ICMarketsSC-Live27 through DC_BS_L27 (ping: n/a)
0	01:30:26.613	'270024006': login datacenter on ICMarketsSC-Live27 through DC_BS_L27 (ping: n/a)
0	01:30:27.379	'270024006': previous successful authorization performed from 195.149.87.163
0	01:30:35.660	'270024006': auto connecting to a better access point NY DC 2 (ping is 3.38 ms)
0	01:30:36.004	'270024006': login on ICMarketsSC-Live27 through NY DC 2 (ping: 3.38 ms)
0	01:31:41.488	'270024006': login on ICMarketsSC-Live27 through NY DC 2 (ping: 3.38 ms)
0	01:31:44.738	'270024006': login datacenter on ICMarketsSC-Live27 through NY DC 2 (ping: 3.38 ms)
0	01:31:45.004	'270024006': previous successful authorization performed from 195.149.87.163
0	01:35:39.691	'270024006': close order #27733807 sell 0.06 GBPUSD at 1.37891 sl: 1.38200 tp: 1.37543 at price 0.00000
0	01:35:39.895	'270024006': order #27733807 sell 0.06 GBPUSD at 1.37891 sl: 1.38200 tp: 1.37543 closed at price 1.37940
0	02:00:01.973	'270024006': close order #27722397 sell 0.13 USDJPY at 114.021 sl: 114.321 tp: 113.921 at price 0.000
0	02:00:02.160	'270024006': close order #27735296 sell 0.09 USDJPY at 114.039 sl: 114.339 tp: 113.839 at price 0.000
0	02:00:02.332	'270024006': order #27722397 sell 0.13 USDJPY at 114.021 sl: 114.321 tp: 113.921 closed at price 113.974
0	02:00:02.395	'270024006': order #27735296 sell 0.09 USDJPY at 114.039 sl: 114.339 tp: 113.839 closed at price 113.974
