0	00:00:12.238	'270024006': order sell market 0.06 EURUSD sl: 1.16710 tp: 1.16180
1	00:00:12.457	'270024006': order sell 0.06 EURUSD opening at market sl: 1.16710 tp: 1.16180 failed [Market is closed]
0	02:48:47.879	'270024006': close order #27606700 sell 0.14 USDJPY at 114.302 sl: 114.602 tp: 114.202 at price 0.000
0	02:48:48.113	'270024006': order #27606700 sell 0.14 USDJPY at 114.302 sl: 114.602 tp: 114.202 closed at price 114.323
0	03:23:15.770	'270024006': close order #27606654 sell 0.09 CHFJPY at 124.374 sl: 124.674 tp: 124.174 at price 0.000
0	03:23:15.973	'270024006': order #27606654 sell 0.09 CHFJPY at 124.374 sl: 124.674 tp: 124.174 closed at price 124.389
0	09:19:57.988	'270024006': order #27641631 sell 0.05 AUDUSD at 0.75082 closed due stop-loss at price 0.75074
0	13:02:10.785	'270024006': order #27645699 buy 0.06 USDCAD at 1.23318 closed due stop-loss at price 1.23324
0	23:00:01.270	'270024006': order sell market 0.13 USDJPY sl: 0.000 tp: 0.000
0	23:00:01.285	'270024006': order sell market 0.06 USDJPY sl: 114.257 tp: 113.671
0	23:00:02.442	'270024006': order was opened : #27722397 sell 0.13 USDJPY at 114.021 sl: 0.000 tp: 0.000
0	23:00:02.442	'270024006': modify order #27722397 sell 0.13 USDJPY at 114.021 sl: 0.000 tp: 0.000 -> sl: 114.321 tp: 113.921
0	23:00:02.645	'270024006': order was opened : #27722401 sell 0.06 USDJPY at 114.021 sl: 114.257 tp: 113.671
0	23:00:11.770	'270024006': order #27722397 sell 0.13 USDJPY at 114.021 was modified -> sl: 114.321 tp: 113.921
0	23:02:44.770	'270024006': order sell market 0.06 GBPUSD sl: 1.38200 tp: 1.37543
0	23:02:45.020	'270024006': order was opened : #27733807 sell 0.06 GBPUSD at 1.37891 sl: 1.38200 tp: 1.37543
0	23:04:50.723	'270024006': order buy market 0.06 EURUSD sl: 1.16050 tp: 1.16562
0	23:04:50.941	'270024006': order was opened : #27734464 buy 0.06 EURUSD at 1.16213 sl: 1.16050 tp: 1.16562
0	23:13:30.207	'270024006': order sell market 0.09 USDJPY sl: 114.339 tp: 113.839
0	23:13:30.457	'270024006': order was opened : #27735296 sell 0.09 USDJPY at 114.039 sl: 114.339 tp: 113.839
0	23:43:08.691	'270024006': close order #27734464 buy 0.06 EURUSD at 1.16213 sl: 1.16050 tp: 1.16562 at price 0.00000
0	23:43:08.926	'270024006': order #27734464 buy 0.06 EURUSD at 1.16213 sl: 1.16050 tp: 1.16562 closed at price 1.16232
