0	00:53:21.455	'270024006': order sell market 0.06 EURUSD sl: 1.17025 tp: 1.16512
0	00:53:22.737	'270024006': order was opened : #25171700 sell 0.06 EURUSD at 1.16860 sl: 1.17025 tp: 1.16512
0	00:56:28.268	'270024006': close order #25171700 sell 0.06 EURUSD at 1.16860 sl: 1.17025 tp: 1.16512 at price 0.00000
0	00:56:28.455	'270024006': order #25171700 sell 0.06 EURUSD at 1.16860 sl: 1.17025 tp: 1.16512 closed at price 1.16831
0	03:31:33.315	'270024006': close order #25164345 sell 0.10 AUDCAD at 0.91821 sl: 0.92121 tp: 0.91621 at price 0.00000
0	03:31:33.580	'270024006': order #25164345 sell 0.10 AUDCAD at 0.91821 sl: 0.92121 tp: 0.91621 closed at price 0.91821
0	04:30:50.658	'270024006': close order #25161194 sell 0.10 CHFJPY at 120.010 sl: 120.308 tp: 119.808 at price 0.000
0	04:30:50.862	'270024006': order #25161194 sell 0.10 CHFJPY at 120.010 sl: 120.308 tp: 119.808 closed at price 120.017
0	13:08:26.190	'270024006': order #25220490 buy 0.17 USDJPY at 111.302 closed due take-profit at price 111.352
1	17:15:24.080	'270024006': datacenter connecting failed [6]
1	17:15:25.002	'270024006': connect failed [Нет связи]
0	17:17:15.362	'270024006': login on ICMarketsSC-Live27 through DC_JE_L27 (ping: n/a)
0	17:18:21.627	'270024006': login on ICMarketsSC-Live27 through DC_LD_L27 (ping: n/a)
0	17:19:27.799	'270024006': login on ICMarketsSC-Live27 through DC_LD_L27 (ping: n/a)
0	17:20:34.190	'270024006': login on ICMarketsSC-Live27 through DC_Frank_L27 (ping: n/a)
0	17:21:43.393	'270024006': login on ICMarketsSC-Live27 through NY DC 2 (ping: n/a)
0	17:21:46.627	'270024006': login datacenter on ICMarketsSC-Live27 through NY DC 2 (ping: n/a)
0	17:21:47.080	'270024006': previous successful authorization performed from 195.149.87.163
0	17:22:11.582	'270024006': auto connecting to a better access point DC_Vir_L27 (ping is 32.54 ms)
0	17:22:12.049	'270024006': login on ICMarketsSC-Live27 through DC_Vir_L27 (ping: 32.54 ms)
0	17:22:12.424	'270024006': login datacenter on ICMarketsSC-Live27 through DC_Vir_L27 (ping: 32.54 ms)
0	17:22:12.971	'270024006': previous successful authorization performed from 195.149.87.163
0	17:23:41.908	'270024006': order #23935011 buy limit 0.14 EURUSD at 1.16180 activated at price 1.16170
1	17:27:07.879	'270024006': connect failed [Нет связи]
0	17:27:45.205	'270024006': login on ICMarketsSC-Live27 through NY DC 1 (ping: 65.27 ms)
0	17:28:50.955	'270024006': login on ICMarketsSC-Live27 through DC_CUS_L27 (ping: 151.50 ms)
0	17:29:57.549	'270024006': login on ICMarketsSC-Live27 through DC_LD_L27 (ping: 162.38 ms)
0	17:31:03.877	'270024006': login on ICMarketsSC-Live27 through DC_Frank_L27 (ping: 181.53 ms)
0	17:31:08.002	'270024006': login datacenter on ICMarketsSC-Live27 through DC_Frank_L27 (ping: 181.53 ms)
0	17:31:08.580	'270024006': previous successful authorization performed from 195.149.87.163
