0	00:00:01.118	'270024006': order sell market 0.15 USDJPY sl: 0.000 tp: 0.000
0	00:00:01.305	'270024006': order sell market 0.08 USDJPY sl: 110.617 tp: 110.117
1	00:00:01.477	'270024006': order sell 0.08 USDJPY opening at market sl: 110.617 tp: 110.117 failed [Market is closed]
1	00:00:01.493	'270024006': order sell 0.15 USDJPY opening at market sl: 0.000 tp: 0.000 failed [Market is closed]
0	00:00:01.508	'270024006': order sell market 0.08 USDJPY sl: 110.617 tp: 110.117
1	00:00:01.633	'270024006': order sell 0.08 USDJPY opening at market sl: 110.617 tp: 110.117 failed [Market is closed]
0	00:00:01.711	'270024006': order sell market 0.08 USDJPY sl: 110.617 tp: 110.117
1	00:00:01.852	'270024006': order sell 0.08 USDJPY opening at market sl: 110.617 tp: 110.117 failed [Market is closed]
0	00:00:01.914	'270024006': order sell market 0.08 USDJPY sl: 110.617 tp: 110.117
1	00:00:02.057	'270024006': order sell 0.08 USDJPY opening at market sl: 110.617 tp: 110.117 failed [Market is closed]
0	00:00:02.118	'270024006': order sell market 0.08 USDJPY sl: 110.617 tp: 110.117
1	00:00:02.243	'270024006': order sell 0.08 USDJPY opening at market sl: 110.617 tp: 110.117 failed [Market is closed]
0	00:00:02.321	'270024006': order sell market 0.08 USDJPY sl: 110.617 tp: 110.117
1	00:00:02.477	'270024006': order sell 0.08 USDJPY opening at market sl: 110.617 tp: 110.117 failed [Market is closed]
0	00:00:02.524	'270024006': order sell market 0.08 USDJPY sl: 110.617 tp: 110.117
1	00:00:02.649	'270024006': order sell 0.08 USDJPY opening at market sl: 110.617 tp: 110.117 failed [Market is closed]
0	00:00:02.727	'270024006': order sell market 0.08 USDJPY sl: 110.617 tp: 110.117
1	00:00:02.868	'270024006': order sell 0.08 USDJPY opening at market sl: 110.617 tp: 110.117 failed [Market is closed]
0	00:00:02.930	'270024006': order sell market 0.08 USDJPY sl: 110.617 tp: 110.117
1	00:00:03.102	'270024006': order sell 0.08 USDJPY opening at market sl: 110.617 tp: 110.117 failed [Market is closed]
0	00:00:03.133	'270024006': order sell market 0.08 USDJPY sl: 110.617 tp: 110.117
1	00:00:03.274	'270024006': order sell 0.08 USDJPY opening at market sl: 110.617 tp: 110.117 failed [Market is closed]
0	00:00:03.336	'270024006': order sell market 0.08 USDJPY sl: 110.617 tp: 110.117
1	00:00:03.477	'270024006': order sell 0.08 USDJPY opening at market sl: 110.617 tp: 110.117 failed [Market is closed]
0	00:00:03.539	'270024006': order sell market 0.08 USDJPY sl: 110.617 tp: 110.117
1	00:00:03.680	'270024006': order sell 0.08 USDJPY opening at market sl: 110.617 tp: 110.117 failed [Market is closed]
0	00:00:03.743	'270024006': order sell market 0.08 USDJPY sl: 110.617 tp: 110.117
1	00:00:03.899	'270024006': order sell 0.08 USDJPY opening at market sl: 110.617 tp: 110.117 failed [Market is closed]
0	00:00:03.946	'270024006': order sell market 0.08 USDJPY sl: 110.617 tp: 110.117
1	00:00:04.087	'270024006': order sell 0.08 USDJPY opening at market sl: 110.617 tp: 110.117 failed [Market is closed]
0	00:00:04.149	'270024006': order sell market 0.08 USDJPY sl: 110.617 tp: 110.117
1	00:00:04.290	'270024006': order sell 0.08 USDJPY opening at market sl: 110.617 tp: 110.117 failed [Market is closed]
0	00:00:04.352	'270024006': order sell market 0.08 USDJPY sl: 110.617 tp: 110.117
1	00:00:04.477	'270024006': order sell 0.08 USDJPY opening at market sl: 110.617 tp: 110.117 failed [Market is closed]
0	00:00:04.555	'270024006': order sell market 0.08 USDJPY sl: 110.617 tp: 110.117
1	00:00:04.696	'270024006': order sell 0.08 USDJPY opening at market sl: 110.617 tp: 110.117 failed [Market is closed]
0	00:00:04.758	'270024006': order sell market 0.08 USDJPY sl: 110.617 tp: 110.117
1	00:00:04.883	'270024006': order sell 0.08 USDJPY opening at market sl: 110.617 tp: 110.117 failed [Market is closed]
0	00:00:04.961	'270024006': order sell market 0.08 USDJPY sl: 110.617 tp: 110.117
1	00:00:05.102	'270024006': order sell 0.08 USDJPY opening at market sl: 110.617 tp: 110.117 failed [Market is closed]
0	00:00:05.164	'270024006': order sell market 0.08 USDJPY sl: 110.617 tp: 110.117
1	00:00:05.430	'270024006': order sell 0.08 USDJPY opening at market sl: 110.617 tp: 110.117 failed [Market is closed]
0	00:00:05.430	'270024006': order sell market 0.08 USDJPY sl: 110.617 tp: 110.117
1	00:00:05.555	'270024006': order sell 0.08 USDJPY opening at market sl: 110.617 tp: 110.117 failed [Market is closed]
0	00:00:05.571	'270024006': order sell market 0.08 USDJPY sl: 110.617 tp: 110.117
1	00:00:05.711	'270024006': order sell 0.08 USDJPY opening at market sl: 110.617 tp: 110.117 failed [Market is closed]
0	00:00:05.774	'270024006': order sell market 0.08 USDJPY sl: 110.617 tp: 110.117
1	00:00:05.899	'270024006': order sell 0.08 USDJPY opening at market sl: 110.617 tp: 110.117 failed [Market is closed]
0	00:00:05.977	'270024006': order sell market 0.08 USDJPY sl: 110.617 tp: 110.117
1	00:00:06.102	'270024006': order sell 0.08 USDJPY opening at market sl: 110.617 tp: 110.117 failed [Market is closed]
0	00:00:06.180	'270024006': order sell market 0.08 USDJPY sl: 110.617 tp: 110.117
1	00:00:06.321	'270024006': order sell 0.08 USDJPY opening at market sl: 110.617 tp: 110.117 failed [Market is closed]
0	00:00:06.383	'270024006': order sell market 0.08 USDJPY sl: 110.617 tp: 110.117
1	00:00:06.508	'270024006': order sell 0.08 USDJPY opening at market sl: 110.617 tp: 110.117 failed [Market is closed]
0	00:00:06.586	'270024006': order sell market 0.08 USDJPY sl: 110.617 tp: 110.117
1	00:00:06.711	'270024006': order sell 0.08 USDJPY opening at market sl: 110.617 tp: 110.117 failed [Market is closed]
0	00:00:06.789	'270024006': order sell market 0.08 USDJPY sl: 110.617 tp: 110.117
1	00:00:06.930	'270024006': order sell 0.08 USDJPY opening at market sl: 110.617 tp: 110.117 failed [Market is closed]
0	00:00:06.993	'270024006': order sell market 0.08 USDJPY sl: 110.617 tp: 110.117
1	00:00:07.133	'270024006': order sell 0.08 USDJPY opening at market sl: 110.617 tp: 110.117 failed [Market is closed]
0	00:00:07.196	'270024006': order sell market 0.08 USDJPY sl: 110.617 tp: 110.117
1	00:00:07.336	'270024006': order sell 0.08 USDJPY opening at market sl: 110.617 tp: 110.117 failed [Market is closed]
0	00:00:07.399	'270024006': order sell market 0.08 USDJPY sl: 110.617 tp: 110.117
1	00:00:07.555	'270024006': order sell 0.08 USDJPY opening at market sl: 110.617 tp: 110.117 failed [Market is closed]
0	00:00:08.071	'270024006': order sell market 0.08 USDJPY sl: 110.603 tp: 110.103
1	00:00:08.243	'270024006': order sell 0.08 USDJPY opening at market sl: 110.603 tp: 110.103 failed [Market is closed]
0	00:00:08.243	'270024006': order sell market 0.08 USDJPY sl: 110.603 tp: 110.103
1	00:00:08.461	'270024006': order sell 0.08 USDJPY opening at market sl: 110.603 tp: 110.103 failed [Market is closed]
0	00:00:08.461	'270024006': order sell market 0.08 USDJPY sl: 110.603 tp: 110.103
0	00:00:08.602	'270024006': order sell market 0.15 USDJPY sl: 0.000 tp: 0.000
1	00:00:08.696	'270024006': order sell 0.08 USDJPY opening at market sl: 110.603 tp: 110.103 failed [Market is closed]
0	00:00:08.696	'270024006': order sell market 0.08 USDJPY sl: 110.619 tp: 110.119
1	00:00:08.789	'270024006': order sell 0.15 USDJPY opening at market sl: 0.000 tp: 0.000 failed [Market is closed]
1	00:00:08.836	'270024006': order sell 0.08 USDJPY opening at market sl: 110.619 tp: 110.119 failed [Market is closed]
0	00:00:08.836	'270024006': order sell market 0.08 USDJPY sl: 110.619 tp: 110.119
1	00:00:08.961	'270024006': order sell 0.08 USDJPY opening at market sl: 110.619 tp: 110.119 failed [Market is closed]
0	00:00:09.024	'270024006': order sell market 0.08 USDJPY sl: 110.619 tp: 110.119
1	00:00:09.164	'270024006': order sell 0.08 USDJPY opening at market sl: 110.619 tp: 110.119 failed [Market is closed]
0	00:00:09.227	'270024006': order sell market 0.08 USDJPY sl: 110.619 tp: 110.119
1	00:00:09.368	'270024006': order sell 0.08 USDJPY opening at market sl: 110.619 tp: 110.119 failed [Market is closed]
0	00:00:09.430	'270024006': order sell market 0.08 USDJPY sl: 110.619 tp: 110.119
1	00:00:09.571	'270024006': order sell 0.08 USDJPY opening at market sl: 110.619 tp: 110.119 failed [Market is closed]
0	00:00:09.633	'270024006': order sell market 0.08 USDJPY sl: 110.619 tp: 110.119
1	00:00:09.789	'270024006': order sell 0.08 USDJPY opening at market sl: 110.619 tp: 110.119 failed [Market is closed]
0	00:00:09.836	'270024006': order sell market 0.08 USDJPY sl: 110.619 tp: 110.119
1	00:00:09.977	'270024006': order sell 0.08 USDJPY opening at market sl: 110.619 tp: 110.119 failed [Market is closed]
0	00:00:10.040	'270024006': order sell market 0.08 USDJPY sl: 110.619 tp: 110.119
1	00:00:10.196	'270024006': order sell 0.08 USDJPY opening at market sl: 110.619 tp: 110.119 failed [Market is closed]
0	00:00:10.243	'270024006': order sell market 0.08 USDJPY sl: 110.619 tp: 110.119
1	00:00:10.399	'270024006': order sell 0.08 USDJPY opening at market sl: 110.619 tp: 110.119 failed [Market is closed]
0	00:00:10.446	'270024006': order sell market 0.08 USDJPY sl: 110.619 tp: 110.119
1	00:00:10.571	'270024006': order sell 0.08 USDJPY opening at market sl: 110.619 tp: 110.119 failed [Market is closed]
0	00:00:10.649	'270024006': order sell market 0.08 USDJPY sl: 110.619 tp: 110.119
1	00:00:10.789	'270024006': order sell 0.08 USDJPY opening at market sl: 110.619 tp: 110.119 failed [Market is closed]
0	00:00:10.852	'270024006': order sell market 0.08 USDJPY sl: 110.619 tp: 110.119
1	00:00:10.993	'270024006': order sell 0.08 USDJPY opening at market sl: 110.619 tp: 110.119 failed [Market is closed]
0	00:00:11.133	'270024006': order sell market 0.08 USDJPY sl: 110.603 tp: 110.103
1	00:00:11.352	'270024006': order sell 0.08 USDJPY opening at market sl: 110.603 tp: 110.103 failed [Market is closed]
0	00:00:11.352	'270024006': order sell market 0.08 USDJPY sl: 110.603 tp: 110.103
1	00:00:11.493	'270024006': order sell 0.08 USDJPY opening at market sl: 110.603 tp: 110.103 failed [Market is closed]
0	00:00:11.493	'270024006': order sell market 0.08 USDJPY sl: 110.603 tp: 110.103
1	00:00:11.618	'270024006': order sell 0.08 USDJPY opening at market sl: 110.603 tp: 110.103 failed [Market is closed]
0	00:00:11.664	'270024006': order sell market 0.08 USDJPY sl: 110.603 tp: 110.103
0	00:00:11.727	'270024006': order sell market 0.15 USDJPY sl: 0.000 tp: 0.000
1	00:00:11.868	'270024006': order sell 0.08 USDJPY opening at market sl: 110.603 tp: 110.103 failed [Market is closed]
1	00:00:11.868	'270024006': order sell 0.15 USDJPY opening at market sl: 0.000 tp: 0.000 failed [Market is closed]
0	00:00:11.868	'270024006': order sell market 0.08 USDJPY sl: 110.619 tp: 110.119
1	00:00:12.008	'270024006': order sell 0.08 USDJPY opening at market sl: 110.619 tp: 110.119 failed [Market is closed]
0	00:00:12.071	'270024006': order sell market 0.08 USDJPY sl: 110.619 tp: 110.119
1	00:00:12.196	'270024006': order sell 0.08 USDJPY opening at market sl: 110.619 tp: 110.119 failed [Market is closed]
0	00:00:12.274	'270024006': order sell market 0.08 USDJPY sl: 110.619 tp: 110.119
1	00:00:12.430	'270024006': order sell 0.08 USDJPY opening at market sl: 110.619 tp: 110.119 failed [Market is closed]
0	00:00:12.477	'270024006': order sell market 0.08 USDJPY sl: 110.619 tp: 110.119
1	00:00:12.633	'270024006': order sell 0.08 USDJPY opening at market sl: 110.619 tp: 110.119 failed [Market is closed]
0	00:00:12.680	'270024006': order sell market 0.08 USDJPY sl: 110.619 tp: 110.119
1	00:00:12.805	'270024006': order sell 0.08 USDJPY opening at market sl: 110.619 tp: 110.119 failed [Market is closed]
0	00:00:12.883	'270024006': order sell market 0.08 USDJPY sl: 110.619 tp: 110.119
1	00:00:13.024	'270024006': order sell 0.08 USDJPY opening at market sl: 110.619 tp: 110.119 failed [Market is closed]
0	00:00:13.086	'270024006': order sell market 0.08 USDJPY sl: 110.619 tp: 110.119
1	00:00:13.227	'270024006': order sell 0.08 USDJPY opening at market sl: 110.619 tp: 110.119 failed [Market is closed]
0	00:00:13.289	'270024006': order sell market 0.08 USDJPY sl: 110.619 tp: 110.119
1	00:00:13.430	'270024006': order sell 0.08 USDJPY opening at market sl: 110.619 tp: 110.119 failed [Market is closed]
0	00:00:13.493	'270024006': order sell market 0.08 USDJPY sl: 110.619 tp: 110.119
1	00:00:13.618	'270024006': order sell 0.08 USDJPY opening at market sl: 110.619 tp: 110.119 failed [Market is closed]
0	00:00:13.696	'270024006': order sell market 0.08 USDJPY sl: 110.619 tp: 110.119
1	00:00:13.852	'270024006': order sell 0.08 USDJPY opening at market sl: 110.619 tp: 110.119 failed [Market is closed]
0	00:00:13.899	'270024006': order sell market 0.08 USDJPY sl: 110.619 tp: 110.119
1	00:00:14.039	'270024006': order sell 0.08 USDJPY opening at market sl: 110.619 tp: 110.119 failed [Market is closed]
0	00:00:14.102	'270024006': order sell market 0.08 USDJPY sl: 110.619 tp: 110.119
1	00:00:14.227	'270024006': order sell 0.08 USDJPY opening at market sl: 110.619 tp: 110.119 failed [Market is closed]
0	00:00:14.305	'270024006': order sell market 0.08 USDJPY sl: 110.619 tp: 110.119
1	00:00:14.430	'270024006': order sell 0.08 USDJPY opening at market sl: 110.619 tp: 110.119 failed [Market is closed]
0	00:00:14.508	'270024006': order sell market 0.08 USDJPY sl: 110.619 tp: 110.119
1	00:00:14.649	'270024006': order sell 0.08 USDJPY opening at market sl: 110.619 tp: 110.119 failed [Market is closed]
0	00:00:14.711	'270024006': order sell market 0.08 USDJPY sl: 110.619 tp: 110.119
1	00:00:14.852	'270024006': order sell 0.08 USDJPY opening at market sl: 110.619 tp: 110.119 failed [Market is closed]
0	00:00:14.914	'270024006': order sell market 0.08 USDJPY sl: 110.619 tp: 110.119
1	00:00:15.055	'270024006': order sell 0.08 USDJPY opening at market sl: 110.619 tp: 110.119 failed [Market is closed]
0	00:00:15.117	'270024006': order sell market 0.08 USDJPY sl: 110.619 tp: 110.119
1	00:00:15.242	'270024006': order sell 0.08 USDJPY opening at market sl: 110.619 tp: 110.119 failed [Market is closed]
0	00:00:15.321	'270024006': order sell market 0.08 USDJPY sl: 110.619 tp: 110.119
1	00:00:15.461	'270024006': order sell 0.08 USDJPY opening at market sl: 110.619 tp: 110.119 failed [Market is closed]
0	00:00:15.524	'270024006': order sell market 0.08 USDJPY sl: 110.619 tp: 110.119
1	00:00:15.680	'270024006': order sell 0.08 USDJPY opening at market sl: 110.619 tp: 110.119 failed [Market is closed]
0	00:00:15.727	'270024006': order sell market 0.08 USDJPY sl: 110.619 tp: 110.119
1	00:00:15.868	'270024006': order sell 0.08 USDJPY opening at market sl: 110.619 tp: 110.119 failed [Market is closed]
0	00:00:15.930	'270024006': order sell market 0.08 USDJPY sl: 110.619 tp: 110.119
1	00:00:16.055	'270024006': order sell 0.08 USDJPY opening at market sl: 110.619 tp: 110.119 failed [Market is closed]
0	00:00:16.133	'270024006': order sell market 0.08 USDJPY sl: 110.619 tp: 110.119
1	00:00:16.258	'270024006': order sell 0.08 USDJPY opening at market sl: 110.619 tp: 110.119 failed [Market is closed]
0	00:00:16.336	'270024006': order sell market 0.08 USDJPY sl: 110.619 tp: 110.119
1	00:00:16.477	'270024006': order sell 0.08 USDJPY opening at market sl: 110.619 tp: 110.119 failed [Market is closed]
0	00:00:16.539	'270024006': order sell market 0.08 USDJPY sl: 110.619 tp: 110.119
1	00:00:16.665	'270024006': order sell 0.08 USDJPY opening at market sl: 110.619 tp: 110.119 failed [Market is closed]
0	00:00:16.743	'270024006': order sell market 0.08 USDJPY sl: 110.619 tp: 110.119
1	00:00:16.883	'270024006': order sell 0.08 USDJPY opening at market sl: 110.619 tp: 110.119 failed [Market is closed]
0	00:00:16.946	'270024006': order sell market 0.08 USDJPY sl: 110.619 tp: 110.119
1	00:00:17.102	'270024006': order sell 0.08 USDJPY opening at market sl: 110.619 tp: 110.119 failed [Market is closed]
0	00:00:17.149	'270024006': order sell market 0.08 USDJPY sl: 110.619 tp: 110.119
1	00:00:17.305	'270024006': order sell 0.08 USDJPY opening at market sl: 110.619 tp: 110.119 failed [Market is closed]
0	00:00:17.352	'270024006': order sell market 0.08 USDJPY sl: 110.619 tp: 110.119
1	00:00:17.492	'270024006': order sell 0.08 USDJPY opening at market sl: 110.619 tp: 110.119 failed [Market is closed]
0	00:00:17.555	'270024006': order sell market 0.08 USDJPY sl: 110.619 tp: 110.119
1	00:00:17.680	'270024006': order sell 0.08 USDJPY opening at market sl: 110.619 tp: 110.119 failed [Market is closed]
0	00:00:17.758	'270024006': order sell market 0.08 USDJPY sl: 110.619 tp: 110.119
1	00:00:17.899	'270024006': order sell 0.08 USDJPY opening at market sl: 110.619 tp: 110.119 failed [Market is closed]
0	00:00:17.961	'270024006': order sell market 0.08 USDJPY sl: 110.619 tp: 110.119
1	00:00:18.102	'270024006': order sell 0.08 USDJPY opening at market sl: 110.619 tp: 110.119 failed [Market is closed]
0	00:00:18.164	'270024006': order sell market 0.08 USDJPY sl: 110.619 tp: 110.119
1	00:00:18.321	'270024006': order sell 0.08 USDJPY opening at market sl: 110.619 tp: 110.119 failed [Market is closed]
0	00:00:18.368	'270024006': order sell market 0.08 USDJPY sl: 110.619 tp: 110.119
1	00:00:18.508	'270024006': order sell 0.08 USDJPY opening at market sl: 110.619 tp: 110.119 failed [Market is closed]
0	00:00:18.571	'270024006': order sell market 0.08 USDJPY sl: 110.619 tp: 110.119
1	00:00:18.696	'270024006': order sell 0.08 USDJPY opening at market sl: 110.619 tp: 110.119 failed [Market is closed]
0	00:00:18.774	'270024006': order sell market 0.08 USDJPY sl: 110.619 tp: 110.119
1	00:00:18.914	'270024006': order sell 0.08 USDJPY opening at market sl: 110.619 tp: 110.119 failed [Market is closed]
0	00:00:18.977	'270024006': order sell market 0.08 USDJPY sl: 110.619 tp: 110.119
1	00:00:19.102	'270024006': order sell 0.08 USDJPY opening at market sl: 110.619 tp: 110.119 failed [Market is closed]
0	00:00:19.180	'270024006': order sell market 0.08 USDJPY sl: 110.619 tp: 110.119
1	00:00:19.305	'270024006': order sell 0.08 USDJPY opening at market sl: 110.619 tp: 110.119 failed [Market is closed]
0	00:00:19.383	'270024006': order sell market 0.08 USDJPY sl: 110.619 tp: 110.119
1	00:00:19.524	'270024006': order sell 0.08 USDJPY opening at market sl: 110.619 tp: 110.119 failed [Market is closed]
0	00:05:43.133	'270024006': order sell market 0.04 EURUSD sl: 1.17799 tp: 1.17282
0	00:05:43.336	'270024006': order was opened : #16255114 sell 0.04 EURUSD at 1.17601 sl: 1.17799 tp: 1.17282
0	00:06:28.243	'270024006': order #16255114 sell 0.04 EURUSD at 1.17601 closed due stop-loss at price 1.17894
1	01:10:08.602	MQL5.community: authorization failed
0	01:10:47.836	'270024006': login on ICMarketsSC-Live27 through DC_LD_L27 (ping: 145.76 ms)
0	01:10:49.008	'270024006': login datacenter on ICMarketsSC-Live27 through DC_LD_L27 (ping: 145.76 ms)
0	01:10:49.664	'270024006': previous successful authorization performed from 37.99.83.100
1	01:10:49.868	MQL5.community: authorization failed
0	01:11:19.289	'270024006': auto connecting to a better access point NY DC 2 (ping is 3.10 ms)
0	01:11:19.711	'270024006': login on ICMarketsSC-Live27 through NY DC 2 (ping: 3.10 ms)
0	01:11:20.055	'270024006': login datacenter on ICMarketsSC-Live27 through NY DC 2 (ping: 3.10 ms)
0	01:11:20.430	'270024006': previous successful authorization performed from 195.149.87.163
0	08:28:57.866	'270024006': order #16366701 buy 0.05 EURUSD at 1.17581 closed due take-profit at price 1.17647
0	18:00:29.381	'270024006': order #16487846 sell stop 0.58 EURUSD at 1.17434 activated at price 1.17433
0	18:00:29.381	'270024006': order #16488441 sell stop 0.58 EURUSD at 1.17434 activated at price 1.17433
0	18:01:44.053	'270024006': order #16488441 sell 0.58 EURUSD at 1.17433 closed due stop-loss at price 1.17411
0	18:01:44.209	'270024006': order #16487846 sell 0.58 EURUSD at 1.17433 closed due stop-loss at price 1.17411
0	20:43:34.350	System to be shutdown, request for close MetaTrader 4
0	20:43:34.553	MetaTrader 4 build 1340 stopped because system shutdown
0	20:44:11.248	MetaTrader 4 build 1340 started (MetaQuotes Software Corp.)
0	20:44:11.263	Windows Server 2012 R2 Standard x64, IE 11, UAC, 2 x Intel Xeon  E5-2680 v2 @ 2.80GHz, Memory: 3475 / 4095 Mb, Disk: 36 / 48 Gb, GMT+2
0	20:44:11.263	Data Folder: C:\Program Files (x86)\MetaTrader 4 IC Markets-NY_Closer
0	20:44:13.748	'270024006': login on ICMarketsSC-Live27 through NY DC 2 (ping: 3.10 ms)
0	20:44:14.186	'270024006': login datacenter on ICMarketsSC-Live27 through NY DC 2 (ping: 3.10 ms)
0	20:44:14.498	'270024006': previous successful authorization performed from 67.209.132.241
0	20:44:24.154	'270024006': ping to current access point NY DC 2 is 2.79 ms
1	20:49:54.467	'270024006': ping failed
1	20:49:54.482	'270024006': datacenter connecting failed [6]
0	20:49:54.935	'270024006': login on ICMarketsSC-Live27 through NY DC 1 (ping: 2.67 ms)
0	20:49:55.092	'270024006': login datacenter on ICMarketsSC-Live27 through NY DC 1 (ping: 2.67 ms)
0	20:49:55.295	'270024006': previous successful authorization performed from 195.149.87.163
0	20:51:19.404	System to be shutdown, request for close MetaTrader 4
0	20:51:19.576	MetaTrader 4 build 1340 stopped because system shutdown
0	20:53:02.461	MetaTrader 4 build 1340 started (MetaQuotes Software Corp.)
0	20:53:02.461	Windows Server 2012 R2 Standard x64, IE 11, UAC, 2 x Intel Xeon  E5-2680 v2 @ 2.80GHz, Memory: 3402 / 4095 Mb, Disk: 36 / 48 Gb, GMT+2
0	20:53:02.461	Data Folder: C:\Program Files (x86)\MetaTrader 4 IC Markets-NY_Closer
2	20:53:05.414	Expert NY Close Scalper v3.1 EURUSD,M5: loaded successfully
2	20:53:05.539	Expert NY Close Scalper v3.1 GBPUSD,M5: loaded successfully
2	20:53:05.649	Expert NY Close Scalper v3.1 USDCAD,M5: loaded successfully
2	20:53:05.773	Expert NY Close Scalper v3.1 USDJPY,M5: loaded successfully
2	20:53:05.883	Expert NY Close Scalper v3.1 EURAUD,M5: loaded successfully
2	20:53:05.992	Expert NY Close Scalper v3.1 EURCAD,M5: loaded successfully
2	20:53:06.055	Expert Hunter nighty USDJPY,M15: loaded successfully
2	20:53:06.148	Expert FX NightScalper_JD USDJPY,M15: loaded successfully
0	20:53:07.164	'270024006': login on ICMarketsSC-Live27 through NY DC 1 (ping: 2.67 ms)
0	20:53:07.305	'270024006': login datacenter on ICMarketsSC-Live27 through NY DC 1 (ping: 2.67 ms)
0	20:53:07.602	'270024006': previous successful authorization performed from 195.149.87.163
0	23:00:01.289	'270024006': order sell market 0.08 USDJPY sl: 110.630 tp: 110.130
0	23:00:01.398	'270024006': order buy market 0.04 GBPUSD sl: 1.38159 tp: 1.38818
0	23:00:01.570	'270024006': order sell market 0.15 USDJPY sl: 0.000 tp: 0.000
0	23:00:01.570	'270024006': order sell market 0.04 USDJPY sl: 110.557 tp: 109.978
0	23:00:01.836	'270024006': order was opened : #16680938 sell 0.08 USDJPY at 110.330 sl: 110.630 tp: 110.130
0	23:00:01.836	'270024006': order was opened : #16680945 buy 0.04 GBPUSD at 1.38469 sl: 1.38159 tp: 1.38818
0	23:00:02.759	'270024006': order was opened : #16681194 sell 0.04 USDJPY at 110.331 sl: 110.557 tp: 109.978
0	23:00:03.086	'270024006': order was opened : #16681289 sell 0.15 USDJPY at 110.331 sl: 0.000 tp: 0.000
0	23:00:03.086	'270024006': modify order #16681289 sell 0.15 USDJPY at 110.331 sl: 0.000 tp: 0.000 -> sl: 110.628 tp: 110.228
0	23:00:05.336	'270024006': order #16681289 sell 0.15 USDJPY at 110.331 was modified -> sl: 110.628 tp: 110.228
0	23:13:47.820	'270024006': order sell market 0.08 EURAUD sl: 1.60424 tp: 1.59924
0	23:13:48.008	'270024006': order was opened : #16691289 sell 0.08 EURAUD at 1.60124 sl: 1.60424 tp: 1.59924
0	23:57:49.102	'270024006': order sell market 0.08 USDCHF sl: 0.92372 tp: 0.91872
0	23:57:49.320	'270024006': order was opened : #16697477 sell 0.08 USDCHF at 0.92072 sl: 0.92372 tp: 0.91872
