0	00:04:22.958	'270024006': order sell market 0.04 EURUSD sl: 1.17959 tp: 1.17442
0	00:04:23.223	'270024006': order was opened : #18547941 sell 0.04 EURUSD at 1.17789 sl: 1.17959 tp: 1.17442
0	00:08:28.067	'270024006': close order #18547941 sell 0.04 EURUSD at 1.17789 sl: 1.17959 tp: 1.17442 at price 0.00000
0	00:08:29.692	'270024006': order #18547941 sell 0.04 EURUSD at 1.17789 sl: 1.17959 tp: 1.17442 closed at price 1.17752
0	00:08:29.880	'270024006': order buy market 0.04 EURUSD sl: 1.17575 tp: 1.18091
0	00:08:31.020	'270024006': order was opened : #18549387 buy 0.04 EURUSD at 1.17757 sl: 1.17575 tp: 1.18091
0	00:40:57.239	'270024006': close order #18549387 buy 0.04 EURUSD at 1.17757 sl: 1.17575 tp: 1.18091 at price 0.00000
0	00:40:58.473	'270024006': order #18549387 buy 0.04 EURUSD at 1.17757 sl: 1.17575 tp: 1.18091 closed at price 1.17783
0	01:00:01.632	'270024006': close order #18538793 sell 0.04 USDJPY at 109.263 sl: 109.489 tp: 108.912 at price 0.000
0	01:00:01.911	'270024006': order #18538793 sell 0.04 USDJPY at 109.263 sl: 109.489 tp: 108.912 closed at price 109.273
0	01:44:22.067	'270024006': close order #18544688 sell 0.16 USDJPY at 109.271 sl: 109.571 tp: 109.171 at price 0.000
0	01:44:22.161	'270024006': close order #18544689 sell 0.09 USDJPY at 109.271 sl: 109.571 tp: 109.071 at price 0.000
0	01:44:22.583	'270024006': order #18544688 sell 0.16 USDJPY at 109.271 sl: 109.571 tp: 109.171 closed at price 109.240
0	01:44:22.598	'270024006': order #18544689 sell 0.09 USDJPY at 109.271 sl: 109.571 tp: 109.071 closed at price 109.240
0	02:05:38.614	'270024006': close order #18538450 sell 0.09 USDCHF at 0.91244 sl: 0.91544 tp: 0.91044 at price 0.00000
0	02:05:38.880	'270024006': order #18538450 sell 0.09 USDCHF at 0.91244 sl: 0.91544 tp: 0.91044 closed at price 0.91227
0	02:20:11.239	'270024006': close order #18544657 sell 0.04 GBPUSD at 1.38400 sl: 1.38729 tp: 1.38069 at price 0.00000
0	02:20:11.473	'270024006': order #18544657 sell 0.04 GBPUSD at 1.38400 sl: 1.38729 tp: 1.38069 closed at price 1.38418
0	10:13:35.505	'270024006': order #18618930 sell 0.06 USDJPY at 109.302 closed due take-profit at price 109.151
0	15:56:08.301	'270024006': order #18256889 buy 0.05 USDJPY at 109.360 closed due take-profit at price 109.557
0	23:56:37.989	'270024006': order buy market 0.09 EURAUD sl: 1.61078 tp: 1.61578
0	23:56:38.223	'270024006': order was opened : #18997517 buy 0.09 EURAUD at 1.61372 sl: 1.61078 tp: 1.61578
