0	00:15:54.082	'270024006': close order #10731543 sell 0.04 EURUSD at 1.18002 sl: 1.18167 tp: 1.17653 at price 0.00000
0	00:15:54.582	'270024006': order #10731543 sell 0.04 EURUSD at 1.18002 sl: 1.18167 tp: 1.17653 closed at price 1.17981
0	00:58:27.832	'270024006': order buy market 0.04 EURUSD sl: 1.17797 tp: 1.18311
0	00:58:28.144	'270024006': order was opened : #10738356 buy 0.04 EURUSD at 1.17980 sl: 1.17797 tp: 1.18311
0	00:59:48.269	'270024006': close order #10738356 buy 0.04 EURUSD at 1.17980 sl: 1.17797 tp: 1.18311 at price 0.00000
0	00:59:48.613	'270024006': order #10738356 buy 0.04 EURUSD at 1.17980 sl: 1.17797 tp: 1.18311 closed at price 1.17966
0	01:00:04.582	'270024006': close order #10734217 sell 0.04 GBPUSD at 1.36756 sl: 1.37083 tp: 1.36406 at price 0.00000
0	01:00:04.785	'270024006': order #10734217 sell 0.04 GBPUSD at 1.36756 sl: 1.37083 tp: 1.36406 closed at price 1.36737
0	01:37:12.488	'270024006': close order #10721481 buy 0.03 EURCAD at 1.50390 sl: 1.50086 tp: 1.50586 at price 0.00000
0	01:37:12.675	'270024006': order #10721481 buy 0.03 EURCAD at 1.50390 sl: 1.50086 tp: 1.50586 closed at price 1.50429
0	03:12:45.722	'270024006': close order #10729399 buy 0.03 EURAUD at 1.60733 sl: 1.60437 tp: 1.60937 at price 0.00000
0	03:12:45.926	'270024006': order #10729399 buy 0.03 EURAUD at 1.60733 sl: 1.60437 tp: 1.60937 closed at price 1.60713
0	13:23:49.877	'270024006': order #10777953 sell 0.05 USDJPY at 109.554 closed due take-profit at price 109.349
0	16:14:42.704	'270024006': order #10915605 sell stop 0.56 EURUSD at 1.17648 activated at price 1.17647
0	16:14:42.767	'270024006': order #10915704 sell stop 0.56 EURUSD at 1.17648 activated at price 1.17647
0	16:15:06.017	'270024006': order #10915605 sell 0.56 EURUSD at 1.17647 closed due stop-loss at price 1.17616
0	16:15:06.079	'270024006': order #10915704 sell 0.56 EURUSD at 1.17647 closed due stop-loss at price 1.17616
0	22:59:59.189	'270024006': order buy market 0.03 AUDCAD sl: 0.92640 tp: 0.93140
0	22:59:59.626	'270024006': order was opened : #11146859 buy 0.03 AUDCAD at 0.92940 sl: 0.92640 tp: 0.93140
0	23:01:32.032	'270024006': order sell market 0.04 GBPUSD sl: 1.36621 tp: 1.35968
0	23:01:32.287	'270024006': order was opened : #11151344 sell 0.04 GBPUSD at 1.36318 sl: 1.36621 tp: 1.35968
0	23:35:54.628	'270024006': close order #11151344 sell 0.04 GBPUSD at 1.36318 sl: 1.36621 tp: 1.35968 at price 0.00000
0	23:35:54.829	'270024006': order #11151344 sell 0.04 GBPUSD at 1.36318 sl: 1.36621 tp: 1.35968 closed at price 1.36261
