1	00:32:46.749	'270024006': connect failed [Нет связи]
0	00:33:13.389	'270024006': login on ICMarketsSC-Live27 through NY DC 1 (ping: 24.37 ms)
0	00:33:15.514	'270024006': login datacenter on ICMarketsSC-Live27 through NY DC 1 (ping: 24.37 ms)
0	00:33:15.749	'270024006': previous successful authorization performed from 213.109.221.254
0	00:33:23.374	'270024006': ping to current access point NY DC 1 is 1.87 ms
0	03:13:40.780	'270024006': login on ICMarketsSC-Live27 through NY DC 2 (ping: 2.54 ms)
0	03:13:41.139	'270024006': login datacenter on ICMarketsSC-Live27 through NY DC 2 (ping: 2.54 ms)
0	03:13:41.546	'270024006': previous successful authorization performed from 213.109.221.254
0	03:13:50.796	'270024006': auto connecting to a better access point NY DC 1 (ping is 1.85 ms)
0	03:13:51.343	'270024006': login on ICMarketsSC-Live27 through NY DC 1 (ping: 1.85 ms)
0	03:13:51.467	'270024006': login datacenter on ICMarketsSC-Live27 through NY DC 1 (ping: 1.85 ms)
0	03:13:51.717	'270024006': previous successful authorization performed from 195.149.87.163
0	12:00:01.765	System to be shutdown, request for close IC Markets (SC) MT4
0	12:00:02.124	IC Markets (SC) MT4 build 1335 stopped because system shutdown
0	12:00:46.099	MetaTrader 4 build 1335 started (MetaQuotes Software Corp.)
0	12:00:46.099	Windows Server 2012 R2 Standard x64, IE 11, UAC, 2 x Intel Xeon  E5-2680 v2 @ 2.80GHz, Memory: 3469 / 4095 Mb, Disk: 36 / 48 Gb, GMT+2
0	12:00:46.099	Data Folder: C:\Program Files (x86)\MetaTrader 4 IC Markets-NY_Closer
0	12:00:49.507	'270024006': login on ICMarketsSC-Live27 through NY DC 1 (ping: 1.85 ms)
0	12:00:49.615	'270024006': login datacenter on ICMarketsSC-Live27 through NY DC 1 (ping: 1.85 ms)
0	12:00:49.849	'270024006': previous successful authorization performed from 213.109.221.254
0	12:00:53.146	'270024006': ping to current access point NY DC 1 is 2.00 ms
0	12:00:53.396	MetaTrader 4 build 1335 stopped
0	12:00:51.787	LiveUpdate: updater - started for portable 'C:\Program Files (x86)\MetaTrader 4 IC Markets-NY_Closer'
0	12:00:51.787	LiveUpdate: updater - try to close terminal
0	12:00:54.553	LiveUpdate: updater - files update started
0	12:00:54.568	LiveUpdate: copied from 'C:\Users\Administrator\AppData\Roaming\MetaQuotes\WebInstall\mt4clw\metaeditor.exe' to 'C:\Program Files (x86)\MetaTrader 4 IC Markets-NY_Closer\metaeditor.exe'
0	12:00:54.584	LiveUpdate: copied from 'C:\Users\Administrator\AppData\Roaming\MetaQuotes\WebInstall\mt4clw\terminal.exe' to 'C:\Program Files (x86)\MetaTrader 4 IC Markets-NY_Closer\terminal.exe'
0	12:00:54.584	LiveUpdate: updater - files update finished
0	12:00:54.584	LiveUpdate: updater - clean obsolete data
0	12:00:54.584	LiveUpdate: updater - start terminal
0	12:00:54.662	LiveUpdate: updater - finished for portable 'C:\Program Files (x86)\MetaTrader 4 IC Markets-NY_Closer'
0	12:01:00.037	LiveUpdate: update C:\Program Files (x86)\MetaTrader 4 IC Markets-NY_Closer\MQL4 folder started
0	12:01:00.162	LiveUpdate: update C:\Program Files (x86)\MetaTrader 4 IC Markets-NY_Closer\MQL4 folder finished
0	12:01:00.474	MetaTrader 4 build 1340 started (MetaQuotes Software Corp.)
0	12:01:00.474	Windows Server 2012 R2 Standard x64, IE 11, UAC, 2 x Intel Xeon  E5-2680 v2 @ 2.80GHz, Memory: 3295 / 4095 Mb, Disk: 36 / 48 Gb, GMT+2
0	12:01:00.474	Data Folder: C:\Program Files (x86)\MetaTrader 4 IC Markets-NY_Closer
0	12:01:00.974	Sources recompilation started
0	12:01:41.318	Sources recompilation finished (28 compiled in 40344 msec)
0	12:01:48.490	'270024006': login on ICMarketsSC-Live27 through NY DC 1 (ping: 2.00 ms)
0	12:01:48.599	'270024006': login datacenter on ICMarketsSC-Live27 through NY DC 1 (ping: 2.00 ms)
0	12:01:48.881	'270024006': previous successful authorization performed from 195.149.87.163
1	18:51:48.724	'270024006': connect failed [Нет связи]
0	18:52:30.459	'270024006': login on ICMarketsSC-Live27 through DC_Frank_L27 (ping: 176.16 ms)
0	18:53:37.006	'270024006': login on ICMarketsSC-Live27 through DC_BS_L27 (ping: 235.62 ms)
0	18:54:43.412	'270024006': login on ICMarketsSC-Live27 through DC_JE_L27 (ping: 337.74 ms)
0	18:55:49.959	'270024006': login on ICMarketsSC-Live27 through DC_Syd_L27 (ping: 416.91 ms)
0	18:55:54.459	'270024006': login datacenter on ICMarketsSC-Live27 through DC_Syd_L27 (ping: 416.91 ms)
0	18:55:55.380	'270024006': previous successful authorization performed from 195.149.87.163
0	18:56:09.427	'270024006': auto connecting to a better access point NY DC 2 (ping is 14.31 ms)
0	18:56:09.787	'270024006': login on ICMarketsSC-Live27 through NY DC 2 (ping: 14.31 ms)
0	18:56:10.021	'270024006': login datacenter on ICMarketsSC-Live27 through NY DC 2 (ping: 14.31 ms)
0	18:56:10.349	'270024006': previous successful authorization performed from 195.149.87.163
1	19:55:40.005	'270024006': connect failed [Нет связи]
0	19:56:17.130	'270024006': login on ICMarketsSC-Live27 through DC_EUS_L27 (ping: 93.95 ms)
0	19:57:21.459	'270024006': login on ICMarketsSC-Live27 through DC_EUS_L27 (ping: 93.95 ms)
0	19:57:29.396	'270024006': login datacenter on ICMarketsSC-Live27 through DC_EUS_L27 (ping: 93.95 ms)
0	19:57:29.740	'270024006': previous successful authorization performed from 195.149.87.163
0	19:57:51.287	'270024006': auto connecting to a better access point DC_Vir_L27 (ping is 15.39 ms)
0	19:57:51.615	'270024006': login on ICMarketsSC-Live27 through DC_Vir_L27 (ping: 15.39 ms)
0	19:57:52.006	'270024006': login datacenter on ICMarketsSC-Live27 through DC_Vir_L27 (ping: 15.39 ms)
0	19:57:52.318	'270024006': previous successful authorization performed from 195.149.87.163
