0	00:40:46.764	'270024006': close order #26617598 buy 0.10 AUDCAD at 0.91725 sl: 0.91419 tp: 0.91919 at price 0.00000
0	00:40:47.073	'270024006': order #26617598 buy 0.10 AUDCAD at 0.91725 sl: 0.91419 tp: 0.91919 closed at price 0.91748
0	00:53:32.010	'270024006': order sell market 0.06 EURUSD sl: 1.15717 tp: 1.15206
0	00:53:32.542	'270024006': order was opened : #26636880 sell 0.06 EURUSD at 1.15554 sl: 1.15717 tp: 1.15206
0	01:00:11.558	'270024006': close order #26617673 buy 0.06 GBPUSD at 1.35937 sl: 1.35565 tp: 1.36216 at price 0.00000
0	01:00:11.885	'270024006': order #26617673 buy 0.06 GBPUSD at 1.35937 sl: 1.35565 tp: 1.36216 closed at price 1.35962
0	01:00:12.807	'270024006': close order #26629764 buy 0.06 USDJPY at 113.315 sl: 113.080 tp: 113.665 at price 0.000
0	01:00:13.167	'270024006': order #26629764 buy 0.06 USDJPY at 113.315 sl: 113.080 tp: 113.665 closed at price 113.323
0	01:00:20.292	'270024006': close order #26629863 buy 0.11 USDJPY at 113.297 sl: 112.996 tp: 113.396 at price 0.000
0	01:00:20.370	'270024006': close order #26629864 buy 0.10 USDJPY at 113.297 sl: 112.996 tp: 113.496 at price 0.000
0	01:00:20.823	'270024006': order #26629863 buy 0.11 USDJPY at 113.297 sl: 112.996 tp: 113.396 closed at price 113.334
0	01:00:20.838	'270024006': order #26629864 buy 0.10 USDJPY at 113.297 sl: 112.996 tp: 113.496 closed at price 113.334
0	01:02:56.057	'270024006': close order #26636880 sell 0.06 EURUSD at 1.15554 sl: 1.15717 tp: 1.15206 at price 0.00000
0	01:02:56.245	'270024006': order #26636880 sell 0.06 EURUSD at 1.15554 sl: 1.15717 tp: 1.15206 closed at price 1.15533
0	02:30:50.682	'270024006': close order #26618935 sell 0.10 USDCHF at 0.92794 sl: 0.93093 tp: 0.92593 at price 0.00000
0	02:30:50.979	'270024006': order #26618935 sell 0.10 USDCHF at 0.92794 sl: 0.93093 tp: 0.92593 closed at price 0.92768
0	15:28:00.929	'270024006': order #26714592 sell stop 0.44 EURUSD at 1.15481 activated at price 1.15480
0	15:28:00.992	'270024006': order #26714744 sell stop 0.44 EURUSD at 1.15481 activated at price 1.15480
0	15:28:22.835	'270024006': order #26707669 sell stop 0.36 EURUSD at 1.15471 activated at price 1.15467
0	15:29:14.085	'270024006': order #26714592 sell 0.44 EURUSD at 1.15480 closed due stop-loss at price 1.15453
0	15:29:14.085	'270024006': order #26714744 sell 0.44 EURUSD at 1.15480 closed due stop-loss at price 1.15453
0	15:34:42.367	'270024006': order #26719668 sell stop 0.35 EURUSD at 1.15415 activated at price 1.15413
0	16:02:54.585	'270024006': order #26687816 sell 0.04 EURUSD at 1.15624 closed due stop-loss at price 1.15423
0	23:30:02.642	'270024006': order buy market 0.06 GBPUSD sl: 1.35585 tp: 1.36236
0	23:30:03.390	'270024006': order was opened : #26800721 buy 0.06 GBPUSD at 1.35886 sl: 1.35585 tp: 1.36236
