0	00:00:01.487	'270024006': order buy market 0.06 USDJPY sl: 110.651 tp: 111.258
0	00:00:01.533	'270024006': order buy market 0.14 USDJPY sl: 0.000 tp: 0.000
0	00:00:01.674	'270024006': order buy market 0.10 USDJPY sl: 110.608 tp: 111.108
1	00:00:02.987	'270024006': order buy 0.14 USDJPY opening at market sl: 0.000 tp: 0.000 failed [Market is closed]
1	00:00:02.987	'270024006': order buy 0.10 USDJPY opening at market sl: 110.608 tp: 111.108 failed [Market is closed]
0	00:00:02.987	'270024006': order buy market 0.10 USDJPY sl: 110.608 tp: 111.108
1	00:00:02.987	'270024006': order buy 0.06 USDJPY opening at market sl: 110.651 tp: 111.258 failed [Market is closed]
1	00:00:03.190	'270024006': order buy 0.10 USDJPY opening at market sl: 110.608 tp: 111.108 failed [Market is closed]
0	00:00:03.190	'270024006': order buy market 0.10 USDJPY sl: 110.608 tp: 111.108
1	00:00:03.393	'270024006': order buy 0.10 USDJPY opening at market sl: 110.608 tp: 111.108 failed [Market is closed]
0	00:00:03.393	'270024006': order buy market 0.10 USDJPY sl: 110.608 tp: 111.108
1	00:00:03.580	'270024006': order buy 0.10 USDJPY opening at market sl: 110.608 tp: 111.108 failed [Market is closed]
0	00:00:03.580	'270024006': order buy market 0.10 USDJPY sl: 110.608 tp: 111.108
1	00:00:03.846	'270024006': order buy 0.10 USDJPY opening at market sl: 110.608 tp: 111.108 failed [Market is closed]
0	00:00:03.846	'270024006': order buy market 0.10 USDJPY sl: 110.608 tp: 111.108
1	00:00:04.033	'270024006': order buy 0.10 USDJPY opening at market sl: 110.608 tp: 111.108 failed [Market is closed]
0	00:00:04.033	'270024006': order buy market 0.10 USDJPY sl: 110.608 tp: 111.108
1	00:00:04.237	'270024006': order buy 0.10 USDJPY opening at market sl: 110.608 tp: 111.108 failed [Market is closed]
0	00:00:04.237	'270024006': order buy market 0.10 USDJPY sl: 110.608 tp: 111.108
1	00:00:04.440	'270024006': order buy 0.10 USDJPY opening at market sl: 110.608 tp: 111.108 failed [Market is closed]
0	00:00:04.440	'270024006': order buy market 0.10 USDJPY sl: 110.608 tp: 111.108
1	00:00:04.612	'270024006': order buy 0.10 USDJPY opening at market sl: 110.608 tp: 111.108 failed [Market is closed]
0	00:00:04.612	'270024006': order buy market 0.10 USDJPY sl: 110.608 tp: 111.108
1	00:00:04.815	'270024006': order buy 0.10 USDJPY opening at market sl: 110.608 tp: 111.108 failed [Market is closed]
0	00:00:04.815	'270024006': order buy market 0.10 USDJPY sl: 110.608 tp: 111.108
1	00:00:05.018	'270024006': order buy 0.10 USDJPY opening at market sl: 110.608 tp: 111.108 failed [Market is closed]
0	00:00:05.018	'270024006': order buy market 0.10 USDJPY sl: 110.608 tp: 111.108
1	00:00:05.221	'270024006': order buy 0.10 USDJPY opening at market sl: 110.608 tp: 111.108 failed [Market is closed]
0	00:00:05.221	'270024006': order buy market 0.10 USDJPY sl: 110.608 tp: 111.108
1	00:00:05.424	'270024006': order buy 0.10 USDJPY opening at market sl: 110.608 tp: 111.108 failed [Market is closed]
0	00:00:05.424	'270024006': order buy market 0.10 USDJPY sl: 110.608 tp: 111.108
1	00:00:05.643	'270024006': order buy 0.10 USDJPY opening at market sl: 110.608 tp: 111.108 failed [Market is closed]
0	00:00:05.643	'270024006': order buy market 0.10 USDJPY sl: 110.608 tp: 111.108
1	00:00:05.830	'270024006': order buy 0.10 USDJPY opening at market sl: 110.608 tp: 111.108 failed [Market is closed]
0	00:00:05.830	'270024006': order buy market 0.10 USDJPY sl: 110.608 tp: 111.108
1	00:00:06.174	'270024006': order buy 0.10 USDJPY opening at market sl: 110.608 tp: 111.108 failed [Market is closed]
0	00:00:06.174	'270024006': order buy market 0.10 USDJPY sl: 110.608 tp: 111.108
1	00:00:06.424	'270024006': order buy 0.10 USDJPY opening at market sl: 110.608 tp: 111.108 failed [Market is closed]
0	00:00:06.424	'270024006': order buy market 0.10 USDJPY sl: 110.608 tp: 111.108
1	00:00:06.768	'270024006': order buy 0.10 USDJPY opening at market sl: 110.608 tp: 111.108 failed [Market is closed]
0	00:00:06.768	'270024006': order buy market 0.10 USDJPY sl: 110.608 tp: 111.108
1	00:00:07.002	'270024006': order buy 0.10 USDJPY opening at market sl: 110.608 tp: 111.108 failed [Market is closed]
0	00:00:07.002	'270024006': order buy market 0.10 USDJPY sl: 110.608 tp: 111.108
1	00:00:07.253	'270024006': order buy 0.10 USDJPY opening at market sl: 110.608 tp: 111.108 failed [Market is closed]
0	00:00:07.253	'270024006': order buy market 0.10 USDJPY sl: 110.608 tp: 111.108
0	00:00:07.471	'270024006': order sell market 0.06 EURUSD sl: 1.16158 tp: 1.15644
1	00:00:07.580	'270024006': order buy 0.10 USDJPY opening at market sl: 110.608 tp: 111.108 failed [Market is closed]
0	00:00:07.596	'270024006': order buy market 0.10 USDJPY sl: 110.608 tp: 111.108
1	00:00:07.721	'270024006': order sell 0.06 EURUSD opening at market sl: 1.16158 tp: 1.15644 failed [Market is closed]
1	00:00:07.830	'270024006': order buy 0.10 USDJPY opening at market sl: 110.608 tp: 111.108 failed [Market is closed]
0	00:00:07.830	'270024006': order buy market 0.10 USDJPY sl: 110.608 tp: 111.108
1	00:00:08.080	'270024006': order buy 0.10 USDJPY opening at market sl: 110.608 tp: 111.108 failed [Market is closed]
0	00:00:08.080	'270024006': order buy market 0.10 USDJPY sl: 110.608 tp: 111.108
1	00:00:08.330	'270024006': order buy 0.10 USDJPY opening at market sl: 110.608 tp: 111.108 failed [Market is closed]
0	00:00:08.330	'270024006': order buy market 0.10 USDJPY sl: 110.608 tp: 111.108
1	00:00:08.502	'270024006': order buy 0.10 USDJPY opening at market sl: 110.608 tp: 111.108 failed [Market is closed]
0	00:00:08.502	'270024006': order buy market 0.10 USDJPY sl: 110.608 tp: 111.108
1	00:00:08.643	'270024006': order buy 0.10 USDJPY opening at market sl: 110.608 tp: 111.108 failed [Market is closed]
0	00:00:08.643	'270024006': order buy market 0.10 USDJPY sl: 110.608 tp: 111.108
1	00:00:08.799	'270024006': order buy 0.10 USDJPY opening at market sl: 110.608 tp: 111.108 failed [Market is closed]
0	00:00:08.799	'270024006': order buy market 0.10 USDJPY sl: 110.608 tp: 111.108
1	00:00:08.955	'270024006': order buy 0.10 USDJPY opening at market sl: 110.608 tp: 111.108 failed [Market is closed]
0	00:00:08.987	'270024006': order buy market 0.10 USDJPY sl: 110.608 tp: 111.108
1	00:00:09.158	'270024006': order buy 0.10 USDJPY opening at market sl: 110.608 tp: 111.108 failed [Market is closed]
0	00:00:09.190	'270024006': order buy market 0.10 USDJPY sl: 110.608 tp: 111.108
1	00:00:09.362	'270024006': order buy 0.10 USDJPY opening at market sl: 110.608 tp: 111.108 failed [Market is closed]
0	00:00:09.393	'270024006': order buy market 0.10 USDJPY sl: 110.608 tp: 111.108
1	00:00:09.612	'270024006': order buy 0.10 USDJPY opening at market sl: 110.608 tp: 111.108 failed [Market is closed]
0	00:00:09.612	'270024006': order buy market 0.10 USDJPY sl: 110.608 tp: 111.108
1	00:00:09.862	'270024006': order buy 0.10 USDJPY opening at market sl: 110.608 tp: 111.108 failed [Market is closed]
0	00:00:09.877	'270024006': order buy market 0.10 USDJPY sl: 110.608 tp: 111.108
1	00:00:10.065	'270024006': order buy 0.10 USDJPY opening at market sl: 110.608 tp: 111.108 failed [Market is closed]
0	00:00:10.065	'270024006': order buy market 0.10 USDJPY sl: 110.608 tp: 111.108
1	00:00:10.268	'270024006': order buy 0.10 USDJPY opening at market sl: 110.608 tp: 111.108 failed [Market is closed]
0	00:00:10.268	'270024006': order buy market 0.10 USDJPY sl: 110.608 tp: 111.108
1	00:00:10.424	'270024006': order buy 0.10 USDJPY opening at market sl: 110.608 tp: 111.108 failed [Market is closed]
0	00:00:10.424	'270024006': order buy market 0.10 USDJPY sl: 110.608 tp: 111.108
1	00:00:10.580	'270024006': order buy 0.10 USDJPY opening at market sl: 110.608 tp: 111.108 failed [Market is closed]
0	00:00:10.612	'270024006': order buy market 0.10 USDJPY sl: 110.608 tp: 111.108
1	00:00:10.783	'270024006': order buy 0.10 USDJPY opening at market sl: 110.608 tp: 111.108 failed [Market is closed]
0	00:00:10.815	'270024006': order buy market 0.10 USDJPY sl: 110.608 tp: 111.108
1	00:00:10.987	'270024006': order buy 0.10 USDJPY opening at market sl: 110.608 tp: 111.108 failed [Market is closed]
0	00:00:11.018	'270024006': order buy market 0.10 USDJPY sl: 110.608 tp: 111.108
1	00:00:11.190	'270024006': order buy 0.10 USDJPY opening at market sl: 110.608 tp: 111.108 failed [Market is closed]
0	00:00:11.221	'270024006': order buy market 0.10 USDJPY sl: 110.608 tp: 111.108
1	00:00:11.393	'270024006': order buy 0.10 USDJPY opening at market sl: 110.608 tp: 111.108 failed [Market is closed]
0	00:00:11.426	'270024006': order buy market 0.10 USDJPY sl: 110.608 tp: 111.108
1	00:00:11.596	'270024006': order buy 0.10 USDJPY opening at market sl: 110.608 tp: 111.108 failed [Market is closed]
0	00:00:11.627	'270024006': order buy market 0.10 USDJPY sl: 110.608 tp: 111.108
1	00:00:11.846	'270024006': order buy 0.10 USDJPY opening at market sl: 110.608 tp: 111.108 failed [Market is closed]
0	00:00:11.846	'270024006': order buy market 0.10 USDJPY sl: 110.608 tp: 111.108
1	00:00:12.002	'270024006': order buy 0.10 USDJPY opening at market sl: 110.608 tp: 111.108 failed [Market is closed]
0	00:00:12.033	'270024006': order buy market 0.10 USDJPY sl: 110.608 tp: 111.108
1	00:00:12.206	'270024006': order buy 0.10 USDJPY opening at market sl: 110.608 tp: 111.108 failed [Market is closed]
0	00:00:12.237	'270024006': order buy market 0.10 USDJPY sl: 110.608 tp: 111.108
1	00:00:12.408	'270024006': order buy 0.10 USDJPY opening at market sl: 110.608 tp: 111.108 failed [Market is closed]
0	00:00:12.440	'270024006': order buy market 0.10 USDJPY sl: 110.608 tp: 111.108
1	00:00:12.612	'270024006': order buy 0.10 USDJPY opening at market sl: 110.608 tp: 111.108 failed [Market is closed]
0	00:00:12.643	'270024006': order buy market 0.10 USDJPY sl: 110.608 tp: 111.108
1	00:00:12.815	'270024006': order buy 0.10 USDJPY opening at market sl: 110.608 tp: 111.108 failed [Market is closed]
0	00:00:12.846	'270024006': order buy market 0.10 USDJPY sl: 110.608 tp: 111.108
1	00:00:12.971	'270024006': order buy 0.10 USDJPY opening at market sl: 110.608 tp: 111.108 failed [Market is closed]
0	00:00:13.049	'270024006': order buy market 0.10 USDJPY sl: 110.608 tp: 111.108
1	00:00:13.225	'270024006': order buy 0.10 USDJPY opening at market sl: 110.608 tp: 111.108 failed [Market is closed]
0	00:00:13.252	'270024006': order buy market 0.10 USDJPY sl: 110.608 tp: 111.108
1	00:00:13.424	'270024006': order buy 0.10 USDJPY opening at market sl: 110.608 tp: 111.108 failed [Market is closed]
0	00:00:13.455	'270024006': order buy market 0.10 USDJPY sl: 110.608 tp: 111.108
1	00:00:13.612	'270024006': order buy 0.10 USDJPY opening at market sl: 110.608 tp: 111.108 failed [Market is closed]
0	00:00:13.658	'270024006': order buy market 0.10 USDJPY sl: 110.608 tp: 111.108
1	00:00:13.815	'270024006': order buy 0.10 USDJPY opening at market sl: 110.608 tp: 111.108 failed [Market is closed]
0	00:00:13.861	'270024006': order buy market 0.10 USDJPY sl: 110.608 tp: 111.108
1	00:00:14.018	'270024006': order buy 0.10 USDJPY opening at market sl: 110.608 tp: 111.108 failed [Market is closed]
0	00:00:14.065	'270024006': order buy market 0.10 USDJPY sl: 110.608 tp: 111.108
1	00:00:14.221	'270024006': order buy 0.10 USDJPY opening at market sl: 110.608 tp: 111.108 failed [Market is closed]
0	00:00:14.268	'270024006': order buy market 0.10 USDJPY sl: 110.608 tp: 111.108
1	00:00:14.424	'270024006': order buy 0.10 USDJPY opening at market sl: 110.608 tp: 111.108 failed [Market is closed]
0	00:00:14.486	'270024006': order buy market 0.10 USDJPY sl: 110.608 tp: 111.108
1	00:00:14.674	'270024006': order buy 0.10 USDJPY opening at market sl: 110.608 tp: 111.108 failed [Market is closed]
0	00:00:14.690	'270024006': order buy market 0.10 USDJPY sl: 110.608 tp: 111.108
1	00:00:14.877	'270024006': order buy 0.10 USDJPY opening at market sl: 110.608 tp: 111.108 failed [Market is closed]
0	00:00:14.893	'270024006': order buy market 0.10 USDJPY sl: 110.608 tp: 111.108
1	00:00:15.033	'270024006': order buy 0.10 USDJPY opening at market sl: 110.608 tp: 111.108 failed [Market is closed]
0	00:00:15.096	'270024006': order buy market 0.10 USDJPY sl: 110.608 tp: 111.108
1	00:00:15.268	'270024006': order buy 0.10 USDJPY opening at market sl: 110.608 tp: 111.108 failed [Market is closed]
0	00:00:15.299	'270024006': order buy market 0.10 USDJPY sl: 110.608 tp: 111.108
1	00:00:15.424	'270024006': order buy 0.10 USDJPY opening at market sl: 110.608 tp: 111.108 failed [Market is closed]
0	00:00:15.502	'270024006': order buy market 0.10 USDJPY sl: 110.608 tp: 111.108
1	00:00:15.627	'270024006': order buy 0.10 USDJPY opening at market sl: 110.608 tp: 111.108 failed [Market is closed]
0	00:00:15.705	'270024006': order buy market 0.10 USDJPY sl: 110.608 tp: 111.108
1	00:00:15.877	'270024006': order buy 0.10 USDJPY opening at market sl: 110.608 tp: 111.108 failed [Market is closed]
0	00:00:15.908	'270024006': order buy market 0.10 USDJPY sl: 110.608 tp: 111.108
1	00:00:16.080	'270024006': order buy 0.10 USDJPY opening at market sl: 110.608 tp: 111.108 failed [Market is closed]
0	00:00:16.111	'270024006': order buy market 0.10 USDJPY sl: 110.608 tp: 111.108
1	00:00:16.284	'270024006': order buy 0.10 USDJPY opening at market sl: 110.608 tp: 111.108 failed [Market is closed]
0	00:00:16.315	'270024006': order buy market 0.10 USDJPY sl: 110.608 tp: 111.108
0	00:00:16.330	'270024006': order buy market 0.06 USDJPY sl: 110.650 tp: 111.260
0	00:00:16.330	'270024006': order buy market 0.14 USDJPY sl: 0.000 tp: 0.000
1	00:00:16.627	'270024006': order buy 0.10 USDJPY opening at market sl: 110.608 tp: 111.108 failed [Market is closed]
1	00:00:16.627	'270024006': order buy 0.06 USDJPY opening at market sl: 110.650 tp: 111.260 failed [Market is closed]
0	00:00:16.627	'270024006': order buy market 0.10 USDJPY sl: 110.610 tp: 111.110
0	00:00:16.690	'270024006': order buy market 0.06 USDJPY sl: 110.648 tp: 111.261
1	00:00:16.830	'270024006': order buy 0.14 USDJPY opening at market sl: 0.000 tp: 0.000 failed [Market is closed]
0	00:00:16.830	'270024006': order buy market 0.14 USDJPY sl: 0.000 tp: 0.000
1	00:00:16.940	'270024006': order buy 0.10 USDJPY opening at market sl: 110.610 tp: 111.110 failed [Market is closed]
1	00:00:16.940	'270024006': order buy 0.06 USDJPY opening at market sl: 110.648 tp: 111.261 failed [Market is closed]
0	00:00:16.940	'270024006': order buy market 0.10 USDJPY sl: 110.608 tp: 111.108
0	00:00:16.940	'270024006': order buy market 0.06 USDJPY sl: 110.651 tp: 111.258
1	00:00:17.174	'270024006': order buy 0.14 USDJPY opening at market sl: 0.000 tp: 0.000 failed [Market is closed]
0	00:00:17.174	'270024006': order buy market 0.14 USDJPY sl: 0.000 tp: 0.000
1	00:00:17.284	'270024006': order buy 0.10 USDJPY opening at market sl: 110.608 tp: 111.108 failed [Market is closed]
1	00:00:17.284	'270024006': order buy 0.06 USDJPY opening at market sl: 110.651 tp: 111.258 failed [Market is closed]
0	00:00:17.284	'270024006': order buy market 0.10 USDJPY sl: 110.608 tp: 111.108
1	00:00:17.377	'270024006': order buy 0.14 USDJPY opening at market sl: 0.000 tp: 0.000 failed [Market is closed]
1	00:00:17.455	'270024006': order buy 0.10 USDJPY opening at market sl: 110.608 tp: 111.108 failed [Market is closed]
0	00:00:17.455	'270024006': order buy market 0.10 USDJPY sl: 110.608 tp: 111.108
1	00:00:17.658	'270024006': order buy 0.10 USDJPY opening at market sl: 110.608 tp: 111.108 failed [Market is closed]
0	00:00:17.658	'270024006': order buy market 0.10 USDJPY sl: 110.608 tp: 111.108
1	00:00:17.861	'270024006': order buy 0.10 USDJPY opening at market sl: 110.608 tp: 111.108 failed [Market is closed]
0	00:00:17.861	'270024006': order buy market 0.10 USDJPY sl: 110.608 tp: 111.108
1	00:00:18.018	'270024006': order buy 0.10 USDJPY opening at market sl: 110.608 tp: 111.108 failed [Market is closed]
0	00:00:18.018	'270024006': order buy market 0.10 USDJPY sl: 110.608 tp: 111.108
1	00:00:18.174	'270024006': order buy 0.10 USDJPY opening at market sl: 110.608 tp: 111.108 failed [Market is closed]
0	00:00:18.174	'270024006': order buy market 0.10 USDJPY sl: 110.608 tp: 111.108
1	00:00:18.330	'270024006': order buy 0.10 USDJPY opening at market sl: 110.608 tp: 111.108 failed [Market is closed]
0	00:00:18.346	'270024006': order buy market 0.10 USDJPY sl: 110.608 tp: 111.108
1	00:00:18.533	'270024006': order buy 0.10 USDJPY opening at market sl: 110.608 tp: 111.108 failed [Market is closed]
0	00:00:18.549	'270024006': order buy market 0.10 USDJPY sl: 110.608 tp: 111.108
1	00:00:18.752	'270024006': order buy 0.10 USDJPY opening at market sl: 110.608 tp: 111.108 failed [Market is closed]
0	00:00:18.752	'270024006': order buy market 0.10 USDJPY sl: 110.608 tp: 111.108
1	00:00:18.908	'270024006': order buy 0.10 USDJPY opening at market sl: 110.608 tp: 111.108 failed [Market is closed]
0	00:00:18.955	'270024006': order buy market 0.10 USDJPY sl: 110.608 tp: 111.108
1	00:00:19.127	'270024006': order buy 0.10 USDJPY opening at market sl: 110.608 tp: 111.108 failed [Market is closed]
0	00:00:19.158	'270024006': order buy market 0.10 USDJPY sl: 110.608 tp: 111.108
1	00:00:19.299	'270024006': order buy 0.10 USDJPY opening at market sl: 110.608 tp: 111.108 failed [Market is closed]
0	00:00:19.362	'270024006': order buy market 0.10 USDJPY sl: 110.608 tp: 111.108
1	00:00:19.518	'270024006': order buy 0.10 USDJPY opening at market sl: 110.608 tp: 111.108 failed [Market is closed]
0	00:00:19.565	'270024006': order buy market 0.10 USDJPY sl: 110.608 tp: 111.108
1	00:00:19.721	'270024006': order buy 0.10 USDJPY opening at market sl: 110.608 tp: 111.108 failed [Market is closed]
0	00:00:19.768	'270024006': order buy market 0.10 USDJPY sl: 110.608 tp: 111.108
1	00:00:20.018	'270024006': order buy 0.10 USDJPY opening at market sl: 110.608 tp: 111.108 failed [Market is closed]
0	00:00:20.018	'270024006': order buy market 0.10 USDJPY sl: 110.608 tp: 111.108
1	00:00:20.174	'270024006': order buy 0.10 USDJPY opening at market sl: 110.608 tp: 111.108 failed [Market is closed]
0	00:00:20.174	'270024006': order buy market 0.10 USDJPY sl: 110.608 tp: 111.108
1	00:00:20.362	'270024006': order buy 0.10 USDJPY opening at market sl: 110.608 tp: 111.108 failed [Market is closed]
0	00:00:20.377	'270024006': order buy market 0.10 USDJPY sl: 110.608 tp: 111.108
1	00:00:20.534	'270024006': order buy 0.10 USDJPY opening at market sl: 110.608 tp: 111.108 failed [Market is closed]
0	00:00:20.580	'270024006': order buy market 0.10 USDJPY sl: 110.608 tp: 111.108
1	00:00:20.752	'270024006': order buy 0.10 USDJPY opening at market sl: 110.608 tp: 111.108 failed [Market is closed]
0	00:00:20.783	'270024006': order buy market 0.10 USDJPY sl: 110.608 tp: 111.108
1	00:00:20.955	'270024006': order buy 0.10 USDJPY opening at market sl: 110.608 tp: 111.108 failed [Market is closed]
0	00:00:20.987	'270024006': order buy market 0.10 USDJPY sl: 110.608 tp: 111.108
1	00:00:21.143	'270024006': order buy 0.10 USDJPY opening at market sl: 110.608 tp: 111.108 failed [Market is closed]
0	00:00:21.190	'270024006': order buy market 0.10 USDJPY sl: 110.608 tp: 111.108
1	00:00:21.377	'270024006': order buy 0.10 USDJPY opening at market sl: 110.608 tp: 111.108 failed [Market is closed]
0	00:00:21.393	'270024006': order buy market 0.10 USDJPY sl: 110.608 tp: 111.108
1	00:00:21.549	'270024006': order buy 0.10 USDJPY opening at market sl: 110.608 tp: 111.108 failed [Market is closed]
0	00:00:21.596	'270024006': order buy market 0.10 USDJPY sl: 110.608 tp: 111.108
1	00:00:21.752	'270024006': order buy 0.10 USDJPY opening at market sl: 110.608 tp: 111.108 failed [Market is closed]
0	00:00:21.799	'270024006': order buy market 0.10 USDJPY sl: 110.608 tp: 111.108
1	00:00:21.955	'270024006': order buy 0.10 USDJPY opening at market sl: 110.608 tp: 111.108 failed [Market is closed]
0	00:00:22.002	'270024006': order buy market 0.10 USDJPY sl: 110.608 tp: 111.108
1	00:00:22.221	'270024006': order buy 0.10 USDJPY opening at market sl: 110.608 tp: 111.108 failed [Market is closed]
0	00:00:22.221	'270024006': order buy market 0.10 USDJPY sl: 110.608 tp: 111.108
1	00:00:22.377	'270024006': order buy 0.10 USDJPY opening at market sl: 110.608 tp: 111.108 failed [Market is closed]
0	00:00:22.408	'270024006': order buy market 0.10 USDJPY sl: 110.608 tp: 111.108
0	00:00:22.487	'270024006': order buy market 0.14 USDJPY sl: 0.000 tp: 0.000
0	00:00:22.549	'270024006': order buy market 0.06 USDJPY sl: 110.661 tp: 111.258
1	00:00:22.815	'270024006': order buy 0.10 USDJPY opening at market sl: 110.608 tp: 111.108 failed [Market is closed]
0	00:00:22.815	'270024006': order buy market 0.10 USDJPY sl: 110.608 tp: 111.108
1	00:00:22.815	'270024006': order buy 0.14 USDJPY opening at market sl: 0.000 tp: 0.000 failed [Market is closed]
0	00:00:22.893	'270024006': order sell market 0.06 EURUSD sl: 1.16148 tp: 1.15634
1	00:00:22.987	'270024006': order buy 0.06 USDJPY opening at market sl: 110.661 tp: 111.258 failed [Market is closed]
1	00:00:23.065	'270024006': order buy 0.10 USDJPY opening at market sl: 110.608 tp: 111.108 failed [Market is closed]
1	00:00:23.065	'270024006': order sell 0.06 EURUSD opening at market sl: 1.16148 tp: 1.15634 failed [Market is closed]
0	00:00:23.065	'270024006': order buy market 0.10 USDJPY sl: 110.608 tp: 111.108
1	00:00:23.268	'270024006': order buy 0.10 USDJPY opening at market sl: 110.608 tp: 111.108 failed [Market is closed]
0	00:00:23.268	'270024006': order buy market 0.10 USDJPY sl: 110.608 tp: 111.108
1	00:00:23.424	'270024006': order buy 0.10 USDJPY opening at market sl: 110.608 tp: 111.108 failed [Market is closed]
0	00:00:23.424	'270024006': order buy market 0.10 USDJPY sl: 110.608 tp: 111.108
1	00:00:23.643	'270024006': order buy 0.10 USDJPY opening at market sl: 110.608 tp: 111.108 failed [Market is closed]
0	00:00:23.643	'270024006': order buy market 0.10 USDJPY sl: 110.608 tp: 111.108
1	00:00:23.846	'270024006': order buy 0.10 USDJPY opening at market sl: 110.608 tp: 111.108 failed [Market is closed]
0	00:00:23.846	'270024006': order buy market 0.10 USDJPY sl: 110.608 tp: 111.108
1	00:00:24.049	'270024006': order buy 0.10 USDJPY opening at market sl: 110.608 tp: 111.108 failed [Market is closed]
0	00:00:24.049	'270024006': order buy market 0.10 USDJPY sl: 110.608 tp: 111.108
1	00:00:24.254	'270024006': order buy 0.10 USDJPY opening at market sl: 110.608 tp: 111.108 failed [Market is closed]
0	00:00:24.254	'270024006': order buy market 0.10 USDJPY sl: 110.608 tp: 111.108
1	00:00:24.424	'270024006': order buy 0.10 USDJPY opening at market sl: 110.608 tp: 111.108 failed [Market is closed]
0	00:00:24.440	'270024006': order buy market 0.10 USDJPY sl: 110.608 tp: 111.108
1	00:00:24.627	'270024006': order buy 0.10 USDJPY opening at market sl: 110.608 tp: 111.108 failed [Market is closed]
0	00:00:24.643	'270024006': order buy market 0.10 USDJPY sl: 110.608 tp: 111.108
1	00:00:24.830	'270024006': order buy 0.10 USDJPY opening at market sl: 110.608 tp: 111.108 failed [Market is closed]
0	00:00:24.846	'270024006': order buy market 0.10 USDJPY sl: 110.608 tp: 111.108
1	00:00:25.033	'270024006': order buy 0.10 USDJPY opening at market sl: 110.608 tp: 111.108 failed [Market is closed]
0	00:00:25.049	'270024006': order buy market 0.10 USDJPY sl: 110.608 tp: 111.108
1	00:00:25.237	'270024006': order buy 0.10 USDJPY opening at market sl: 110.608 tp: 111.108 failed [Market is closed]
0	00:00:25.252	'270024006': order buy market 0.10 USDJPY sl: 110.608 tp: 111.108
1	00:00:25.440	'270024006': order buy 0.10 USDJPY opening at market sl: 110.608 tp: 111.108 failed [Market is closed]
0	00:00:25.455	'270024006': order buy market 0.10 USDJPY sl: 110.608 tp: 111.108
0	00:00:25.533	'270024006': order buy market 0.14 USDJPY sl: 0.000 tp: 0.000
0	00:00:25.533	'270024006': order buy market 0.06 USDJPY sl: 110.661 tp: 111.260
1	00:00:25.846	'270024006': order buy 0.10 USDJPY opening at market sl: 110.608 tp: 111.108 failed [Market is closed]
1	00:00:25.846	'270024006': order buy 0.14 USDJPY opening at market sl: 0.000 tp: 0.000 failed [Market is closed]
0	00:00:25.846	'270024006': order buy market 0.10 USDJPY sl: 110.610 tp: 111.110
1	00:00:25.955	'270024006': order buy 0.06 USDJPY opening at market sl: 110.661 tp: 111.260 failed [Market is closed]
1	00:00:26.018	'270024006': order buy 0.10 USDJPY opening at market sl: 110.610 tp: 111.110 failed [Market is closed]
0	00:00:26.018	'270024006': order buy market 0.10 USDJPY sl: 110.610 tp: 111.110
1	00:00:26.221	'270024006': order buy 0.10 USDJPY opening at market sl: 110.610 tp: 111.110 failed [Market is closed]
0	00:00:26.221	'270024006': order buy market 0.10 USDJPY sl: 110.610 tp: 111.110
1	00:00:26.424	'270024006': order buy 0.10 USDJPY opening at market sl: 110.610 tp: 111.110 failed [Market is closed]
0	00:00:26.424	'270024006': order buy market 0.10 USDJPY sl: 110.610 tp: 111.110
1	00:00:26.580	'270024006': order buy 0.10 USDJPY opening at market sl: 110.610 tp: 111.110 failed [Market is closed]
0	00:00:26.580	'270024006': order buy market 0.10 USDJPY sl: 110.610 tp: 111.110
1	00:00:26.783	'270024006': order buy 0.10 USDJPY opening at market sl: 110.610 tp: 111.110 failed [Market is closed]
0	00:00:26.783	'270024006': order buy market 0.10 USDJPY sl: 110.610 tp: 111.110
1	00:00:26.987	'270024006': order buy 0.10 USDJPY opening at market sl: 110.610 tp: 111.110 failed [Market is closed]
0	00:00:26.987	'270024006': order buy market 0.10 USDJPY sl: 110.610 tp: 111.110
1	00:00:27.143	'270024006': order buy 0.10 USDJPY opening at market sl: 110.610 tp: 111.110 failed [Market is closed]
0	00:00:27.143	'270024006': order buy market 0.10 USDJPY sl: 110.610 tp: 111.110
1	00:00:27.299	'270024006': order buy 0.10 USDJPY opening at market sl: 110.610 tp: 111.110 failed [Market is closed]
0	00:00:27.299	'270024006': order buy market 0.10 USDJPY sl: 110.610 tp: 111.110
1	00:00:27.502	'270024006': order buy 0.10 USDJPY opening at market sl: 110.610 tp: 111.110 failed [Market is closed]
0	00:00:27.502	'270024006': order buy market 0.10 USDJPY sl: 110.610 tp: 111.110
1	00:00:27.658	'270024006': order buy 0.10 USDJPY opening at market sl: 110.610 tp: 111.110 failed [Market is closed]
0	00:00:27.705	'270024006': order buy market 0.10 USDJPY sl: 110.610 tp: 111.110
1	00:00:27.955	'270024006': order buy 0.10 USDJPY opening at market sl: 110.610 tp: 111.110 failed [Market is closed]
0	00:00:27.955	'270024006': order buy market 0.10 USDJPY sl: 110.610 tp: 111.110
1	00:00:28.112	'270024006': order buy 0.10 USDJPY opening at market sl: 110.610 tp: 111.110 failed [Market is closed]
0	00:00:28.112	'270024006': order buy market 0.10 USDJPY sl: 110.610 tp: 111.110
1	00:00:28.268	'270024006': order buy 0.10 USDJPY opening at market sl: 110.610 tp: 111.110 failed [Market is closed]
0	00:00:28.315	'270024006': order buy market 0.10 USDJPY sl: 110.610 tp: 111.110
1	00:00:28.471	'270024006': order buy 0.10 USDJPY opening at market sl: 110.610 tp: 111.110 failed [Market is closed]
0	00:00:28.518	'270024006': order buy market 0.10 USDJPY sl: 110.610 tp: 111.110
1	00:00:28.706	'270024006': order buy 0.10 USDJPY opening at market sl: 110.610 tp: 111.110 failed [Market is closed]
0	00:00:28.721	'270024006': order buy market 0.10 USDJPY sl: 110.610 tp: 111.110
1	00:00:28.908	'270024006': order buy 0.10 USDJPY opening at market sl: 110.610 tp: 111.110 failed [Market is closed]
0	00:00:28.924	'270024006': order buy market 0.10 USDJPY sl: 110.610 tp: 111.110
1	00:00:29.174	'270024006': order buy 0.10 USDJPY opening at market sl: 110.610 tp: 111.110 failed [Market is closed]
0	00:00:29.174	'270024006': order buy market 0.10 USDJPY sl: 110.610 tp: 111.110
1	00:00:29.499	'270024006': order buy 0.10 USDJPY opening at market sl: 110.610 tp: 111.110 failed [Market is closed]
0	00:00:29.499	'270024006': order buy market 0.10 USDJPY sl: 110.610 tp: 111.110
0	00:00:29.643	'270024006': order buy market 0.06 USDJPY sl: 110.661 tp: 111.263
0	00:00:29.643	'270024006': order buy market 0.14 USDJPY sl: 0.000 tp: 0.000
1	00:00:29.940	'270024006': order buy 0.10 USDJPY opening at market sl: 110.610 tp: 111.110 failed [Market is closed]
0	00:00:29.940	'270024006': order buy market 0.10 USDJPY sl: 110.613 tp: 111.113
1	00:00:30.221	'270024006': order buy 0.06 USDJPY opening at market sl: 110.661 tp: 111.263 failed [Market is closed]
1	00:00:30.221	'270024006': order buy 0.14 USDJPY opening at market sl: 0.000 tp: 0.000 failed [Market is closed]
1	00:00:30.315	'270024006': order buy 0.10 USDJPY opening at market sl: 110.613 tp: 111.113 failed [Market is closed]
0	00:00:30.315	'270024006': order buy market 0.10 USDJPY sl: 110.613 tp: 111.113
1	00:00:30.550	'270024006': order buy 0.10 USDJPY opening at market sl: 110.613 tp: 111.113 failed [Market is closed]
0	00:00:30.550	'270024006': order buy market 0.10 USDJPY sl: 110.613 tp: 111.113
1	00:00:30.815	'270024006': order buy 0.10 USDJPY opening at market sl: 110.613 tp: 111.113 failed [Market is closed]
0	00:00:30.815	'270024006': order buy market 0.10 USDJPY sl: 110.613 tp: 111.113
1	00:00:31.068	'270024006': order buy 0.10 USDJPY opening at market sl: 110.613 tp: 111.113 failed [Market is closed]
0	00:00:31.068	'270024006': order buy market 0.10 USDJPY sl: 110.613 tp: 111.113
1	00:00:31.348	'270024006': order buy 0.10 USDJPY opening at market sl: 110.613 tp: 111.113 failed [Market is closed]
0	00:00:31.348	'270024006': order buy market 0.10 USDJPY sl: 110.613 tp: 111.113
1	00:00:31.612	'270024006': order buy 0.10 USDJPY opening at market sl: 110.613 tp: 111.113 failed [Market is closed]
0	00:00:31.612	'270024006': order buy market 0.10 USDJPY sl: 110.613 tp: 111.113
1	00:00:31.815	'270024006': order buy 0.10 USDJPY opening at market sl: 110.613 tp: 111.113 failed [Market is closed]
0	00:00:31.815	'270024006': order buy market 0.10 USDJPY sl: 110.613 tp: 111.113
1	00:00:32.018	'270024006': order buy 0.10 USDJPY opening at market sl: 110.613 tp: 111.113 failed [Market is closed]
0	00:00:32.018	'270024006': order buy market 0.10 USDJPY sl: 110.613 tp: 111.113
1	00:00:32.221	'270024006': order buy 0.10 USDJPY opening at market sl: 110.613 tp: 111.113 failed [Market is closed]
0	00:00:32.221	'270024006': order buy market 0.10 USDJPY sl: 110.613 tp: 111.113
1	00:00:32.471	'270024006': order buy 0.10 USDJPY opening at market sl: 110.613 tp: 111.113 failed [Market is closed]
0	00:00:32.471	'270024006': order buy market 0.10 USDJPY sl: 110.613 tp: 111.113
0	00:00:32.580	'270024006': order buy market 0.14 USDJPY sl: 0.000 tp: 0.000
0	00:00:32.580	'270024006': order buy market 0.06 USDJPY sl: 110.661 tp: 111.264
1	00:00:32.908	'270024006': order buy 0.10 USDJPY opening at market sl: 110.613 tp: 111.113 failed [Market is closed]
0	00:00:32.908	'270024006': order buy market 0.10 USDJPY sl: 110.614 tp: 111.114
1	00:00:33.002	'270024006': order buy 0.14 USDJPY opening at market sl: 0.000 tp: 0.000 failed [Market is closed]
1	00:00:33.002	'270024006': order buy 0.06 USDJPY opening at market sl: 110.661 tp: 111.264 failed [Market is closed]
1	00:00:33.080	'270024006': order buy 0.10 USDJPY opening at market sl: 110.614 tp: 111.114 failed [Market is closed]
0	00:00:33.096	'270024006': order buy market 0.10 USDJPY sl: 110.614 tp: 111.114
1	00:00:33.283	'270024006': order buy 0.10 USDJPY opening at market sl: 110.614 tp: 111.114 failed [Market is closed]
0	00:00:33.299	'270024006': order buy market 0.10 USDJPY sl: 110.614 tp: 111.114
1	00:00:33.535	'270024006': order buy 0.10 USDJPY opening at market sl: 110.614 tp: 111.114 failed [Market is closed]
0	00:00:33.535	'270024006': order buy market 0.10 USDJPY sl: 110.614 tp: 111.114
1	00:00:33.721	'270024006': order buy 0.10 USDJPY opening at market sl: 110.614 tp: 111.114 failed [Market is closed]
0	00:00:33.721	'270024006': order buy market 0.10 USDJPY sl: 110.614 tp: 111.114
1	00:00:33.924	'270024006': order buy 0.10 USDJPY opening at market sl: 110.614 tp: 111.114 failed [Market is closed]
0	00:00:33.924	'270024006': order buy market 0.10 USDJPY sl: 110.614 tp: 111.114
1	00:00:34.128	'270024006': order buy 0.10 USDJPY opening at market sl: 110.614 tp: 111.114 failed [Market is closed]
0	00:00:34.128	'270024006': order buy market 0.10 USDJPY sl: 110.614 tp: 111.114
1	00:00:34.331	'270024006': order buy 0.10 USDJPY opening at market sl: 110.614 tp: 111.114 failed [Market is closed]
0	00:00:34.331	'270024006': order buy market 0.10 USDJPY sl: 110.614 tp: 111.114
1	00:00:34.533	'270024006': order buy 0.10 USDJPY opening at market sl: 110.614 tp: 111.114 failed [Market is closed]
0	00:00:34.533	'270024006': order buy market 0.10 USDJPY sl: 110.614 tp: 111.114
1	00:00:34.690	'270024006': order buy 0.10 USDJPY opening at market sl: 110.614 tp: 111.114 failed [Market is closed]
0	00:00:34.721	'270024006': order buy market 0.10 USDJPY sl: 110.614 tp: 111.114
1	00:00:34.893	'270024006': order buy 0.10 USDJPY opening at market sl: 110.614 tp: 111.114 failed [Market is closed]
0	00:00:34.924	'270024006': order buy market 0.10 USDJPY sl: 110.614 tp: 111.114
1	00:00:35.130	'270024006': order buy 0.10 USDJPY opening at market sl: 110.614 tp: 111.114 failed [Market is closed]
0	00:00:35.130	'270024006': order buy market 0.10 USDJPY sl: 110.614 tp: 111.114
1	00:00:35.299	'270024006': order buy 0.10 USDJPY opening at market sl: 110.614 tp: 111.114 failed [Market is closed]
0	00:00:35.331	'270024006': order buy market 0.10 USDJPY sl: 110.614 tp: 111.114
1	00:00:35.502	'270024006': order buy 0.10 USDJPY opening at market sl: 110.614 tp: 111.114 failed [Market is closed]
0	00:00:35.534	'270024006': order buy market 0.10 USDJPY sl: 110.614 tp: 111.114
1	00:00:35.677	'270024006': order buy 0.10 USDJPY opening at market sl: 110.614 tp: 111.114 failed [Market is closed]
0	00:00:35.737	'270024006': order buy market 0.10 USDJPY sl: 110.614 tp: 111.114
1	00:00:35.971	'270024006': order buy 0.10 USDJPY opening at market sl: 110.614 tp: 111.114 failed [Market is closed]
0	00:00:35.971	'270024006': order buy market 0.10 USDJPY sl: 110.614 tp: 111.114
1	00:00:36.174	'270024006': order buy 0.10 USDJPY opening at market sl: 110.614 tp: 111.114 failed [Market is closed]
0	00:00:36.174	'270024006': order buy market 0.10 USDJPY sl: 110.614 tp: 111.114
0	00:00:36.283	'270024006': order buy market 0.06 USDJPY sl: 110.661 tp: 111.265
0	00:00:36.283	'270024006': order buy market 0.14 USDJPY sl: 0.000 tp: 0.000
1	00:00:36.502	'270024006': order buy 0.10 USDJPY opening at market sl: 110.614 tp: 111.114 failed [Market is closed]
0	00:00:36.502	'270024006': order buy market 0.10 USDJPY sl: 110.615 tp: 111.115
1	00:00:36.612	'270024006': order buy 0.06 USDJPY opening at market sl: 110.661 tp: 111.265 failed [Market is closed]
1	00:00:36.612	'270024006': order buy 0.14 USDJPY opening at market sl: 0.000 tp: 0.000 failed [Market is closed]
0	00:00:36.612	'270024006': order buy market 0.06 USDJPY sl: 110.661 tp: 111.267
0	00:00:36.612	'270024006': order buy market 0.14 USDJPY sl: 0.000 tp: 0.000
1	00:00:36.799	'270024006': order buy 0.10 USDJPY opening at market sl: 110.615 tp: 111.115 failed [Market is closed]
0	00:00:36.799	'270024006': order buy market 0.10 USDJPY sl: 110.617 tp: 111.117
1	00:00:36.908	'270024006': order buy 0.06 USDJPY opening at market sl: 110.661 tp: 111.267 failed [Market is closed]
1	00:00:36.908	'270024006': order buy 0.14 USDJPY opening at market sl: 0.000 tp: 0.000 failed [Market is closed]
1	00:00:36.986	'270024006': order buy 0.10 USDJPY opening at market sl: 110.617 tp: 111.117 failed [Market is closed]
0	00:00:36.986	'270024006': order buy market 0.10 USDJPY sl: 110.617 tp: 111.117
1	00:00:37.237	'270024006': order buy 0.10 USDJPY opening at market sl: 110.617 tp: 111.117 failed [Market is closed]
0	00:00:44.987	'270024006': order buy market 0.06 USDJPY sl: 110.660 tp: 111.268
0	00:00:44.987	'270024006': order buy market 0.14 USDJPY sl: 0.000 tp: 0.000
0	00:00:45.080	'270024006': order buy market 0.10 USDJPY sl: 110.618 tp: 111.118
1	00:00:45.346	'270024006': order buy 0.06 USDJPY opening at market sl: 110.660 tp: 111.268 failed [Market is closed]
1	00:00:45.346	'270024006': order buy 0.14 USDJPY opening at market sl: 0.000 tp: 0.000 failed [Market is closed]
1	00:00:45.346	'270024006': order buy 0.10 USDJPY opening at market sl: 110.618 tp: 111.118 failed [Market is closed]
0	00:00:49.268	'270024006': order buy market 0.06 USDJPY sl: 110.660 tp: 111.266
0	00:00:49.268	'270024006': order buy market 0.14 USDJPY sl: 0.000 tp: 0.000
0	00:00:49.346	'270024006': order buy market 0.10 USDJPY sl: 110.616 tp: 111.116
1	00:00:49.611	'270024006': order buy 0.06 USDJPY opening at market sl: 110.660 tp: 111.266 failed [Market is closed]
1	00:00:49.627	'270024006': order buy 0.14 USDJPY opening at market sl: 0.000 tp: 0.000 failed [Market is closed]
1	00:00:49.627	'270024006': order buy 0.10 USDJPY opening at market sl: 110.616 tp: 111.116 failed [Market is closed]
0	00:01:01.533	'270024006': order buy market 0.06 USDJPY sl: 110.675 tp: 111.291
0	00:01:01.752	'270024006': order was opened : #25679382 buy 0.06 USDJPY at 110.941 sl: 110.675 tp: 111.291
0	00:01:07.986	'270024006': order sell market 0.06 EURUSD sl: 1.16148 tp: 1.15634
0	00:01:08.971	'270024006': order was opened : #25680151 sell 0.06 EURUSD at 1.15980 sl: 1.16148 tp: 1.15634
0	00:06:06.455	'270024006': order buy market 0.10 USDJPY sl: 110.642 tp: 111.142
0	00:06:06.846	'270024006': order was opened : #25683860 buy 0.10 USDJPY at 110.935 sl: 110.642 tp: 111.142
0	00:06:24.955	'270024006': order buy market 0.14 USDJPY sl: 0.000 tp: 0.000
0	00:06:25.190	'270024006': order was opened : #25683915 buy 0.14 USDJPY at 110.930 sl: 0.000 tp: 0.000
0	00:06:25.190	'270024006': modify order #25683915 buy 0.14 USDJPY at 110.930 sl: 0.000 tp: 0.000 -> sl: 110.631 tp: 111.031
0	00:06:25.393	'270024006': order #25683915 buy 0.14 USDJPY at 110.930 was modified -> sl: 110.631 tp: 111.031
0	01:00:04.565	'270024006': close order #25680151 sell 0.06 EURUSD at 1.15980 sl: 1.16148 tp: 1.15634 at price 0.00000
0	01:00:06.158	'270024006': order #25680151 sell 0.06 EURUSD at 1.15980 sl: 1.16148 tp: 1.15634 closed at price 1.15957
0	01:00:31.612	'270024006': close order #25679382 buy 0.06 USDJPY at 110.941 sl: 110.675 tp: 111.291 at price 0.000
0	01:00:32.003	'270024006': order #25679382 buy 0.06 USDJPY at 110.941 sl: 110.675 tp: 111.291 closed at price 111.006
0	01:00:34.783	'270024006': close order #25683915 buy 0.14 USDJPY at 110.930 sl: 110.631 tp: 111.031 at price 0.000
0	01:00:34.956	'270024006': close order #25683860 buy 0.10 USDJPY at 110.935 sl: 110.642 tp: 111.142 at price 0.000
0	01:00:35.065	'270024006': order #25683915 buy 0.14 USDJPY at 110.930 sl: 110.631 tp: 111.031 closed at price 111.011
0	01:00:35.158	'270024006': order #25683860 buy 0.10 USDJPY at 110.935 sl: 110.642 tp: 111.142 closed at price 111.012
1	16:52:24.640	'270024006': datacenter connecting failed [6]
0	16:52:25.187	'270024006': login on ICMarketsSC-Live27 through DC_Vir_L27 (ping: 16.58 ms)
0	16:52:25.515	'270024006': login datacenter on ICMarketsSC-Live27 through DC_Vir_L27 (ping: 16.58 ms)
0	16:52:25.875	'270024006': previous successful authorization performed from 37.99.32.255
0	16:52:38.016	'270024006': auto connecting to a better access point NY DC 2 (ping is 2.96 ms)
0	16:52:38.500	'270024006': login on ICMarketsSC-Live27 through NY DC 2 (ping: 2.96 ms)
0	16:52:38.812	'270024006': login datacenter on ICMarketsSC-Live27 through NY DC 2 (ping: 2.96 ms)
0	16:52:39.187	'270024006': previous successful authorization performed from 195.149.87.163
0	23:00:03.578	'270024006': order buy market 0.10 USDCHF sl: 0.92133 tp: 0.92633
0	23:00:09.828	'270024006': order was opened : #25846537 buy 0.10 USDCHF at 0.92444 sl: 0.92133 tp: 0.92633
0	23:00:38.015	'270024006': order sell market 0.10 CHFJPY sl: 120.309 tp: 119.809
0	23:00:38.828	'270024006': order was opened : #25851038 sell 0.10 CHFJPY at 120.009 sl: 120.309 tp: 119.809
0	23:12:25.937	'270024006': order sell market 0.10 AUDCAD sl: 0.92025 tp: 0.91525
0	23:12:26.204	'270024006': order was opened : #25857467 sell 0.10 AUDCAD at 0.91725 sl: 0.92025 tp: 0.91525
0	23:23:44.922	'270024006': order sell market 0.10 EURCAD sl: 1.46586 tp: 1.46086
0	23:23:45.156	'270024006': order was opened : #25858336 sell 0.10 EURCAD at 1.46279 sl: 1.46586 tp: 1.46086
0	23:40:48.422	'270024006': close order #25846537 buy 0.10 USDCHF at 0.92444 sl: 0.92133 tp: 0.92633 at price 0.00000
0	23:40:48.750	'270024006': order #25846537 buy 0.10 USDCHF at 0.92444 sl: 0.92133 tp: 0.92633 closed at price 0.92470
