0	01:37:02.504	'270024006': close order #19383158 sell 0.09 EURAUD at 1.61824 sl: 1.62128 tp: 1.61628 at price 0.00000
0	01:37:02.926	'270024006': order #19383158 sell 0.09 EURAUD at 1.61824 sl: 1.62128 tp: 1.61628 closed at price 1.61742
0	02:42:02.051	'270024006': close order #19376529 buy 0.17 USDJPY at 109.778 sl: 109.474 tp: 109.874 at price 0.000
0	02:42:02.223	'270024006': close order #19377221 buy 0.09 USDJPY at 109.779 sl: 109.479 tp: 109.979 at price 0.000
0	02:42:02.570	'270024006': order #19377221 buy 0.09 USDJPY at 109.779 sl: 109.479 tp: 109.979 closed at price 109.803
0	02:42:02.589	'270024006': order #19376529 buy 0.17 USDJPY at 109.778 sl: 109.474 tp: 109.874 closed at price 109.803
0	03:01:06.395	'270024006': close order #19376555 sell 0.09 EURCAD at 1.48157 sl: 1.48482 tp: 1.47982 at price 0.00000
0	03:01:06.598	'270024006': order #19376555 sell 0.09 EURCAD at 1.48157 sl: 1.48482 tp: 1.47982 closed at price 1.48189
1	10:06:43.395	'270024006': datacenter connecting failed [6]
0	10:06:43.942	'270024006': login on ICMarketsSC-Live27 through NY DC 1 (ping: 17.53 ms)
0	10:06:44.020	'270024006': login datacenter on ICMarketsSC-Live27 through NY DC 1 (ping: 17.53 ms)
0	10:06:44.395	'270024006': previous successful authorization performed from 37.99.32.37
0	10:06:53.520	'270024006': ping to current access point NY DC 1 is 1.71 ms
1	16:34:57.551	'270024006': connect failed [Нет связи]
0	16:37:43.958	'270024006': login on ICMarketsSC-Live27 through DC_Vir_L27 (ping: n/a)
1	16:38:49.614	'270024006': connect failed [Нет связи]
0	16:38:55.817	'270024006': login on ICMarketsSC-Live27 through DC_Syd_L27 (ping: n/a)
0	16:40:02.551	'270024006': login on ICMarketsSC-Live27 through DC_BS_L27 (ping: n/a)
0	16:41:08.645	'270024006': login on ICMarketsSC-Live27 through NY DC 1 (ping: n/a)
0	16:41:09.676	'270024006': login datacenter on ICMarketsSC-Live27 through NY DC 1 (ping: n/a)
0	16:41:09.989	'270024006': previous successful authorization performed from 195.149.87.163
0	16:41:34.645	'270024006': auto connecting to a better access point DC_Vir_L27 (ping is 42.86 ms)
0	16:41:35.005	'270024006': login on ICMarketsSC-Live27 through DC_Vir_L27 (ping: 42.86 ms)
0	16:41:35.426	'270024006': login datacenter on ICMarketsSC-Live27 through DC_Vir_L27 (ping: 42.86 ms)
0	16:41:36.051	'270024006': previous successful authorization performed from 195.149.87.163
0	21:33:41.239	'270024006': order #19787792 sell 0.10 EURUSD at 1.16776 closed due stop-loss at price 1.16770
0	23:00:01.427	'270024006': order buy market 0.05 GBPUSD sl: 1.36040 tp: 1.36690
0	23:00:03.083	'270024006': order was opened : #19810696 buy 0.05 GBPUSD at 1.36344 sl: 1.36040 tp: 1.36690
0	23:10:14.239	'270024006': order buy market 0.05 USDJPY sl: 109.544 tp: 110.123
0	23:10:14.551	'270024006': order was opened : #19821233 buy 0.05 USDJPY at 109.772 sl: 109.544 tp: 110.123
0	23:43:39.460	'270024006': order sell market 0.09 EURCAD sl: 1.50106 tp: 1.49606
0	23:43:39.755	'270024006': order was opened : #19824038 sell 0.09 EURCAD at 1.49804 sl: 1.50106 tp: 1.49606
0	23:52:10.067	'270024006': order sell market 0.09 AUDCAD sl: 0.92010 tp: 0.91510
0	23:52:10.318	'270024006': order was opened : #19826422 sell 0.09 AUDCAD at 0.91710 sl: 0.92010 tp: 0.91510
