0	01:12:35.278	'270024006': order #23506666 buy 0.12 EURUSD at 1.18081 closed due take-profit at price 1.18186
0	02:48:53.732	'270024006': close order #23519959 buy 0.19 USDJPY at 109.349 sl: 109.050 tp: 109.450 at price 0.000
0	02:48:53.794	'270024006': close order #23519965 buy 0.10 USDJPY at 109.349 sl: 109.050 tp: 109.550 at price 0.000
0	02:48:54.655	'270024006': order #23519959 buy 0.19 USDJPY at 109.349 sl: 109.050 tp: 109.450 closed at price 109.362
0	02:48:54.655	'270024006': order #23519965 buy 0.10 USDJPY at 109.349 sl: 109.050 tp: 109.550 closed at price 109.362
0	05:01:53.997	'270024006': order #23545743 sell 0.07 USDJPY at 109.386 closed due take-profit at price 109.234
0	10:00:14.981	'270024006': order #23562701 sell 0.12 EURUSD at 1.18102 closed due take-profit at price 1.17903
0	10:19:37.810	'270024006': order #23561990 sell 0.06 AUDUSD at 0.73239 closed due stop-loss at price 0.73233
0	12:10:01.810	'270024006': order #23605329 sell stop 0.62 EURUSD at 1.17702 activated at price 1.17701
0	16:39:24.294	'270024006': order #23373398 buy 0.06 USDJPY at 109.618 closed due take-profit at price 109.817
0	23:01:11.497	'270024006': order sell market 0.05 EURUSD sl: 1.17874 tp: 1.17360
0	23:01:11.780	'270024006': order was opened : #23724947 sell 0.05 EURUSD at 1.17710 sl: 1.17874 tp: 1.17360
0	23:11:58.935	'270024006': order sell market 0.05 GBPUSD sl: 1.38271 tp: 1.37618
0	23:11:59.216	'270024006': order was opened : #23727923 sell 0.05 GBPUSD at 1.37969 sl: 1.38271 tp: 1.37618
0	23:13:46.060	'270024006': order sell market 0.10 AUDCAD sl: 0.92818 tp: 0.92318
0	23:13:46.309	'270024006': order was opened : #23728029 sell 0.10 AUDCAD at 0.92518 sl: 0.92818 tp: 0.92318
0	23:32:45.153	'270024006': order sell market 0.19 USDJPY sl: 0.000 tp: 0.000
0	23:32:45.231	'270024006': order sell market 0.10 USDJPY sl: 110.034 tp: 109.534
0	23:32:45.356	'270024006': order sell market 0.05 USDJPY sl: 109.964 tp: 109.386
0	23:32:45.731	'270024006': order was opened : #23729330 sell 0.10 USDJPY at 109.737 sl: 110.034 tp: 109.534
0	23:32:45.748	'270024006': order was opened : #23729333 sell 0.05 USDJPY at 109.737 sl: 109.964 tp: 109.386
0	23:32:45.748	'270024006': order was opened : #23729334 sell 0.19 USDJPY at 109.737 sl: 0.000 tp: 0.000
0	23:32:45.748	'270024006': modify order #23729334 sell 0.19 USDJPY at 109.737 sl: 0.000 tp: 0.000 -> sl: 110.034 tp: 109.634
0	23:32:46.059	'270024006': order #23729334 sell 0.19 USDJPY at 109.737 was modified -> sl: 110.034 tp: 109.634
0	23:41:41.450	'270024006': order sell market 0.10 USDCHF sl: 0.93053 tp: 0.92553
0	23:41:41.732	'270024006': order was opened : #23729796 sell 0.10 USDCHF at 0.92752 sl: 0.93053 tp: 0.92553
0	23:52:42.559	'270024006': close order #23727923 sell 0.05 GBPUSD at 1.37969 sl: 1.38271 tp: 1.37618 at price 0.00000
0	23:52:42.841	'270024006': order #23727923 sell 0.05 GBPUSD at 1.37969 sl: 1.38271 tp: 1.37618 closed at price 1.37925
