0	00:29:25.998	'270024006': order buy market 0.05 GBPUSD sl: 1.37401 tp: 1.38076
0	00:29:26.280	'270024006': order was opened : #22575220 buy 0.05 GBPUSD at 1.37727 sl: 1.37401 tp: 1.38076
1	01:10:49.280	'270024006': connect failed [Нет связи]
0	01:14:00.811	'270024006': login on ICMarketsSC-Live27 through DC_LD_L27 (ping: n/a)
0	01:14:14.202	'270024006': login datacenter on ICMarketsSC-Live27 through DC_LD_L27 (ping: n/a)
0	01:14:15.061	'270024006': previous successful authorization performed from 195.149.87.163
0	01:14:23.421	'270024006': auto connecting to a better access point NY DC 1 (ping is 2.87 ms)
0	01:14:23.769	'270024006': login on ICMarketsSC-Live27 through NY DC 1 (ping: 2.87 ms)
0	01:14:23.827	'270024006': login datacenter on ICMarketsSC-Live27 through NY DC 1 (ping: 2.87 ms)
0	01:14:24.202	'270024006': previous successful authorization performed from 195.149.87.163
0	01:42:46.967	'270024006': close order #22575220 buy 0.05 GBPUSD at 1.37727 sl: 1.37401 tp: 1.38076 at price 0.00000
0	01:42:47.373	'270024006': order #22575220 buy 0.05 GBPUSD at 1.37727 sl: 1.37401 tp: 1.38076 closed at price 1.37733
0	02:22:45.702	'270024006': close order #22559440 sell 0.10 AUDCAD at 0.93494 sl: 0.93800 tp: 0.93300 at price 0.00000
0	02:22:45.921	'270024006': order #22559440 sell 0.10 AUDCAD at 0.93494 sl: 0.93800 tp: 0.93300 closed at price 0.93464
0	03:45:56.827	'270024006': order #22545863 sell 0.12 EURUSD at 1.18241 closed due take-profit at price 1.18140
0	07:46:11.530	'270024006': order #22558895 sell 0.10 EURAUD at 1.60443 closed due stop-loss at price 1.60749
0	09:15:06.608	'270024006': order #22590555 sell 0.03 EURUSD at 1.18240 closed due stop-loss at price 1.18206
0	23:04:42.405	'270024006': order buy market 0.05 EURUSD sl: 1.18084 tp: 1.18598
0	23:04:42.686	'270024006': order was opened : #22762064 buy 0.05 EURUSD at 1.18249 sl: 1.18084 tp: 1.18598
0	23:14:06.577	'270024006': order sell market 0.10 CHFJPY sl: 120.009 tp: 119.509
0	23:14:06.858	'270024006': order was opened : #22762630 sell 0.10 CHFJPY at 119.709 sl: 120.009 tp: 119.509
0	23:19:52.780	'270024006': order #22740409 sell 0.12 EURUSD at 1.18338 closed due take-profit at price 1.18242
0	23:27:08.686	'270024006': login on ICMarketsSC-Live27 through NY DC 2 (ping: 2.86 ms)
0	23:27:08.999	'270024006': login datacenter on ICMarketsSC-Live27 through NY DC 2 (ping: 2.86 ms)
0	23:27:09.405	'270024006': previous successful authorization performed from 67.209.132.47
0	23:27:22.015	'270024006': auto connecting to a better access point NY DC 1 (ping is 3.66 ms)
0	23:27:22.438	'270024006': login on ICMarketsSC-Live27 through NY DC 1 (ping: 3.66 ms)
0	23:27:22.514	'270024006': login datacenter on ICMarketsSC-Live27 through NY DC 1 (ping: 3.66 ms)
0	23:27:22.873	'270024006': previous successful authorization performed from 195.149.87.163
0	23:28:17.186	'270024006': order sell market 0.10 EURCAD sl: 1.50024 tp: 1.49524
0	23:28:17.405	'270024006': order was opened : #22763865 sell 0.10 EURCAD at 1.49724 sl: 1.50024 tp: 1.49524
0	23:51:08.842	'270024006': order sell market 0.10 AUDCAD sl: 0.93600 tp: 0.93100
0	23:51:09.155	'270024006': order was opened : #22767450 sell 0.10 AUDCAD at 0.93302 sl: 0.93600 tp: 0.93100
