0	00:00:21.545	'270024006': close order #22762064 buy 0.05 EURUSD at 1.18249 sl: 1.18084 tp: 1.18598 at price 0.00000
1	00:00:21.733	'270024006': order #22762064 buy 0.05 EURUSD closing at 0.00000 failed [Market is closed]
0	00:00:25.186	'270024006': close order #22762064 buy 0.05 EURUSD at 1.18249 sl: 1.18084 tp: 1.18598 at price 0.00000
1	00:00:25.420	'270024006': order #22762064 buy 0.05 EURUSD closing at 0.00000 failed [Market is closed]
0	00:00:29.811	'270024006': close order #22762064 buy 0.05 EURUSD at 1.18249 sl: 1.18084 tp: 1.18598 at price 0.00000
1	00:00:29.999	'270024006': order #22762064 buy 0.05 EURUSD closing at 0.00000 failed [Market is closed]
0	00:00:31.594	'270024006': close order #22762064 buy 0.05 EURUSD at 1.18249 sl: 1.18084 tp: 1.18598 at price 0.00000
1	00:00:31.749	'270024006': order #22762064 buy 0.05 EURUSD closing at 0.00000 failed [Market is closed]
0	00:01:06.296	'270024006': close order #22762064 buy 0.05 EURUSD at 1.18249 sl: 1.18084 tp: 1.18598 at price 0.00000
0	00:01:06.827	'270024006': order #22762064 buy 0.05 EURUSD at 1.18249 sl: 1.18084 tp: 1.18598 closed at price 1.18242
0	00:29:47.969	'270024006': order sell market 0.05 EURUSD sl: 1.18438 tp: 1.17921
0	00:29:48.280	'270024006': order was opened : #22771439 sell 0.05 EURUSD at 1.18264 sl: 1.18438 tp: 1.17921
0	01:00:01.420	'270024006': close order #22771439 sell 0.05 EURUSD at 1.18264 sl: 1.18438 tp: 1.17921 at price 0.00000
0	01:00:01.656	'270024006': order #22771439 sell 0.05 EURUSD at 1.18264 sl: 1.18438 tp: 1.17921 closed at price 1.18247
0	03:15:05.343	'270024006': close order #22763865 sell 0.10 EURCAD at 1.49724 sl: 1.50024 tp: 1.49524 at price 0.00000
0	03:15:05.624	'270024006': order #22763865 sell 0.10 EURCAD at 1.49724 sl: 1.50024 tp: 1.49524 closed at price 1.49698
0	03:56:08.718	'270024006': close order #22762630 sell 0.10 CHFJPY at 119.709 sl: 120.009 tp: 119.509 at price 0.000
0	03:56:08.967	'270024006': order #22762630 sell 0.10 CHFJPY at 119.709 sl: 120.009 tp: 119.509 closed at price 119.717
0	04:05:59.373	'270024006': close order #22767450 sell 0.10 AUDCAD at 0.93302 sl: 0.93600 tp: 0.93100 at price 0.00000
0	04:05:59.561	'270024006': order #22767450 sell 0.10 AUDCAD at 0.93302 sl: 0.93600 tp: 0.93100 closed at price 0.93300
0	23:00:01.874	'270024006': order buy market 0.19 USDJPY sl: 0.000 tp: 0.000
0	23:00:05.749	'270024006': order was opened : #22923981 buy 0.19 USDJPY at 109.863 sl: 0.000 tp: 0.000
0	23:00:05.749	'270024006': modify order #22923981 buy 0.19 USDJPY at 109.863 sl: 0.000 tp: 0.000 -> sl: 109.559 tp: 109.959
0	23:00:09.045	'270024006': order #22923981 buy 0.19 USDJPY at 109.863 was modified -> sl: 109.559 tp: 109.959
0	23:51:17.858	'270024006': close order #22923981 buy 0.19 USDJPY at 109.863 sl: 109.559 tp: 109.959 at price 0.000
0	23:51:18.108	'270024006': order #22923981 buy 0.19 USDJPY at 109.863 sl: 109.559 tp: 109.959 closed at price 109.907
