1	00:33:40.074	'270024006': connect failed [Нет связи]
0	00:34:23.855	'270024006': login on ICMarketsSC-Live27 through DC_BS_L27 (ping: 263.28 ms)
0	00:35:30.511	'270024006': login on ICMarketsSC-Live27 through DC_JE_L27 (ping: 348.05 ms)
0	00:36:36.980	'270024006': login on ICMarketsSC-Live27 through DC_Syd_L27 (ping: 415.28 ms)
0	00:37:43.417	'270024006': login on ICMarketsSC-Live27 through DC_SEA_L27 (ping: 476.13 ms)
1	00:38:48.714	'270024006': connect failed [Нет связи]
0	00:38:55.027	'270024006': login on ICMarketsSC-Live27 through DC_Syd_L27 (ping: n/a)
0	00:39:01.495	'270024006': login datacenter on ICMarketsSC-Live27 through DC_Syd_L27 (ping: n/a)
0	00:39:02.449	'270024006': previous successful authorization performed from 195.149.87.163
0	00:39:14.761	'270024006': auto connecting to a better access point NY DC 2 (ping is 7.90 ms)
0	00:39:15.122	'270024006': login on ICMarketsSC-Live27 through NY DC 2 (ping: 7.90 ms)
0	00:39:16.124	'270024006': login datacenter on ICMarketsSC-Live27 through NY DC 2 (ping: 7.90 ms)
0	00:39:16.417	'270024006': previous successful authorization performed from 195.149.87.163
1	15:36:39.668	'270024006': ping failed
1	15:36:39.683	'270024006': datacenter connecting failed [6]
0	15:36:40.168	'270024006': login on ICMarketsSC-Live27 through DC_Vir_L27 (ping: 14.54 ms)
0	15:36:41.370	'270024006': login datacenter on ICMarketsSC-Live27 through DC_Vir_L27 (ping: 14.54 ms)
0	15:36:41.792	'270024006': previous successful authorization performed from 195.149.87.163
0	15:37:01.407	'270024006': auto connecting to a better access point NY DC 1 (ping is 1.38 ms)
0	15:37:01.777	'270024006': login on ICMarketsSC-Live27 through NY DC 1 (ping: 1.38 ms)
0	15:37:07.480	'270024006': login datacenter on ICMarketsSC-Live27 through NY DC 1 (ping: 1.38 ms)
0	15:37:07.745	'270024006': previous successful authorization performed from 195.149.87.163
