0	00:22:13.796	'270024006': order sell market 0.04 EURUSD sl: 1.18909 tp: 1.18391
0	00:22:16.934	'270024006': order was opened : #14503452 sell 0.04 EURUSD at 1.18712 sl: 1.18909 tp: 1.18391
0	01:00:15.996	'270024006': close order #14492521 buy 0.04 GBPUSD at 1.38850 sl: 1.38541 tp: 1.39198 at price 0.00000
0	01:00:16.559	'270024006': order #14492521 buy 0.04 GBPUSD at 1.38850 sl: 1.38541 tp: 1.39198 closed at price 1.38848
0	02:04:24.121	'270024006': close order #14503452 sell 0.04 EURUSD at 1.18712 sl: 1.18909 tp: 1.18391 at price 0.00000
0	02:04:24.403	'270024006': order #14503452 sell 0.04 EURUSD at 1.18712 sl: 1.18909 tp: 1.18391 closed at price 1.18729
0	02:30:27.934	'270024006': close order #14494128 sell 0.08 CHFJPY at 120.778 sl: 121.078 tp: 120.578 at price 0.000
0	02:30:28.153	'270024006': order #14494128 sell 0.08 CHFJPY at 120.778 sl: 121.078 tp: 120.578 closed at price 120.734
0	03:22:49.403	'270024006': order #14465561 buy 0.05 EURUSD at 1.18682 closed due take-profit at price 1.18782
1	10:42:04.696	'270024006': datacenter connecting failed [6]
1	10:43:04.993	'270024006': connect failed [Нет связи]
0	10:43:10.618	'270024006': login on ICMarketsSC-Live27 through DC_Vir_L27 (ping: 13.97 ms)
0	10:43:11.008	'270024006': login datacenter on ICMarketsSC-Live27 through DC_Vir_L27 (ping: 13.97 ms)
0	10:43:11.446	'270024006': previous successful authorization performed from 195.149.87.163
0	10:43:21.198	'270024006': auto connecting to a better access point NY DC 1 (ping is 5.59 ms)
0	10:43:22.102	'270024006': login on ICMarketsSC-Live27 through NY DC 1 (ping: 5.59 ms)
0	10:43:22.243	'270024006': login datacenter on ICMarketsSC-Live27 through NY DC 1 (ping: 5.59 ms)
0	10:43:22.524	'270024006': previous successful authorization performed from 195.149.87.163
1	14:50:07.993	'270024006': connect failed [Нет связи]
0	14:52:55.821	'270024006': login on ICMarketsSC-Live27 through DC_Syd_L27 (ping: n/a)
0	14:54:02.227	'270024006': login on ICMarketsSC-Live27 through DC_BS_L27 (ping: n/a)
0	14:54:04.055	'270024006': login datacenter on ICMarketsSC-Live27 through DC_BS_L27 (ping: n/a)
0	14:54:04.868	'270024006': previous successful authorization performed from 195.149.87.163
0	14:54:27.571	'270024006': auto connecting to a better access point NY DC 2 (ping is 12.02 ms)
0	14:54:28.055	'270024006': login on ICMarketsSC-Live27 through NY DC 2 (ping: 12.02 ms)
0	14:54:28.321	'270024006': login datacenter on ICMarketsSC-Live27 through NY DC 2 (ping: 12.02 ms)
0	14:54:28.711	'270024006': previous successful authorization performed from 195.149.87.163
1	16:31:57.102	'270024006': ping failed
0	16:31:57.118	'270024006': login datacenter on ICMarketsSC-Live27
0	16:31:57.602	'270024006': login on ICMarketsSC-Live27 through DC_EUS_L27 (ping: 31.34 ms)
0	16:31:58.602	'270024006': login datacenter on ICMarketsSC-Live27 through DC_EUS_L27 (ping: 31.34 ms)
0	16:31:59.024	'270024006': previous successful authorization performed from 195.149.87.163
0	16:32:28.837	'270024006': auto connecting to a better access point NY DC 1 (ping is 9.01 ms)
0	16:32:29.211	'270024006': login on ICMarketsSC-Live27 through NY DC 1 (ping: 9.01 ms)
0	16:32:29.289	'270024006': login datacenter on ICMarketsSC-Live27 through NY DC 1 (ping: 9.01 ms)
0	16:32:29.618	'270024006': previous successful authorization performed from 195.149.87.163
0	23:14:33.055	'270024006': order buy market 0.04 EURUSD sl: 1.18460 tp: 1.18975
0	23:14:33.321	'270024006': order was opened : #14900020 buy 0.04 EURUSD at 1.18626 sl: 1.18460 tp: 1.18975
0	23:55:01.055	'270024006': order buy market 0.16 USDJPY sl: 0.000 tp: 0.000
0	23:55:01.164	'270024006': order buy market 0.08 USDJPY sl: 108.728 tp: 109.228
0	23:55:01.289	'270024006': order was opened : #14905765 buy 0.16 USDJPY at 109.028 sl: 0.000 tp: 0.000
0	23:55:01.289	'270024006': modify order #14905765 buy 0.16 USDJPY at 109.028 sl: 0.000 tp: 0.000 -> sl: 108.728 tp: 109.128
0	23:55:01.430	'270024006': order was opened : #14905776 buy 0.08 USDJPY at 109.028 sl: 108.728 tp: 109.228
0	23:55:01.493	'270024006': order #14905765 buy 0.16 USDJPY at 109.028 was modified -> sl: 108.728 tp: 109.128
0	23:58:51.508	'270024006': close order #14900020 buy 0.04 EURUSD at 1.18626 sl: 1.18460 tp: 1.18975 at price 0.00000
0	23:58:51.727	'270024006': order #14900020 buy 0.04 EURUSD at 1.18626 sl: 1.18460 tp: 1.18975 closed at price 1.18648
