1	00:32:56.399	'270024006': connect failed [Нет связи]
0	00:33:43.366	'270024006': login on ICMarketsSC-Live27 through DC_BS_L27 (ping: 230.43 ms)
0	00:34:49.725	'270024006': login on ICMarketsSC-Live27 through DC_JE_L27 (ping: 340.69 ms)
0	00:35:56.460	'270024006': login on ICMarketsSC-Live27 through DC_Syd_L27 (ping: 416.09 ms)
0	00:36:06.647	'270024006': login datacenter on ICMarketsSC-Live27 through DC_Syd_L27 (ping: 416.09 ms)
0	00:36:07.575	'270024006': previous successful authorization performed from 195.149.87.163
0	00:36:16.428	'270024006': auto connecting to a better access point NY DC 2 (ping is 7.71 ms)
0	00:36:16.694	'270024006': login on ICMarketsSC-Live27 through NY DC 2 (ping: 7.71 ms)
0	00:36:25.259	'270024006': login datacenter on ICMarketsSC-Live27 through NY DC 2 (ping: 7.71 ms)
0	00:36:25.554	'270024006': previous successful authorization performed from 195.149.87.163
1	18:31:48.772	'270024006': connect failed [Нет связи]
0	18:32:21.475	'270024006': login on ICMarketsSC-Live27 through DC_LD_L27 (ping: 149.64 ms)
0	18:32:45.257	'270024006': login datacenter on ICMarketsSC-Live27 through DC_LD_L27 (ping: 149.64 ms)
0	18:32:45.928	'270024006': previous successful authorization performed from 195.149.87.163
0	18:32:54.163	'270024006': auto connecting to a better access point NY DC 2 (ping is 2.43 ms)
0	18:32:54.507	'270024006': login on ICMarketsSC-Live27 through NY DC 2 (ping: 2.43 ms)
0	18:33:00.319	'270024006': login datacenter on ICMarketsSC-Live27 through NY DC 2 (ping: 2.43 ms)
0	18:33:00.569	'270024006': previous successful authorization performed from 195.149.87.163
1	18:50:49.882	'270024006': connect failed [Нет связи]
0	18:51:32.757	'270024006': login on ICMarketsSC-Live27 through DC_CUS_L27 (ping: 76.04 ms)
0	18:52:38.850	'270024006': login on ICMarketsSC-Live27 through DC_LD_L27 (ping: 142.67 ms)
0	18:53:45.241	'270024006': login on ICMarketsSC-Live27 through DC_Frank_L27 (ping: 168.88 ms)
0	18:54:51.819	'270024006': login on ICMarketsSC-Live27 through DC_BS_L27 (ping: 231.34 ms)
0	18:54:56.882	'270024006': login datacenter on ICMarketsSC-Live27 through DC_BS_L27 (ping: 231.34 ms)
0	18:54:57.725	'270024006': previous successful authorization performed from 195.149.87.163
1	19:34:09.929	'270024006': connect failed [Нет связи]
0	19:35:16.944	'270024006': login on ICMarketsSC-Live27 through NY DC 2 (ping: n/a)
0	19:36:21.491	'270024006': login on ICMarketsSC-Live27 through NY DC 2 (ping: n/a)
0	19:36:22.835	'270024006': login datacenter on ICMarketsSC-Live27 through NY DC 2 (ping: n/a)
0	19:36:23.085	'270024006': previous successful authorization performed from 195.149.87.163
0	19:36:32.038	'270024006': ping to current access point NY DC 2 is 3.51 ms
