0	00:00:07.211	'270024006': order buy market 0.06 USDJPY sl: 110.450 tp: 111.052
1	00:00:07.445	'270024006': order buy 0.06 USDJPY opening at market sl: 110.450 tp: 111.052 failed [Market is closed]
0	00:00:08.054	'270024006': order buy market 0.06 USDJPY sl: 110.450 tp: 111.059
1	00:00:08.258	'270024006': order buy 0.06 USDJPY opening at market sl: 110.450 tp: 111.059 failed [Market is closed]
0	00:00:13.961	'270024006': order buy market 0.06 USDJPY sl: 110.450 tp: 111.061
1	00:00:14.195	'270024006': order buy 0.06 USDJPY opening at market sl: 110.450 tp: 111.061 failed [Market is closed]
0	00:00:46.164	'270024006': order buy market 0.06 USDJPY sl: 110.450 tp: 111.060
1	00:00:46.351	'270024006': order buy 0.06 USDJPY opening at market sl: 110.450 tp: 111.060 failed [Market is closed]
0	00:01:03.351	'270024006': order buy market 0.06 USDJPY sl: 110.450 tp: 111.061
0	00:01:04.023	'270024006': order was opened : #24770784 buy 0.06 USDJPY at 110.711 sl: 110.450 tp: 111.061
0	01:00:09.336	'270024006': close order #24770784 buy 0.06 USDJPY at 110.711 sl: 110.450 tp: 111.061 at price 0.000
0	01:00:09.635	'270024006': order #24770784 buy 0.06 USDJPY at 110.711 sl: 110.450 tp: 111.061 closed at price 110.723
1	16:58:55.427	'270024006': datacenter connecting failed [6]
0	16:58:56.161	'270024006': login on ICMarketsSC-Live27 through DC_Vir_L27 (ping: 21.10 ms)
0	16:58:56.583	'270024006': login datacenter on ICMarketsSC-Live27 through DC_Vir_L27 (ping: 21.10 ms)
0	16:58:57.036	'270024006': previous successful authorization performed from 213.109.220.248
0	16:59:10.364	'270024006': auto connecting to a better access point NY DC 1 (ping is 3.70 ms)
0	16:59:10.864	'270024006': login on ICMarketsSC-Live27 through NY DC 1 (ping: 3.70 ms)
0	16:59:11.208	'270024006': login datacenter on ICMarketsSC-Live27 through NY DC 1 (ping: 3.70 ms)
0	16:59:11.786	'270024006': previous successful authorization performed from 195.149.87.163
0	23:27:31.255	'270024006': order sell market 0.10 CHFJPY sl: 120.231 tp: 119.731
0	23:27:31.473	'270024006': order was opened : #24940036 sell 0.10 CHFJPY at 119.929 sl: 120.231 tp: 119.731
0	23:55:59.364	'270024006': order buy market 0.06 EURUSD sl: 1.16793 tp: 1.17306
0	23:55:59.583	'270024006': order was opened : #24942767 buy 0.06 EURUSD at 1.16956 sl: 1.16793 tp: 1.17306
0	23:58:32.020	'270024006': order buy market 0.06 GBPUSD sl: 1.36675 tp: 1.37354
0	23:58:32.708	'270024006': order was opened : #24943048 buy 0.06 GBPUSD at 1.37015 sl: 1.36675 tp: 1.37354
