0	00:42:40.492	'270024006': close order #16681194 sell 0.04 USDJPY at 110.331 sl: 110.557 tp: 109.978 at price 0.000
0	00:42:40.664	'270024006': order #16681194 sell 0.04 USDJPY at 110.331 sl: 110.557 tp: 109.978 closed at price 110.338
0	00:56:12.352	'270024006': close order #16680945 buy 0.04 GBPUSD at 1.38469 sl: 1.38159 tp: 1.38818 at price 0.00000
0	00:56:12.509	'270024006': order #16680945 buy 0.04 GBPUSD at 1.38469 sl: 1.38159 tp: 1.38818 closed at price 1.38489
0	01:25:07.602	'270024006': close order #16680938 sell 0.08 USDJPY at 110.330 sl: 110.630 tp: 110.130 at price 0.000
0	01:25:07.602	'270024006': close order #16681289 sell 0.15 USDJPY at 110.331 sl: 110.628 tp: 110.228 at price 0.000
0	01:25:07.883	'270024006': order #16681289 sell 0.15 USDJPY at 110.331 sl: 110.628 tp: 110.228 closed at price 110.301
0	01:25:07.914	'270024006': order #16680938 sell 0.08 USDJPY at 110.330 sl: 110.630 tp: 110.130 closed at price 110.301
0	03:05:20.085	'270024006': order #11367168 buy limit 0.04 EURUSD at 1.17324 activated at price 1.17324
0	03:09:38.022	'270024006': order #16369674 buy 0.03 USDJPY at 110.220 closed due take-profit at price 110.371
0	03:20:43.913	'270024006': close order #16691289 sell 0.08 EURAUD at 1.60124 sl: 1.60424 tp: 1.59924 at price 0.00000
0	03:20:44.085	'270024006': order #16691289 sell 0.08 EURAUD at 1.60124 sl: 1.60424 tp: 1.59924 closed at price 1.60089
0	03:51:17.179	'270024006': close order #16697477 sell 0.08 USDCHF at 0.92072 sl: 0.92372 tp: 0.91872 at price 0.00000
0	03:51:17.413	'270024006': order #16697477 sell 0.08 USDCHF at 0.92072 sl: 0.92372 tp: 0.91872 closed at price 0.92040
0	10:30:21.429	'270024006': order #11367896 buy limit 0.04 EURUSD at 1.17320 activated at price 1.17319
0	12:28:59.257	'270024006': order #16762362 buy 0.05 AUDUSD at 0.73295 closed due stop-loss at price 0.73307
0	23:11:34.960	'270024006': order buy market 0.08 AUDCAD sl: 0.91733 tp: 0.92233
0	23:11:35.132	'270024006': order was opened : #17050718 buy 0.08 AUDCAD at 0.92033 sl: 0.91733 tp: 0.92233
0	23:13:03.522	'270024006': order buy market 0.04 EURUSD sl: 1.17015 tp: 1.17528
0	23:13:03.710	'270024006': order was opened : #17051191 buy 0.04 EURUSD at 1.17179 sl: 1.17015 tp: 1.17528
0	23:35:49.819	'270024006': order buy market 0.08 EURCAD sl: 1.46445 tp: 1.46945
0	23:35:50.007	'270024006': order was opened : #17053613 buy 0.08 EURCAD at 1.46745 sl: 1.46445 tp: 1.46945
0	23:36:11.398	'270024006': order sell market 0.04 USDJPY sl: 110.825 tp: 110.246
0	23:36:11.569	'270024006': order was opened : #17053722 sell 0.04 USDJPY at 110.595 sl: 110.825 tp: 110.246
0	23:46:29.163	'270024006': close order #17051191 buy 0.04 EURUSD at 1.17179 sl: 1.17015 tp: 1.17528 at price 0.00000
0	23:46:29.397	'270024006': order #17051191 buy 0.04 EURUSD at 1.17179 sl: 1.17015 tp: 1.17528 closed at price 1.17196
