0	00:41:08.818	'270024006': order sell market 0.09 USDJPY sl: 0.000 tp: 0.000
0	00:41:08.974	'270024006': order sell market 0.08 USDJPY sl: 113.199 tp: 112.699
0	00:41:09.068	'270024006': order was opened : #29404496 sell 0.09 USDJPY at 112.899 sl: 0.000 tp: 0.000
0	00:41:09.115	'270024006': modify order #29404496 sell 0.09 USDJPY at 112.899 sl: 0.000 tp: 0.000 -> sl: 113.199 tp: 112.799
0	00:41:09.209	'270024006': order was opened : #29404501 sell 0.08 USDJPY at 112.899 sl: 113.199 tp: 112.699
0	00:41:09.240	'270024006': order #29404496 sell 0.09 USDJPY at 112.899 was modified -> sl: 113.199 tp: 112.799
0	01:03:02.115	'270024006': order sell market 0.06 USDJPY sl: 113.145 tp: 112.562
0	01:03:02.272	'270024006': order was opened : #29406172 sell 0.06 USDJPY at 112.912 sl: 113.145 tp: 112.562
0	01:28:02.896	'270024006': order sell market 0.06 EURAUD sl: 1.57638 tp: 1.56874
0	01:28:03.053	'270024006': order was opened : #29406994 sell 0.06 EURAUD at 1.57224 sl: 1.57638 tp: 1.56874
0	01:40:32.740	'270024006': close order #29406172 sell 0.06 USDJPY at 112.912 sl: 113.145 tp: 112.562 at price 0.000
0	01:40:32.912	'270024006': order #29406172 sell 0.06 USDJPY at 112.912 sl: 113.145 tp: 112.562 closed at price 112.895
0	01:43:25.865	'270024006': order sell market 0.06 USDJPY sl: 113.179 tp: 112.596
0	01:43:26.021	'270024006': order was opened : #29407508 sell 0.06 USDJPY at 112.946 sl: 113.179 tp: 112.596
0	01:54:57.928	'270024006': close order #29407508 sell 0.06 USDJPY at 112.946 sl: 113.179 tp: 112.596 at price 0.000
0	01:54:58.209	'270024006': order #29407508 sell 0.06 USDJPY at 112.946 sl: 113.179 tp: 112.596 closed at price 112.908
0	01:56:39.334	'270024006': close order #29406994 sell 0.06 EURAUD at 1.57224 sl: 1.57638 tp: 1.56874 at price 0.00000
0	01:56:39.490	'270024006': order #29406994 sell 0.06 EURAUD at 1.57224 sl: 1.57638 tp: 1.56874 closed at price 1.57187
0	02:18:40.912	'270024006': close order #29404496 sell 0.09 USDJPY at 112.899 sl: 113.199 tp: 112.799 at price 0.000
0	02:18:40.990	'270024006': close order #29404501 sell 0.08 USDJPY at 112.899 sl: 113.199 tp: 112.699 at price 0.000
0	02:18:41.177	'270024006': order #29404496 sell 0.09 USDJPY at 112.899 sl: 113.199 tp: 112.799 closed at price 112.878
0	02:18:41.177	'270024006': order #29404501 sell 0.08 USDJPY at 112.899 sl: 113.199 tp: 112.699 closed at price 112.878
1	15:36:30.568	'270024006': datacenter connecting failed [6]
0	15:36:31.037	'270024006': login on ICMarketsSC-Live27 through DC_Vir_L27 (ping: 15.32 ms)
0	15:36:31.412	'270024006': login datacenter on ICMarketsSC-Live27 through DC_Vir_L27 (ping: 15.32 ms)
0	15:36:31.725	'270024006': previous successful authorization performed from 37.99.36.134
0	15:36:53.068	'270024006': auto connecting to a better access point NY DC 2 (ping is 3.58 ms)
0	15:36:53.365	'270024006': login on ICMarketsSC-Live27 through NY DC 2 (ping: 3.58 ms)
0	15:36:53.459	'270024006': login datacenter on ICMarketsSC-Live27 through NY DC 2 (ping: 3.58 ms)
0	15:36:54.021	'270024006': previous successful authorization performed from 195.149.87.163
0	23:05:01.037	'270024006': order sell market 0.08 EURAUD sl: 1.57003 tp: 1.56503
0	23:05:01.240	'270024006': order was opened : #29538025 sell 0.08 EURAUD at 1.56702 sl: 1.57003 tp: 1.56503
0	23:14:02.615	'270024006': order buy market 0.08 AUDCAD sl: 0.91227 tp: 0.91727
0	23:14:02.818	'270024006': order was opened : #29538450 buy 0.08 AUDCAD at 0.91528 sl: 0.91227 tp: 0.91727
