0	05:15:53.165	'270024006': order #24285251 sell 0.13 USDJPY at 109.430 closed due stop-loss at price 109.919
0	13:11:52.507	'270024006': order #24475588 buy 0.06 USDJPY at 109.809 closed due stop-loss at price 109.877
0	23:00:01.398	'270024006': order buy market 0.06 GBPUSD sl: 1.36940 tp: 1.37596
0	23:00:01.742	'270024006': order buy market 0.06 EURUSD sl: 1.17260 tp: 1.17773
0	23:00:02.727	'270024006': order was opened : #24609802 buy 0.06 GBPUSD at 1.37241 sl: 1.36940 tp: 1.37596
0	23:00:06.789	'270024006': order was opened : #24610525 buy 0.06 EURUSD at 1.17420 sl: 1.17260 tp: 1.17773
0	23:03:12.632	'270024006': order sell market 0.18 USDJPY sl: 0.000 tp: 0.000
0	23:03:12.789	'270024006': order sell market 0.10 USDJPY sl: 110.581 tp: 110.081
0	23:03:12.976	'270024006': order was opened : #24621811 sell 0.18 USDJPY at 110.281 sl: 0.000 tp: 0.000
0	23:03:12.976	'270024006': modify order #24621811 sell 0.18 USDJPY at 110.281 sl: 0.000 tp: 0.000 -> sl: 110.581 tp: 110.181
0	23:03:13.133	'270024006': order was opened : #24621815 sell 0.10 USDJPY at 110.281 sl: 110.581 tp: 110.081
0	23:03:13.196	'270024006': order #24621811 sell 0.18 USDJPY at 110.281 was modified -> sl: 110.581 tp: 110.181
0	23:05:53.883	'270024006': order sell market 0.06 USDJPY sl: 110.522 tp: 109.943
0	23:05:54.102	'270024006': order was opened : #24622476 sell 0.06 USDJPY at 110.293 sl: 110.522 tp: 109.943
0	23:06:09.992	'270024006': order sell market 0.10 USDCHF sl: 0.92757 tp: 0.92257
0	23:06:10.851	'270024006': order was opened : #24622535 sell 0.10 USDCHF at 0.92456 sl: 0.92757 tp: 0.92257
1	23:22:20.899	'270024006': connect failed [Нет связи]
0	23:22:59.820	'270024006': login on ICMarketsSC-Live27 through DC_Frank_L27 (ping: 190.23 ms)
0	23:24:04.632	'270024006': login on ICMarketsSC-Live27 through DC_Frank_L27 (ping: 190.23 ms)
0	23:25:11.476	'270024006': login on ICMarketsSC-Live27 through DC_BS_L27 (ping: 250.56 ms)
0	23:26:17.976	'270024006': login on ICMarketsSC-Live27 through DC_JE_L27 (ping: 358.86 ms)
0	23:27:24.539	'270024006': login on ICMarketsSC-Live27 through DC_Syd_L27 (ping: 424.22 ms)
0	23:27:45.211	'270024006': login datacenter on ICMarketsSC-Live27 through DC_Syd_L27 (ping: 424.22 ms)
0	23:27:46.273	'270024006': previous successful authorization performed from 195.149.87.163
0	23:27:52.758	'270024006': order sell market 0.10 EURCAD sl: 1.48982 tp: 1.48482
0	23:27:53.726	Trades: use hosting service to speed up the execution - 1.97 ms via 'MQL5 New York INAP 12 (MQL5.community)' instead of 424.22 ms
0	23:27:53.726	'270024006': order was opened : #24624539 sell 0.10 EURCAD at 1.48682 sl: 1.48982 tp: 1.48482
0	23:28:02.273	'270024006': auto connecting to a better access point NY DC 1 (ping is 2.76 ms)
0	23:28:02.711	'270024006': login on ICMarketsSC-Live27 through NY DC 1 (ping: 2.76 ms)
0	23:28:02.789	'270024006': login datacenter on ICMarketsSC-Live27 through NY DC 1 (ping: 2.76 ms)
0	23:28:03.117	'270024006': previous successful authorization performed from 195.149.87.163
0	23:35:51.726	'270024006': order sell market 0.10 EURAUD sl: 1.61192 tp: 1.60692
0	23:35:51.945	'270024006': order was opened : #24625936 sell 0.10 EURAUD at 1.60892 sl: 1.61192 tp: 1.60692
0	23:36:19.242	'270024006': order buy market 0.10 AUDCAD sl: 0.92061 tp: 0.92561
0	23:36:19.445	'270024006': order was opened : #24626217 buy 0.10 AUDCAD at 0.92361 sl: 0.92061 tp: 0.92561
