0	00:00:01.700	'270024006': close order #23724947 sell 0.05 EURUSD at 1.17710 sl: 1.17874 tp: 1.17360 at price 0.00000
1	00:00:02.247	'270024006': order #23724947 sell 0.05 EURUSD closing at 0.00000 failed [Market is closed]
0	00:00:02.247	'270024006': close order #23724947 sell 0.05 EURUSD at 1.17710 sl: 1.17874 tp: 1.17360 at price 0.00000
1	00:00:02.497	'270024006': order #23724947 sell 0.05 EURUSD closing at 0.00000 failed [Market is closed]
0	00:00:04.810	'270024006': close order #23724947 sell 0.05 EURUSD at 1.17710 sl: 1.17874 tp: 1.17360 at price 0.00000
1	00:00:05.059	'270024006': order #23724947 sell 0.05 EURUSD closing at 0.00000 failed [Market is closed]
0	00:00:05.763	'270024006': close order #23724947 sell 0.05 EURUSD at 1.17710 sl: 1.17874 tp: 1.17360 at price 0.00000
1	00:00:06.013	'270024006': order #23724947 sell 0.05 EURUSD closing at 0.00000 failed [Market is closed]
0	00:00:15.341	'270024006': close order #23724947 sell 0.05 EURUSD at 1.17710 sl: 1.17874 tp: 1.17360 at price 0.00000
1	00:00:15.513	'270024006': order #23724947 sell 0.05 EURUSD closing at 0.00000 failed [Market is closed]
0	00:00:19.122	'270024006': close order #23724947 sell 0.05 EURUSD at 1.17710 sl: 1.17874 tp: 1.17360 at price 0.00000
1	00:00:20.403	'270024006': order #23724947 sell 0.05 EURUSD closing at 0.00000 failed [Market is closed]
0	00:00:20.450	'270024006': close order #23724947 sell 0.05 EURUSD at 1.17710 sl: 1.17874 tp: 1.17360 at price 0.00000
1	00:00:20.669	'270024006': order #23724947 sell 0.05 EURUSD closing at 0.00000 failed [Market is closed]
0	00:00:20.747	'270024006': close order #23724947 sell 0.05 EURUSD at 1.17710 sl: 1.17874 tp: 1.17360 at price 0.00000
1	00:00:20.966	'270024006': order #23724947 sell 0.05 EURUSD closing at 0.00000 failed [Market is closed]
0	00:01:06.935	'270024006': close order #23724947 sell 0.05 EURUSD at 1.17710 sl: 1.17874 tp: 1.17360 at price 0.00000
0	00:01:07.919	'270024006': order #23724947 sell 0.05 EURUSD at 1.17710 sl: 1.17874 tp: 1.17360 closed at price 1.17654
0	00:01:57.403	'270024006': close order #23728029 sell 0.10 AUDCAD at 0.92518 sl: 0.92818 tp: 0.92318 at price 0.00000
0	00:01:57.700	'270024006': order #23728029 sell 0.10 AUDCAD at 0.92518 sl: 0.92818 tp: 0.92318 closed at price 0.92470
0	00:56:02.622	'270024006': close order #23729333 sell 0.05 USDJPY at 109.737 sl: 109.964 tp: 109.386 at price 0.000
0	00:56:02.872	'270024006': order #23729333 sell 0.05 USDJPY at 109.737 sl: 109.964 tp: 109.386 closed at price 109.732
0	01:18:14.747	'270024006': close order #23729334 sell 0.19 USDJPY at 109.737 sl: 110.034 tp: 109.634 at price 0.000
0	01:18:14.794	'270024006': close order #23729330 sell 0.10 USDJPY at 109.737 sl: 110.034 tp: 109.534 at price 0.000
0	01:18:15.138	'270024006': order #23729334 sell 0.19 USDJPY at 109.737 sl: 110.034 tp: 109.634 closed at price 109.714
0	01:18:15.138	'270024006': order #23729330 sell 0.10 USDJPY at 109.737 sl: 110.034 tp: 109.534 closed at price 109.714
0	03:00:52.481	'270024006': close order #23729796 sell 0.10 USDCHF at 0.92752 sl: 0.93053 tp: 0.92553 at price 0.00000
0	03:00:52.810	'270024006': order #23729796 sell 0.10 USDCHF at 0.92752 sl: 0.93053 tp: 0.92553 closed at price 0.92730
0	04:48:02.825	'270024006': order #23620979 sell 0.05 USDJPY at 109.415 closed due stop-loss at price 109.867
0	16:52:15.233	'270024006': order #23799818 sell stop 0.75 EURUSD at 1.17515 activated at price 1.17511
0	16:52:15.294	'270024006': order #23800764 sell stop 0.75 EURUSD at 1.17515 activated at price 1.17511
0	17:14:01.763	'270024006': order #23799818 sell 0.75 EURUSD at 1.17511 closed due stop-loss at price 1.17480
0	17:14:01.825	'270024006': order #23800764 sell 0.75 EURUSD at 1.17511 closed due stop-loss at price 1.17480
0	18:19:05.700	'270024006': order #23698001 sell 0.04 EURUSD at 1.17602 closed due stop-loss at price 1.17382
