0	00:18:46.357	'270024006': order sell market 0.05 EURUSD sl: 1.17466 tp: 1.16950
0	00:18:46.950	'270024006': order was opened : #24088424 sell 0.05 EURUSD at 1.17261 sl: 1.17466 tp: 1.16950
0	00:24:57.247	'270024006': order #24069865 buy 0.10 EURAUD at 1.61534 closed due take-profit at price 1.61719
0	00:27:14.841	'270024006': close order #24068990 sell 0.05 GBPUSD at 1.36639 sl: 1.36951 tp: 1.36298 at price 0.00000
0	00:27:15.044	'270024006': order #24068990 sell 0.05 GBPUSD at 1.36639 sl: 1.36951 tp: 1.36298 closed at price 1.36555
0	00:47:45.950	'270024006': order sell market 0.20 USDJPY sl: 0.000 tp: 0.000
0	00:47:46.122	'270024006': order sell market 0.10 USDJPY sl: 109.713 tp: 109.213
0	00:47:46.247	'270024006': order was opened : #24090533 sell 0.20 USDJPY at 109.406 sl: 0.000 tp: 0.000
0	00:47:46.247	'270024006': modify order #24090533 sell 0.20 USDJPY at 109.406 sl: 0.000 tp: 0.000 -> sl: 109.713 tp: 109.313
0	00:47:46.481	'270024006': order was opened : #24090535 sell 0.10 USDJPY at 109.409 sl: 109.713 tp: 109.213
0	00:47:46.518	'270024006': order #24090533 sell 0.20 USDJPY at 109.406 was modified -> sl: 109.713 tp: 109.313
0	00:48:12.809	'270024006': order sell market 0.10 CHFJPY sl: 118.236 tp: 117.736
0	00:48:13.091	'270024006': order was opened : #24090592 sell 0.10 CHFJPY at 117.933 sl: 118.236 tp: 117.736
0	01:50:12.044	'270024006': close order #24088424 sell 0.05 EURUSD at 1.17261 sl: 1.17466 tp: 1.16950 at price 0.00000
0	01:50:12.263	'270024006': order #24088424 sell 0.05 EURUSD at 1.17261 sl: 1.17466 tp: 1.16950 closed at price 1.17282
0	02:07:36.747	'270024006': close order #24090592 sell 0.10 CHFJPY at 117.933 sl: 118.236 tp: 117.736 at price 0.000
0	02:07:36.934	'270024006': order #24090592 sell 0.10 CHFJPY at 117.933 sl: 118.236 tp: 117.736 closed at price 117.882
0	02:10:00.309	'270024006': close order #24090533 sell 0.20 USDJPY at 109.406 sl: 109.713 tp: 109.313 at price 0.000
0	02:10:00.403	'270024006': close order #24090535 sell 0.10 USDJPY at 109.409 sl: 109.713 tp: 109.213 at price 0.000
0	02:10:00.606	'270024006': order #24090533 sell 0.20 USDJPY at 109.406 sl: 109.713 tp: 109.313 closed at price 109.384
0	02:10:00.606	'270024006': order #24090535 sell 0.10 USDJPY at 109.409 sl: 109.713 tp: 109.213 closed at price 109.384
0	02:17:35.888	'270024006': close order #24068643 sell 0.10 AUDCAD at 0.93039 sl: 0.93346 tp: 0.92846 at price 0.00000
0	02:17:36.091	'270024006': order #24068643 sell 0.10 AUDCAD at 0.93039 sl: 0.93346 tp: 0.92846 closed at price 0.92945
0	14:23:36.054	'270024006': order #24108817 sell 0.19 USDJPY at 109.587 closed due take-profit at price 109.436
0	23:12:35.257	'270024006': order sell market 0.11 EURAUD sl: 1.62501 tp: 1.62001
0	23:12:35.461	'270024006': order was opened : #24252138 sell 0.11 EURAUD at 1.62201 sl: 1.62501 tp: 1.62001
