0	00:03:43.710	'270024006': order sell market 0.09 USDCHF sl: 0.91891 tp: 0.91391
0	00:03:44.163	'270024006': order was opened : #18147403 sell 0.09 USDCHF at 0.91591 sl: 0.91891 tp: 0.91391
0	01:01:01.679	'270024006': close order #18147403 sell 0.09 USDCHF at 0.91591 sl: 0.91891 tp: 0.91391 at price 0.00000
0	01:01:05.538	'270024006': order #18147403 sell 0.09 USDCHF at 0.91591 sl: 0.91891 tp: 0.91391 closed at price 0.91553
0	23:02:21.161	'270024006': order buy market 0.04 GBPUSD sl: 1.38072 tp: 1.38726
0	23:02:21.411	'270024006': order was opened : #18535022 buy 0.04 GBPUSD at 1.38376 sl: 1.38072 tp: 1.38726
0	23:22:19.056	'270024006': order sell market 0.09 USDCHF sl: 0.91544 tp: 0.91044
0	23:22:19.286	'270024006': order was opened : #18538450 sell 0.09 USDCHF at 0.91244 sl: 0.91544 tp: 0.91044
0	23:27:16.020	'270024006': order sell market 0.04 USDJPY sl: 109.489 tp: 108.912
0	23:27:16.270	'270024006': order was opened : #18538793 sell 0.04 USDJPY at 109.263 sl: 109.489 tp: 108.912
0	23:38:35.942	'270024006': close order #18535022 buy 0.04 GBPUSD at 1.38376 sl: 1.38072 tp: 1.38726 at price 0.00000
0	23:38:36.145	'270024006': order #18535022 buy 0.04 GBPUSD at 1.38376 sl: 1.38072 tp: 1.38726 closed at price 1.38398
0	23:56:31.036	'270024006': order sell market 0.04 GBPUSD sl: 1.38729 tp: 1.38069
0	23:56:31.333	'270024006': order was opened : #18544657 sell 0.04 GBPUSD at 1.38400 sl: 1.38729 tp: 1.38069
0	23:57:01.942	'270024006': order sell market 0.16 USDJPY sl: 0.000 tp: 0.000
0	23:57:02.005	'270024006': order sell market 0.09 USDJPY sl: 109.571 tp: 109.071
0	23:57:02.333	'270024006': order was opened : #18544688 sell 0.16 USDJPY at 109.271 sl: 0.000 tp: 0.000
0	23:57:02.333	'270024006': modify order #18544688 sell 0.16 USDJPY at 109.271 sl: 0.000 tp: 0.000 -> sl: 109.571 tp: 109.171
0	23:57:02.426	'270024006': order was opened : #18544689 sell 0.09 USDJPY at 109.271 sl: 109.571 tp: 109.071
0	23:57:02.489	'270024006': order #18544688 sell 0.16 USDJPY at 109.271 was modified -> sl: 109.571 tp: 109.171
