1	00:31:51.648	'270024006': connect failed [Нет связи]
0	00:32:17.039	'270024006': login on ICMarketsSC-Live27 through DC_NCUS_L27 (ping: 61.35 ms)
0	00:32:22.914	'270024006': login datacenter on ICMarketsSC-Live27 through DC_NCUS_L27 (ping: 61.35 ms)
0	00:32:23.461	'270024006': previous successful authorization performed from 37.99.86.73
0	00:32:35.648	'270024006': auto connecting to a better access point NY DC 2 (ping is 2.62 ms)
0	00:32:35.992	'270024006': login on ICMarketsSC-Live27 through NY DC 2 (ping: 2.62 ms)
0	00:32:36.633	'270024006': login datacenter on ICMarketsSC-Live27 through NY DC 2 (ping: 2.62 ms)
0	00:32:36.945	'270024006': previous successful authorization performed from 195.149.87.163
1	01:52:20.383	'270024006': ping failed
1	01:52:20.398	'270024006': datacenter connecting failed [2]
0	01:53:00.226	'270024006': login on ICMarketsSC-Live27 through DC_EUS_L27 (ping: 23.79 ms)
0	01:53:00.664	'270024006': login datacenter on ICMarketsSC-Live27 through DC_EUS_L27 (ping: 23.79 ms)
0	01:53:01.086	'270024006': previous successful authorization performed from 195.149.87.163
0	01:53:10.211	'270024006': auto connecting to a better access point NY DC 1 (ping is 1.50 ms)
0	01:53:10.666	'270024006': login on ICMarketsSC-Live27 through NY DC 1 (ping: 1.50 ms)
0	01:53:10.727	'270024006': login datacenter on ICMarketsSC-Live27 through NY DC 1 (ping: 1.50 ms)
0	01:53:11.117	'270024006': previous successful authorization performed from 195.149.87.163
0	12:06:44.773	System to be shutdown, request for close IC Markets (SC) MT4
0	12:06:45.101	IC Markets (SC) MT4 build 1335 stopped because system shutdown
0	12:13:10.937	IC Markets (SC) MT4 build 1335 started (True ECN Trading Ltd)
0	12:13:10.937	Windows Server 2012 R2 Standard x64, IE 11, UAC, 2 x Intel Xeon  E5-2680 v2 @ 2.80GHz, Memory: 3458 / 4095 Mb, Disk: 31 / 48 Gb, GMT+2
0	12:13:10.937	Data Folder: C:\Program Files (x86)\MetaTrader 4 IC Markets-NY_Closer
2	12:13:14.156	Expert NY Close Scalper v3.1 EURUSD,M5: loaded successfully
2	12:13:14.281	Expert NY Close Scalper v3.1 GBPUSD,M5: loaded successfully
2	12:13:14.421	Expert NY Close Scalper v3.1 USDCAD,M5: loaded successfully
2	12:13:14.562	Expert NY Close Scalper v3.1 USDJPY,M5: loaded successfully
2	12:13:14.734	Expert NY Close Scalper v3.1 EURAUD,M5: loaded successfully
2	12:13:14.890	Expert NY Close Scalper v3.1 EURCAD,M5: loaded successfully
0	12:13:16.313	'270024006': login on ICMarketsSC-Live27 through NY DC 1 (ping: 1.50 ms)
0	12:13:16.484	'270024006': login datacenter on ICMarketsSC-Live27 through NY DC 1 (ping: 1.50 ms)
0	12:13:16.868	'270024006': previous successful authorization performed from 213.109.220.94
0	12:13:25.894	'270024006': ping to current access point NY DC 1 is 1.32 ms
2	15:16:04.031	Expert NY Close Scalper v3.1 EURUSD,M5: removed
2	15:16:04.062	Expert NY Close Scalper v3.1 GBPUSD,M5: removed
2	15:16:04.093	Expert NY Close Scalper v3.1 USDCAD,M5: removed
2	15:16:04.109	Expert NY Close Scalper v3.1 USDJPY,M5: removed
2	15:16:04.140	Expert NY Close Scalper v3.1 EURAUD,M5: removed
2	15:16:04.156	Expert NY Close Scalper v3.1 EURCAD,M5: removed
0	15:16:04.577	IC Markets (SC) MT4 build 1335 stopped
0	15:16:17.421	IC Markets (SC) MT4 build 1335 started (True ECN Trading Ltd)
0	15:16:17.421	Windows Server 2012 R2 Standard x64, IE 11, RDP, UAC, 2 x Intel Xeon  E5-2680 v2 @ 2.80GHz, Memory: 3239 / 4095 Mb, Disk: 31 / 48 Gb, GMT+2
0	15:16:17.421	Data Folder: C:\Program Files (x86)\MetaTrader 4 IC Markets-NY_Closer
2	15:16:21.250	Expert NY Close Scalper v3.1 EURUSD,M5: loaded successfully
2	15:16:21.421	Expert NY Close Scalper v3.1 GBPUSD,M5: loaded successfully
2	15:16:21.577	Expert NY Close Scalper v3.1 USDCAD,M5: loaded successfully
2	15:16:21.703	Expert NY Close Scalper v3.1 USDJPY,M5: loaded successfully
2	15:16:21.937	Expert NY Close Scalper v3.1 EURAUD,M5: loaded successfully
2	15:16:22.109	Expert NY Close Scalper v3.1 EURCAD,M5: loaded successfully
0	15:16:23.921	'270024006': login on ICMarketsSC-Live27 through NY DC 1 (ping: 1.32 ms)
0	15:16:23.999	'270024006': login datacenter on ICMarketsSC-Live27 through NY DC 1 (ping: 1.32 ms)
0	15:16:24.296	'270024006': previous successful authorization performed from 195.149.87.163
0	15:16:33.406	'270024006': ping to current access point NY DC 1 is 1.30 ms
2	15:29:22.299	Expert FX NightScalper_JD USDJPY,M15: loaded successfully
2	15:38:02.484	Expert Hunter nighty USDJPY,M15: loaded successfully
0	21:47:12.986	System to be shutdown, request for close IC Markets (SC) MT4
0	21:47:13.312	IC Markets (SC) MT4 build 1335 stopped because system shutdown
0	21:48:15.498	IC Markets (SC) MT4 build 1335 started (True ECN Trading Ltd)
0	21:48:15.498	Windows Server 2012 R2 Standard x64, IE 11, UAC, 2 x Intel Xeon  E5-2680 v2 @ 2.80GHz, Memory: 3477 / 4095 Mb, Disk: 31 / 48 Gb, GMT+2
0	21:48:15.498	Data Folder: C:\Program Files (x86)\MetaTrader 4 IC Markets-NY_Closer
2	21:48:18.375	Expert NY Close Scalper v3.1 EURUSD,M5: loaded successfully
2	21:48:18.514	Expert NY Close Scalper v3.1 GBPUSD,M5: loaded successfully
2	21:48:18.655	Expert NY Close Scalper v3.1 USDCAD,M5: loaded successfully
2	21:48:18.780	Expert NY Close Scalper v3.1 USDJPY,M5: loaded successfully
2	21:48:18.936	Expert NY Close Scalper v3.1 EURAUD,M5: loaded successfully
2	21:48:19.092	Expert NY Close Scalper v3.1 EURCAD,M5: loaded successfully
2	21:48:19.220	Expert FX NightScalper_JD USDJPY,M15: loaded successfully
2	21:48:19.343	Expert Hunter nighty USDJPY,M15: loaded successfully
0	21:48:20.967	'270024006': login on ICMarketsSC-Live27 through NY DC 1 (ping: 1.30 ms)
0	21:48:21.061	'270024006': login datacenter on ICMarketsSC-Live27 through NY DC 1 (ping: 1.30 ms)
0	21:48:21.467	'270024006': previous successful authorization performed from 195.149.87.163
0	21:48:30.827	'270024006': ping to current access point NY DC 1 is 1.78 ms
