0	02:11:42.861	'270024006': close order #11146859 buy 0.03 AUDCAD at 0.92940 sl: 0.92640 tp: 0.93140 at price 0.00000
0	02:11:43.064	'270024006': order #11146859 buy 0.03 AUDCAD at 0.92940 sl: 0.92640 tp: 0.93140 closed at price 0.92975
1	15:09:37.189	'270024006': ping failed
0	15:09:37.189	'270024006': login datacenter on ICMarketsSC-Live27
0	15:09:37.876	'270024006': login on ICMarketsSC-Live27 through NY DC 2 (ping: 2.06 ms)
0	15:09:38.236	'270024006': login datacenter on ICMarketsSC-Live27 through NY DC 2 (ping: 2.06 ms)
0	15:09:38.579	'270024006': previous successful authorization performed from 195.149.87.163
0	15:09:48.486	'270024006': ping to current access point NY DC 2 is 5.76 ms
0	15:10:39.127	System to be shutdown, request for close IC Markets (SC) MT4
0	15:10:39.392	IC Markets (SC) MT4 build 1335 stopped because system shutdown
0	15:11:45.564	IC Markets (SC) MT4 build 1335 started (True ECN Trading Ltd)
0	15:11:45.580	Windows Server 2012 R2 Standard x64, IE 11, UAC, 2 x Intel Xeon  E5-2680 v2 @ 2.80GHz, Memory: 3373 / 4095 Mb, Disk: 32 / 48 Gb, GMT+2
0	15:11:45.580	Data Folder: C:\Program Files (x86)\MetaTrader 4 IC Markets-NY_Closer
2	15:11:49.557	Expert NY Close Scalper v3.1 EURUSD,M5: loaded successfully
2	15:11:49.688	Expert NY Close Scalper v3.1 GBPUSD,M5: loaded successfully
2	15:11:49.841	Expert NY Close Scalper v3.1 USDCAD,M5: loaded successfully
2	15:11:49.992	Expert NY Close Scalper v3.1 USDJPY,M5: loaded successfully
2	15:11:50.161	Expert NY Close Scalper v3.1 EURAUD,M5: loaded successfully
2	15:11:50.345	Expert NY Close Scalper v3.1 EURCAD,M5: loaded successfully
2	15:11:50.494	Expert FX NightScalper_JD USDJPY,M15: loaded successfully
2	15:11:50.614	Expert Hunter nighty USDJPY,M15: loaded successfully
0	15:11:52.601	'270024006': login on ICMarketsSC-Live27 through NY DC 2 (ping: 5.76 ms)
0	15:11:53.149	'270024006': login datacenter on ICMarketsSC-Live27 through NY DC 2 (ping: 5.76 ms)
0	15:11:53.836	'270024006': previous successful authorization performed from 195.149.87.163
