0	00:01:01.263	'270024006': order sell market 0.05 EURUSD sl: 1.18245 tp: 1.17728
0	00:01:01.809	'270024006': order was opened : #23344523 sell 0.05 EURUSD at 1.18078 sl: 1.18245 tp: 1.17728
0	00:20:03.357	'270024006': close order #23344523 sell 0.05 EURUSD at 1.18078 sl: 1.18245 tp: 1.17728 at price 0.00000
0	00:20:03.575	'270024006': order #23344523 sell 0.05 EURUSD at 1.18078 sl: 1.18245 tp: 1.17728 closed at price 1.18047
0	00:22:47.687	'270024006': order sell market 0.19 USDJPY sl: 0.000 tp: 0.000
0	00:22:47.795	'270024006': order sell market 0.10 USDJPY sl: 110.001 tp: 109.501
0	00:22:48.185	'270024006': order was opened : #23348387 sell 0.10 USDJPY at 109.699 sl: 110.001 tp: 109.501
0	00:22:48.185	'270024006': order was opened : #23348388 sell 0.19 USDJPY at 109.699 sl: 0.000 tp: 0.000
0	00:22:48.185	'270024006': modify order #23348388 sell 0.19 USDJPY at 109.699 sl: 0.000 tp: 0.000 -> sl: 110.001 tp: 109.601
0	00:22:48.434	'270024006': order #23348388 sell 0.19 USDJPY at 109.699 was modified -> sl: 110.001 tp: 109.601
0	00:47:13.184	'270024006': order sell market 0.05 EURUSD sl: 1.18251 tp: 1.17734
0	00:47:13.434	'270024006': order was opened : #23350074 sell 0.05 EURUSD at 1.18056 sl: 1.18251 tp: 1.17734
0	00:48:36.403	'270024006': close order #23350074 sell 0.05 EURUSD at 1.18056 sl: 1.18251 tp: 1.17734 at price 0.00000
0	00:48:36.559	'270024006': order #23350074 sell 0.05 EURUSD at 1.18056 sl: 1.18251 tp: 1.17734 closed at price 1.18043
0	01:30:04.154	'270024006': close order #23327689 sell 0.05 USDJPY at 109.654 sl: 109.883 tp: 109.306 at price 0.000
0	01:30:04.528	'270024006': order #23327689 sell 0.05 USDJPY at 109.654 sl: 109.883 tp: 109.306 closed at price 109.733
0	02:17:55.981	'270024006': close order #23340972 sell 0.10 AUDCAD at 0.92915 sl: 0.93217 tp: 0.92717 at price 0.00000
0	02:17:56.185	'270024006': order #23340972 sell 0.10 AUDCAD at 0.92915 sl: 0.93217 tp: 0.92717 closed at price 0.92880
0	03:02:34.419	'270024006': close order #23348388 sell 0.19 USDJPY at 109.699 sl: 110.001 tp: 109.601 at price 0.000
0	03:02:34.513	'270024006': close order #23348387 sell 0.10 USDJPY at 109.699 sl: 110.001 tp: 109.501 at price 0.000
0	03:02:34.716	'270024006': order #23348388 sell 0.19 USDJPY at 109.699 sl: 110.001 tp: 109.601 closed at price 109.690
0	03:02:34.716	'270024006': order #23348387 sell 0.10 USDJPY at 109.699 sl: 110.001 tp: 109.501 closed at price 109.690
0	03:59:42.481	'270024006': order #22993949 buy 0.07 USDCAD at 1.26801 closed due take-profit at price 1.26993
0	08:38:07.778	'270024006': order #23373285 sell 0.06 AUDUSD at 0.73212 closed due stop-loss at price 0.73201
1	09:16:40.153	'270024006': connect failed [Нет связи]
0	09:17:16.809	'270024006': login on ICMarketsSC-Live27 through DC_CUS_L27 (ping: 88.99 ms)
0	09:18:23.513	'270024006': login on ICMarketsSC-Live27 through DC_LD_L27 (ping: 143.52 ms)
0	09:19:29.684	'270024006': login on ICMarketsSC-Live27 through DC_Frank_L27 (ping: 174.84 ms)
0	09:20:36.372	'270024006': login on ICMarketsSC-Live27 through DC_BS_L27 (ping: 232.09 ms)
0	09:20:40.450	'270024006': login datacenter on ICMarketsSC-Live27 through DC_BS_L27 (ping: 232.09 ms)
0	09:20:41.153	'270024006': previous successful authorization performed from 195.149.87.163
0	09:20:52.794	'270024006': auto connecting to a better access point DC_Vir_L27 (ping is 30.06 ms)
0	09:20:56.263	'270024006': login on ICMarketsSC-Live27 through DC_Vir_L27 (ping: 30.06 ms)
0	09:20:56.983	'270024006': login datacenter on ICMarketsSC-Live27 through DC_Vir_L27 (ping: 30.06 ms)
0	09:20:57.450	'270024006': previous successful authorization performed from 195.149.87.163
0	14:23:42.653	'270024006': order #23378267 buy 0.03 EURUSD at 1.18020 closed due stop-loss at price 1.18224
0	15:02:32.810	'270024006': order #23391747 sell 0.06 GBPUSD at 1.38282 closed due stop-loss at price 1.38278
0	15:33:04.513	'270024006': order #23436487 buy 0.03 EURUSD at 1.18220 closed due stop-loss at price 1.18220
0	23:01:00.342	'270024006': order buy market 0.19 USDJPY sl: 0.000 tp: 0.000
0	23:01:00.497	'270024006': order buy market 0.10 USDJPY sl: 109.050 tp: 109.550
0	23:01:00.700	'270024006': order was opened : #23519959 buy 0.19 USDJPY at 109.349 sl: 0.000 tp: 0.000
0	23:01:00.700	'270024006': modify order #23519959 buy 0.19 USDJPY at 109.349 sl: 0.000 tp: 0.000 -> sl: 109.050 tp: 109.450
0	23:01:00.924	'270024006': order was opened : #23519965 buy 0.10 USDJPY at 109.349 sl: 109.050 tp: 109.550
0	23:01:00.997	'270024006': order #23519959 buy 0.19 USDJPY at 109.349 was modified -> sl: 109.050 tp: 109.450
