0	00:00:56.270	'270024006': close order #24942767 buy 0.06 EURUSD at 1.16956 sl: 1.16793 tp: 1.17306 at price 0.00000
1	00:00:56.442	'270024006': order #24942767 buy 0.06 EURUSD closing at 0.00000 failed [Market is closed]
0	00:01:05.333	'270024006': close order #24942767 buy 0.06 EURUSD at 1.16956 sl: 1.16793 tp: 1.17306 at price 0.00000
0	00:01:05.614	'270024006': order #24942767 buy 0.06 EURUSD at 1.16956 sl: 1.16793 tp: 1.17306 closed at price 1.16956
0	00:49:23.099	'270024006': close order #24943048 buy 0.06 GBPUSD at 1.37015 sl: 1.36675 tp: 1.37354 at price 0.00000
0	00:49:23.848	'270024006': order #24943048 buy 0.06 GBPUSD at 1.37015 sl: 1.36675 tp: 1.37354 closed at price 1.37042
0	02:43:09.286	'270024006': close order #24940036 sell 0.10 CHFJPY at 119.929 sl: 120.231 tp: 119.731 at price 0.000
0	02:43:09.490	'270024006': order #24940036 sell 0.10 CHFJPY at 119.929 sl: 120.231 tp: 119.731 closed at price 119.879
0	10:16:44.487	'270024006': order #24995398 sell 0.10 GBPUSD at 1.36895 closed due stop-loss at price 1.36877
0	13:31:18.332	'270024006': order #24479075 sell 0.06 AUDUSD at 0.72440 closed due take-profit at price 0.72419
0	13:55:21.018	'270024006': login datacenter on ICMarketsSC-Live27 through NY DC 1 (ping: 3.70 ms)
0	13:55:21.049	'270024006': login datacenter on ICMarketsSC-Live27 through NY DC 1 (ping: 3.70 ms)
1	13:55:21.190	'270024006': ping failed
1	13:55:21.190	'270024006': datacenter connecting failed [6]
0	13:55:21.955	'270024006': login on ICMarketsSC-Live27 through NY DC 1 (ping: 3.70 ms)
0	13:55:22.330	'270024006': login datacenter on ICMarketsSC-Live27 through NY DC 1 (ping: 3.70 ms)
0	13:55:22.830	'270024006': previous successful authorization performed from 37.99.32.89
0	13:55:32.783	'270024006': auto connecting to a better access point NY DC 2 (ping is 2.71 ms)
0	13:55:33.221	'270024006': login on ICMarketsSC-Live27 through NY DC 2 (ping: 2.71 ms)
0	13:55:34.908	'270024006': login datacenter on ICMarketsSC-Live27 through NY DC 2 (ping: 2.71 ms)
0	13:55:35.315	'270024006': previous successful authorization performed from 195.149.87.163
1	16:06:40.721	'270024006': datacenter connecting failed [6]
0	16:06:41.315	'270024006': login on ICMarketsSC-Live27 through NY DC 1 (ping: 8.78 ms)
0	16:06:41.736	'270024006': login datacenter on ICMarketsSC-Live27 through NY DC 1 (ping: 8.78 ms)
0	16:06:42.080	'270024006': previous successful authorization performed from 95.82.121.83
0	16:06:52.565	'270024006': ping to current access point NY DC 1 is 3.35 ms
0	23:22:37.643	'270024006': order sell market 0.10 CHFJPY sl: 120.308 tp: 119.808
0	23:22:37.893	'270024006': order was opened : #25161194 sell 0.10 CHFJPY at 120.010 sl: 120.308 tp: 119.808
0	23:49:55.174	'270024006': order sell market 0.10 AUDCAD sl: 0.92121 tp: 0.91621
0	23:49:55.330	'270024006': order was opened : #25164345 sell 0.10 AUDCAD at 0.91821 sl: 0.92121 tp: 0.91621
