0	00:00:06.909	'270024006': auto connecting to a better access point NY DC 1 (ping is 2.77 ms)
0	00:00:07.378	'270024006': login on ICMarketsSC-Live27 through NY DC 1 (ping: 2.77 ms)
0	00:00:07.471	'270024006': login datacenter on ICMarketsSC-Live27 through NY DC 1 (ping: 2.77 ms)
0	00:00:07.784	'270024006': previous successful authorization performed from 195.149.87.163
0	00:30:14.097	'270024006': close order #31569588 sell 0.12 GBPUSD at 1.32650 sl: 1.32946 tp: 1.32300 at price 0.00000
0	00:30:14.471	'270024006': order #31569588 sell 0.12 GBPUSD at 1.32650 sl: 1.32946 tp: 1.32300 closed at price 1.32630
0	00:31:36.784	'270024006': close order #31568293 sell 0.12 USDJPY at 113.514 sl: 113.751 tp: 113.165 at price 0.000
0	00:31:36.987	'270024006': order #31568293 sell 0.12 USDJPY at 113.514 sl: 113.751 tp: 113.165 closed at price 113.488
0	00:46:45.253	'270024006': close order #31569272 sell 0.12 EURUSD at 1.12844 sl: 1.13004 tp: 1.12497 at price 0.00000
0	00:46:45.440	'270024006': order #31569272 sell 0.12 EURUSD at 1.12844 sl: 1.13004 tp: 1.12497 closed at price 1.12843
0	23:00:01.241	'270024006': order buy market 0.08 USDJPY sl: 113.186 tp: 113.686
0	23:00:01.351	'270024006': order sell market 0.12 GBPUSD sl: 1.32725 tp: 1.32080
0	23:00:01.382	'270024006': order sell market 0.12 EURUSD sl: 1.12834 tp: 1.12326
0	23:00:01.554	'270024006': order buy market 0.12 USDJPY sl: 113.255 tp: 113.839
0	23:00:01.929	'270024006': order was opened : #31662801 buy 0.08 USDJPY at 113.486 sl: 113.186 tp: 113.686
0	23:00:03.116	'270024006': order was opened : #31662960 sell 0.12 GBPUSD at 1.32432 sl: 1.32725 tp: 1.32080
0	23:00:03.398	'270024006': order was opened : #31662975 sell 0.12 EURUSD at 1.12676 sl: 1.12834 tp: 1.12326
0	23:00:04.913	'270024006': order was opened : #31663236 buy 0.12 USDJPY at 113.499 sl: 113.255 tp: 113.839
0	23:54:12.805	'270024006': close order #31663236 buy 0.12 USDJPY at 113.499 sl: 113.255 tp: 113.839 at price 0.000
0	23:54:13.039	'270024006': order #31663236 buy 0.12 USDJPY at 113.499 sl: 113.255 tp: 113.839 closed at price 113.561
