0	00:01:00.413	'270024006': order sell market 0.04 EURUSD sl: 1.18245 tp: 1.17728
0	00:01:00.632	'270024006': order was opened : #10266553 sell 0.04 EURUSD at 1.18034 sl: 1.18245 tp: 1.17728
0	01:02:48.475	'270024006': close order #10266553 sell 0.04 EURUSD at 1.18034 sl: 1.18245 tp: 1.17728 at price 0.00000
0	01:02:48.695	'270024006': order #10266553 sell 0.04 EURUSD at 1.18034 sl: 1.18245 tp: 1.17728 closed at price 1.18069
0	10:46:50.144	'270024006': order #9972610 sell 0.08 USDJPY at 109.952 closed due take-profit at price 109.802
0	11:39:51.832	'270024006': order #10397541 sell stop 0.46 EURUSD at 1.17719 activated at price 1.17717
0	16:27:31.566	'270024006': order #10320555 buy 0.05 EURUSD at 1.18041 closed due take-profit at price 1.18107
0	16:44:31.099	'270024006': order #10464806 buy stop 0.56 EURUSD at 1.18211 activated at price 1.18215
0	16:44:31.099	'270024006': order #10465301 buy stop 0.56 EURUSD at 1.18211 activated at price 1.18215
0	16:53:38.238	'270024006': order #6983694 buy 0.05 USDJPY at 111.094 closed due stop-loss at price 109.094
0	17:00:48.316	'270024006': order #10465301 buy 0.56 EURUSD at 1.18215 closed due stop-loss at price 1.18230
0	17:00:48.379	'270024006': order #10464806 buy 0.56 EURUSD at 1.18215 closed due stop-loss at price 1.18230
0	22:59:59.082	'270024006': order buy market 0.03 EURCAD sl: 1.50086 tp: 1.50586
0	22:59:59.379	'270024006': order was opened : #10721481 buy 0.03 EURCAD at 1.50390 sl: 1.50086 tp: 1.50586
0	23:00:05.957	'270024006': order sell market 0.04 USDJPY sl: 109.715 tp: 109.138
0	23:00:06.160	'270024006': order was opened : #10724162 sell 0.04 USDJPY at 109.485 sl: 109.715 tp: 109.138
0	23:24:26.222	'270024006': order buy market 0.03 EURAUD sl: 1.60437 tp: 1.60937
0	23:24:26.395	'270024006': order was opened : #10729399 buy 0.03 EURAUD at 1.60733 sl: 1.60437 tp: 1.60937
0	23:36:49.993	'270024006': close order #10724162 sell 0.04 USDJPY at 109.485 sl: 109.715 tp: 109.138 at price 0.000
0	23:36:50.192	'270024006': order #10724162 sell 0.04 USDJPY at 109.485 sl: 109.715 tp: 109.138 closed at price 109.464
0	23:43:16.753	'270024006': order sell market 0.04 EURUSD sl: 1.18167 tp: 1.17653
0	23:43:16.957	'270024006': order was opened : #10731543 sell 0.04 EURUSD at 1.18002 sl: 1.18167 tp: 1.17653
0	23:58:57.582	'270024006': order sell market 0.04 GBPUSD sl: 1.37083 tp: 1.36406
0	23:58:57.785	'270024006': order was opened : #10734217 sell 0.04 GBPUSD at 1.36756 sl: 1.37083 tp: 1.36406
