0	00:00:02.960	'270024006': close order #17053722 sell 0.04 USDJPY at 110.595 sl: 110.825 tp: 110.246 at price 0.000
1	00:00:03.116	'270024006': order #17053722 sell 0.04 USDJPY closing at 0.000 failed [Market is closed]
0	00:00:04.507	'270024006': close order #17053722 sell 0.04 USDJPY at 110.595 sl: 110.825 tp: 110.246 at price 0.000
1	00:00:04.679	'270024006': order #17053722 sell 0.04 USDJPY closing at 0.000 failed [Market is closed]
0	00:00:13.538	'270024006': close order #17053722 sell 0.04 USDJPY at 110.595 sl: 110.825 tp: 110.246 at price 0.000
1	00:00:13.663	'270024006': order #17053722 sell 0.04 USDJPY closing at 0.000 failed [Market is closed]
0	00:00:14.179	'270024006': close order #17053722 sell 0.04 USDJPY at 110.595 sl: 110.825 tp: 110.246 at price 0.000
1	00:00:14.335	'270024006': order #17053722 sell 0.04 USDJPY closing at 0.000 failed [Market is closed]
0	00:01:18.007	'270024006': order sell market 0.04 EURUSD sl: 1.17383 tp: 1.16867
0	00:01:18.085	'270024006': close order #17053722 sell 0.04 USDJPY at 110.595 sl: 110.825 tp: 110.246 at price 0.000
0	00:01:18.397	'270024006': order #17053722 sell 0.04 USDJPY at 110.595 sl: 110.825 tp: 110.246 closed at price 110.577
0	00:01:18.632	'270024006': order was opened : #17061308 sell 0.04 EURUSD at 1.17219 sl: 1.17383 tp: 1.16867
0	01:00:33.429	'270024006': close order #17061308 sell 0.04 EURUSD at 1.17219 sl: 1.17383 tp: 1.16867 at price 0.00000
0	01:00:33.663	'270024006': order #17061308 sell 0.04 EURUSD at 1.17219 sl: 1.17383 tp: 1.16867 closed at price 1.17197
0	02:47:21.663	'270024006': close order #17053613 buy 0.08 EURCAD at 1.46745 sl: 1.46445 tp: 1.46945 at price 0.00000
0	02:47:21.866	'270024006': order #17053613 buy 0.08 EURCAD at 1.46745 sl: 1.46445 tp: 1.46945 closed at price 1.46753
0	03:30:02.100	'270024006': close order #17050718 buy 0.08 AUDCAD at 0.92033 sl: 0.91733 tp: 0.92233 at price 0.00000
0	03:30:02.319	'270024006': order #17050718 buy 0.08 AUDCAD at 0.92033 sl: 0.91733 tp: 0.92233 closed at price 0.91995
0	09:39:59.710	'270024006': order #17027681 sell 0.05 EURUSD at 1.17184 closed due take-profit at price 1.17085
1	15:55:39.538	'270024006': connect failed [Нет связи]
0	15:57:57.710	'270024006': login on ICMarketsSC-Live27 through NY DC 2 (ping: n/a)
1	15:58:19.632	'270024006': datacenter connecting failed [6]
0	15:58:20.116	'270024006': previous successful authorization performed from 67.209.131.59
0	15:58:26.382	'270024006': auto connecting to a better access point NY DC 1 (ping is 3.03 ms)
0	15:58:27.147	'270024006': login on ICMarketsSC-Live27 through NY DC 1 (ping: 3.03 ms)
0	15:58:27.444	'270024006': login datacenter on ICMarketsSC-Live27 through NY DC 1 (ping: 3.03 ms)
0	15:58:27.726	'270024006': previous successful authorization performed from 195.149.87.163
