0	00:01:02.080	'270024006': order #27957928 buy 0.04 EURUSD at 1.16060 closed due stop-loss at price 1.16040
0	00:28:23.049	'270024006': close order #27975829 sell 0.09 USDCHF at 0.91992 sl: 0.92292 tp: 0.91792 at price 0.00000
0	00:28:23.283	'270024006': order #27975829 sell 0.09 USDCHF at 0.91992 sl: 0.92292 tp: 0.91792 closed at price 0.91965
0	02:49:20.017	'270024006': close order #27979636 sell 0.09 EURAUD at 1.54969 sl: 1.55272 tp: 1.54772 at price 0.00000
0	02:49:20.267	'270024006': order #27979636 sell 0.09 EURAUD at 1.54969 sl: 1.55272 tp: 1.54772 closed at price 1.54966
1	09:17:20.591	'270024006': connect failed [Нет связи]
0	09:18:04.388	'270024006': login on ICMarketsSC-Live27 through DC_BS_L27 (ping: 242.97 ms)
0	09:19:10.701	'270024006': login on ICMarketsSC-Live27 through DC_JE_L27 (ping: 356.44 ms)
0	09:19:28.794	'270024006': login datacenter on ICMarketsSC-Live27 through DC_JE_L27 (ping: 356.44 ms)
0	09:19:29.576	'270024006': previous successful authorization performed from 195.149.87.163
0	09:19:38.091	'270024006': auto connecting to a better access point NY DC 2 (ping is 3.12 ms)
0	09:19:38.451	'270024006': login on ICMarketsSC-Live27 through NY DC 2 (ping: 3.12 ms)
0	09:19:38.951	'270024006': login datacenter on ICMarketsSC-Live27 through NY DC 2 (ping: 3.12 ms)
0	09:19:39.263	'270024006': previous successful authorization performed from 195.149.87.163
0	14:47:22.513	'270024006': order #27781629 buy 0.08 GBPUSD at 1.38103 closed due stop-loss at price 1.38168
0	17:58:00.372	'270024006': order #28028749 sell stop 0.49 EURUSD at 1.15917 activated at price 1.15907
0	17:58:00.372	'270024006': order #28028674 sell stop 0.49 EURUSD at 1.15917 activated at price 1.15907
0	18:32:20.997	'270024006': order #28028749 sell 0.49 EURUSD at 1.15907 closed due stop-loss at price 1.15883
0	18:32:21.013	'270024006': order #28028674 sell 0.49 EURUSD at 1.15907 closed due stop-loss at price 1.15883
0	23:00:05.388	'270024006': order buy market 0.06 USDJPY sl: 113.890 tp: 114.475
0	23:00:18.482	'270024006': order was opened : #28091349 buy 0.06 USDJPY at 114.123 sl: 113.890 tp: 114.475
0	23:02:03.232	'270024006': order buy market 0.06 GBPUSD sl: 1.37318 tp: 1.37973
0	23:02:03.466	'270024006': order was opened : #28100181 buy 0.06 GBPUSD at 1.37622 sl: 1.37318 tp: 1.37973
0	23:02:04.060	'270024006': order sell market 0.09 EURCAD sl: 1.44014 tp: 1.43514
0	23:02:04.388	'270024006': order was opened : #28100218 sell 0.09 EURCAD at 1.43714 sl: 1.44014 tp: 1.43514
0	23:07:01.560	'270024006': close order #28091349 buy 0.06 USDJPY at 114.123 sl: 113.890 tp: 114.475 at price 0.000
0	23:07:01.841	'270024006': order #28091349 buy 0.06 USDJPY at 114.123 sl: 113.890 tp: 114.475 closed at price 114.148
0	23:22:04.904	'270024006': order sell market 0.06 EURUSD sl: 1.16168 tp: 1.15657
0	23:22:05.169	'270024006': order was opened : #28103804 sell 0.06 EURUSD at 1.16007 sl: 1.16168 tp: 1.15657
0	23:22:10.451	'270024006': close order #28100181 buy 0.06 GBPUSD at 1.37622 sl: 1.37318 tp: 1.37973 at price 0.00000
0	23:22:10.716	'270024006': order #28100181 buy 0.06 GBPUSD at 1.37622 sl: 1.37318 tp: 1.37973 closed at price 1.37660
0	23:43:40.154	'270024006': close order #28103804 sell 0.06 EURUSD at 1.16007 sl: 1.16168 tp: 1.15657 at price 0.00000
0	23:43:40.372	'270024006': order #28103804 sell 0.06 EURUSD at 1.16007 sl: 1.16168 tp: 1.15657 closed at price 1.15982
0	23:57:13.669	'270024006': order buy market 0.06 EURUSD sl: 1.15800 tp: 1.16314
0	23:57:13.904	'270024006': order was opened : #28109595 buy 0.06 EURUSD at 1.15964 sl: 1.15800 tp: 1.16314
