1	00:34:12.934	'270024006': connect failed [Нет связи]
0	00:34:47.825	'270024006': login on ICMarketsSC-Live27 through DC_LD_L27 (ping: 169.35 ms)
0	00:35:53.606	'270024006': login on ICMarketsSC-Live27 through DC_Frank_L27 (ping: 179.43 ms)
0	00:37:00.106	'270024006': login on ICMarketsSC-Live27 through DC_BS_L27 (ping: 229.86 ms)
0	00:38:06.778	'270024006': login on ICMarketsSC-Live27 through DC_JE_L27 (ping: 424.31 ms)
0	00:39:15.606	'270024006': login on ICMarketsSC-Live27 through DC_JE_L27 (ping: 424.31 ms)
0	00:39:23.138	'270024006': login datacenter on ICMarketsSC-Live27 through DC_JE_L27 (ping: 424.31 ms)
0	00:39:24.138	'270024006': previous successful authorization performed from 195.149.87.163
0	00:39:34.732	'270024006': auto connecting to a better access point NY DC 2 (ping is 15.32 ms)
0	00:39:35.419	'270024006': login on ICMarketsSC-Live27 through NY DC 2 (ping: 15.32 ms)
0	00:39:36.216	'270024006': login datacenter on ICMarketsSC-Live27 through NY DC 2 (ping: 15.32 ms)
0	00:39:37.638	'270024006': previous successful authorization performed from 195.149.87.163
1	17:56:25.669	'270024006': connect failed [Нет связи]
0	17:56:52.419	'270024006': login on ICMarketsSC-Live27 through DC_NCUS_L27 (ping: 56.33 ms)
0	17:57:57.919	'270024006': login on ICMarketsSC-Live27 through DC_EUS_L27 (ping: 73.85 ms)
0	17:59:02.231	'270024006': login on ICMarketsSC-Live27 through DC_EUS_L27 (ping: 73.85 ms)
0	17:59:06.044	'270024006': login datacenter on ICMarketsSC-Live27 through DC_EUS_L27 (ping: 73.85 ms)
0	17:59:06.450	'270024006': previous successful authorization performed from 195.149.87.163
0	17:59:17.747	'270024006': auto connecting to a better access point NY DC 1 (ping is 11.99 ms)
0	17:59:24.122	'270024006': login on ICMarketsSC-Live27 through NY DC 1 (ping: 11.99 ms)
0	17:59:27.497	'270024006': login datacenter on ICMarketsSC-Live27 through NY DC 1 (ping: 11.99 ms)
0	17:59:27.809	'270024006': previous successful authorization performed from 195.149.87.163
