0	12:36:39.667	System to be shutdown, request for close MetaTrader 4
0	12:36:39.883	MetaTrader 4 build 1353 stopped because system shutdown
0	12:41:50.516	MetaTrader 4 build 1353 started (MetaQuotes Software Corp.)
0	12:41:50.516	Windows Server 2012 R2 Standard x64, IE 11, UAC, 2 x Intel Xeon  E5-2680 v2 @ 2.80GHz, Memory: 3233 / 4095 Mb, Disk: 35 / 48 Gb, GMT+2
0	12:41:50.516	Data Folder: C:\Program Files (x86)\MetaTrader 4 IC Markets-NY_Closer
2	12:41:52.475	Expert NY Close Scalper v3.1 EURUSD,M5: loaded successfully
2	12:41:52.609	Expert NY Close Scalper v3.1 GBPUSD,M5: loaded successfully
2	12:41:52.747	Expert NY Close Scalper v3.1 USDJPY,M5: loaded successfully
2	12:41:52.888	Expert NY Close Scalper v3.1 USDCAD,M5: loaded successfully
2	12:41:53.093	Expert NY Close Scalper v3.1 EURAUD,M5: loaded successfully
2	12:41:53.241	Expert NY Close Scalper v3.1 EURCAD,M5: loaded successfully
2	12:41:53.353	Expert FX NightScalper_JD USDJPY,M15: loaded successfully
2	12:41:53.430	Expert Myfxbook USDCHF,H4: loaded successfully
2	12:41:53.499	Expert Happy Monday v1.32 EURUSD,M15: loaded successfully
0	12:41:54.516	'270024006': login on ICMarketsSC-Live27 through NY DC 1 (ping: 1.69 ms)
0	12:41:54.594	'270024006': login datacenter on ICMarketsSC-Live27 through NY DC 1 (ping: 1.69 ms)
0	12:41:54.934	'270024006': previous successful authorization performed from 37.99.38.44
0	12:42:05.671	'270024006': ping to current access point NY DC 1 is 1.47 ms
0	12:54:03.440	System to be shutdown, request for close MetaTrader 4
0	12:54:03.629	MetaTrader 4 build 1353 stopped because system shutdown
0	12:58:41.767	MetaTrader 4 build 1353 started (MetaQuotes Software Corp.)
0	12:58:41.767	Windows Server 2012 R2 Standard x64, IE 11, RDP, UAC, 2 x Intel Xeon  E5-2680 v2 @ 2.80GHz, Memory: 3055 / 4095 Mb, Disk: 35 / 48 Gb, GMT+2
0	12:58:41.767	Data Folder: C:\Program Files (x86)\MetaTrader 4 IC Markets-NY_Closer
2	12:58:44.801	Expert NY Close Scalper v3.1 EURUSD,M5: loaded successfully
2	12:58:44.965	Expert NY Close Scalper v3.1 GBPUSD,M5: loaded successfully
2	12:58:45.113	Expert NY Close Scalper v3.1 USDJPY,M5: loaded successfully
2	12:58:45.252	Expert NY Close Scalper v3.1 USDCAD,M5: loaded successfully
2	12:58:45.454	Expert NY Close Scalper v3.1 EURAUD,M5: loaded successfully
2	12:58:45.634	Expert NY Close Scalper v3.1 EURCAD,M5: loaded successfully
2	12:58:45.753	Expert FX NightScalper_JD USDJPY,M15: loaded successfully
2	12:58:45.852	Expert Myfxbook USDCHF,H4: loaded successfully
2	12:58:45.934	Expert Happy Monday v1.32 EURUSD,M15: loaded successfully
0	12:58:47.166	'270024006': login on ICMarketsSC-Live27 through NY DC 1 (ping: 1.47 ms)
0	12:58:47.262	'270024006': login datacenter on ICMarketsSC-Live27 through NY DC 1 (ping: 1.47 ms)
0	12:58:47.498	'270024006': previous successful authorization performed from 195.149.87.163
0	14:09:28.597	System to be shutdown, request for close MetaTrader 4
0	14:09:28.833	MetaTrader 4 build 1353 stopped because system shutdown
0	14:14:08.189	MetaTrader 4 build 1353 started (MetaQuotes Software Corp.)
0	14:14:08.190	Windows Server 2012 R2 Standard x64, IE 11, UAC, 2 x Intel Xeon  E5-2680 v2 @ 2.80GHz, Memory: 3192 / 4095 Mb, Disk: 35 / 48 Gb, GMT+2
0	14:14:08.190	Data Folder: C:\Program Files (x86)\MetaTrader 4 IC Markets-NY_Closer
2	14:14:10.598	Expert NY Close Scalper v3.1 EURUSD,M5: loaded successfully
2	14:14:10.797	Expert NY Close Scalper v3.1 GBPUSD,M5: loaded successfully
2	14:14:10.955	Expert NY Close Scalper v3.1 USDJPY,M5: loaded successfully
2	14:14:11.154	Expert NY Close Scalper v3.1 USDCAD,M5: loaded successfully
2	14:14:11.299	Expert NY Close Scalper v3.1 EURAUD,M5: loaded successfully
2	14:14:11.459	Expert NY Close Scalper v3.1 EURCAD,M5: loaded successfully
2	14:14:11.571	Expert FX NightScalper_JD USDJPY,M15: loaded successfully
2	14:14:11.644	Expert Myfxbook USDCHF,H4: loaded successfully
2	14:14:11.712	Expert Happy Monday v1.32 EURUSD,M15: loaded successfully
0	14:14:12.826	'270024006': login on ICMarketsSC-Live27 through NY DC 1 (ping: 1.47 ms)
0	14:14:12.984	'270024006': login datacenter on ICMarketsSC-Live27 through NY DC 1 (ping: 1.47 ms)
0	14:14:13.228	'270024006': previous successful authorization performed from 195.149.87.163
0	14:14:22.386	'270024006': ping to current access point NY DC 1 is 1.58 ms
2	15:43:26.167	Expert NY Close Scalper v3.1 EURUSD,M5: removed
2	15:43:26.199	Expert NY Close Scalper v3.1 GBPUSD,M5: removed
2	15:43:26.214	Expert NY Close Scalper v3.1 USDJPY,M5: removed
2	15:43:26.245	Expert NY Close Scalper v3.1 USDCAD,M5: removed
2	15:43:26.261	Expert NY Close Scalper v3.1 EURAUD,M5: removed
2	15:43:26.292	Expert NY Close Scalper v3.1 EURCAD,M5: removed
2	15:43:26.308	Expert FX NightScalper_JD USDJPY,M15: removed
2	15:43:26.339	Expert Myfxbook USDCHF,H4: removed
2	15:43:26.355	Expert Happy Monday v1.32 EURUSD,M15: removed
0	15:43:26.558	MetaTrader 4 build 1353 stopped
0	15:55:53.578	MetaTrader 4 build 1353 started (MetaQuotes Software Corp.)
0	15:55:53.578	Windows Server 2012 R2 Standard x64, IE 11, UAC, 2 x Intel Xeon  E5-2680 v2 @ 2.80GHz, Memory: 3220 / 4095 Mb, Disk: 33 / 48 Gb, GMT+2
0	15:55:53.578	Data Folder: C:\Program Files (x86)\MetaTrader 4 IC Markets-NY_Closer
2	15:55:55.499	Expert NY Close Scalper v3.1 EURUSD,M5: loaded successfully
2	15:55:55.640	Expert NY Close Scalper v3.1 GBPUSD,M5: loaded successfully
2	15:55:55.780	Expert NY Close Scalper v3.1 USDJPY,M5: loaded successfully
2	15:55:55.952	Expert NY Close Scalper v3.1 USDCAD,M5: loaded successfully
2	15:55:56.155	Expert NY Close Scalper v3.1 EURAUD,M5: loaded successfully
2	15:55:56.375	Expert NY Close Scalper v3.1 EURCAD,M5: loaded successfully
2	15:55:56.484	Expert FX NightScalper_JD USDJPY,M15: loaded successfully
2	15:55:56.562	Expert Myfxbook USDCHF,H4: loaded successfully
2	15:55:56.656	Expert Happy Monday v1.32 EURUSD,M15: loaded successfully
0	15:55:58.202	'270024006': login on ICMarketsSC-Live27 through NY DC 1 (ping: 1.58 ms)
0	15:55:58.312	'270024006': login datacenter on ICMarketsSC-Live27 through NY DC 1 (ping: 1.58 ms)
0	15:55:58.671	'270024006': previous successful authorization performed from 195.149.87.163
0	15:56:07.781	'270024006': ping to current access point NY DC 1 is 2.20 ms
0	17:14:23.032	System to be shutdown, request for close MetaTrader 4
0	17:14:23.249	MetaTrader 4 build 1353 stopped because system shutdown
0	17:25:26.169	MetaTrader 4 build 1353 started (MetaQuotes Software Corp.)
0	17:25:26.169	Windows Server 2012 R2 Standard x64, IE 11, UAC, 2 x Intel Xeon  E5-2680 v2 @ 2.80GHz, Memory: 3259 / 4095 Mb, Disk: 33 / 48 Gb, GMT+2
0	17:25:26.169	Data Folder: C:\Program Files (x86)\MetaTrader 4 IC Markets-NY_Closer
2	17:25:29.440	Expert NY Close Scalper v3.1 EURUSD,M5: loaded successfully
2	17:25:29.604	Expert NY Close Scalper v3.1 GBPUSD,M5: loaded successfully
2	17:25:29.864	Expert NY Close Scalper v3.1 USDJPY,M5: loaded successfully
2	17:25:30.105	Expert NY Close Scalper v3.1 USDCAD,M5: loaded successfully
2	17:25:30.247	Expert NY Close Scalper v3.1 EURAUD,M5: loaded successfully
2	17:25:30.398	Expert NY Close Scalper v3.1 EURCAD,M5: loaded successfully
2	17:25:30.500	Expert FX NightScalper_JD USDJPY,M15: loaded successfully
2	17:25:30.570	Expert Myfxbook USDCHF,H4: loaded successfully
2	17:25:30.649	Expert Happy Monday v1.32 EURUSD,M15: loaded successfully
0	17:25:32.282	'270024006': login on ICMarketsSC-Live27 through NY DC 1 (ping: 2.20 ms)
0	17:25:32.486	'270024006': login datacenter on ICMarketsSC-Live27 through NY DC 1 (ping: 2.20 ms)
0	17:25:32.845	'270024006': previous successful authorization performed from 195.149.87.163
0	17:25:41.923	'270024006': auto connecting to a better access point NY DC 2 (ping is 3.11 ms)
0	17:25:42.532	'270024006': login on ICMarketsSC-Live27 through NY DC 2 (ping: 3.11 ms)
0	17:25:42.611	'270024006': login datacenter on ICMarketsSC-Live27 through NY DC 2 (ping: 3.11 ms)
0	17:25:42.907	'270024006': previous successful authorization performed from 195.149.87.163
0	19:35:17.173	System to be shutdown, request for close MetaTrader 4
0	19:35:17.345	MetaTrader 4 build 1353 stopped because system shutdown
0	19:40:35.470	MetaTrader 4 build 1353 started (MetaQuotes Software Corp.)
0	19:40:35.470	Windows Server 2012 R2 Standard x64, IE 11, UAC, 2 x Intel Xeon  E5-2680 v2 @ 2.80GHz, Memory: 3365 / 4095 Mb, Disk: 32 / 48 Gb, GMT+2
0	19:40:35.470	Data Folder: C:\Program Files (x86)\MetaTrader 4 IC Markets-NY_Closer
2	19:40:38.878	Expert NY Close Scalper v3.1 EURUSD,M5: loaded successfully
2	19:40:39.042	Expert NY Close Scalper v3.1 GBPUSD,M5: loaded successfully
2	19:40:39.228	Expert NY Close Scalper v3.1 USDJPY,M5: loaded successfully
2	19:40:39.429	Expert NY Close Scalper v3.1 USDCAD,M5: loaded successfully
2	19:40:39.796	Expert NY Close Scalper v3.1 EURAUD,M5: loaded successfully
2	19:40:40.067	Expert NY Close Scalper v3.1 EURCAD,M5: loaded successfully
2	19:40:40.234	Expert FX NightScalper_JD USDJPY,M15: loaded successfully
2	19:40:40.309	Expert Myfxbook USDCHF,H4: loaded successfully
2	19:40:40.487	Expert Happy Monday v1.32 EURUSD,M15: loaded successfully
0	19:40:41.843	'270024006': login on ICMarketsSC-Live27 through NY DC 2 (ping: 3.11 ms)
0	19:40:42.615	'270024006': login datacenter on ICMarketsSC-Live27 through NY DC 2 (ping: 3.11 ms)
0	19:40:43.170	'270024006': previous successful authorization performed from 195.149.87.163
0	19:40:52.604	'270024006': ping to current access point NY DC 2 is 2.73 ms
