0	00:05:44.005	NY Close Scalper v3.1 GBPUSD,M5: 2022.01.09 22:05:43 | Spread too large for BUY entry on GBPUSD. | Current spread: 7.0 pips. | Average spread: 0.32 pips.
0	00:07:12.364	NY Close Scalper v3.1 EURUSD,M5: 2022.01.09 22:07:11 | Spread too large for BUY entry on EURUSD. | Current spread: 4.0 pips. | Average spread: 0.05 pips.
0	00:30:01.787	NY Close Scalper v3.1 GBPUSD,M5: 2022.01.09 22:30:01 | Spread too large for BUY entry on GBPUSD. | Current spread: 7.0 pips. | Average spread: 0.34 pips.
0	00:47:16.083	NY Close Scalper v3.1 GBPUSD,M5: 2022.01.09 22:47:15 | Spread too large for BUY entry on GBPUSD. | Current spread: 7.0 pips. | Average spread: 0.34 pips.
0	19:00:00.721	NY Close Scalper v3.1 USDCAD,M5: 2022.01.10 17:00:00 | Equity used for dailyEquityStopPercentage: 877.11
0	19:00:00.721	NY Close Scalper v3.1 USDCAD,M5: Average slippage calculated from files | market: -1.48 | TP: 0.00 | SL: 0.00 | execution time: 312.5 ms
0	19:00:00.783	NY Close Scalper v3.1 EURCAD,M5: 2022.01.10 17:00:00 | Equity used for dailyEquityStopPercentage: 877.11
0	19:00:00.783	NY Close Scalper v3.1 EURCAD,M5: Average slippage calculated from files | market: -3.10 | TP: 0.00 | SL: 0.00 | execution time: 242.5 ms
0	19:00:00.877	NY Close Scalper v3.1 USDJPY,M5: 2022.01.10 17:00:00 | Equity used for dailyEquityStopPercentage: 877.11
0	19:00:00.877	NY Close Scalper v3.1 USDJPY,M5: Average slippage calculated from files | market: -0.07 | TP: 0.00 | SL: 0.00 | execution time: 701.4 ms
0	19:00:01.049	NY Close Scalper v3.1 EURUSD,M5: 2022.01.10 17:00:00 | Equity used for dailyEquityStopPercentage: 877.11
0	19:00:01.049	NY Close Scalper v3.1 EURUSD,M5: Average slippage calculated from files | market: -0.47 | TP: 0.00 | SL: -9.50 | execution time: 912.0 ms
0	19:00:01.049	NY Close Scalper v3.1 EURAUD,M5: 2022.01.10 17:00:00 | Equity used for dailyEquityStopPercentage: 877.11
0	19:00:01.049	NY Close Scalper v3.1 EURAUD,M5: Average slippage calculated from files | market: -3.10 | TP: 0.00 | SL: 0.00 | execution time: 242.5 ms
0	19:00:02.361	NY Close Scalper v3.1 GBPUSD,M5: 2022.01.10 17:00:01 | Equity used for dailyEquityStopPercentage: 877.11
0	19:00:02.361	NY Close Scalper v3.1 GBPUSD,M5: Average slippage calculated from files | market: -0.40 | TP: 0.00 | SL: 0.00 | execution time: 868.9 ms
2	23:00:00.799	FX NightScalper_JD USDJPY,M15: open #33517882 buy 0.06 EURAUD at 1.57818 sl: 1.57521 tp: 1.58021 ok
2	23:00:04.424	NY Close Scalper v3.1 GBPUSD,M5: open #33518517 sell 0.26 GBPUSD at 1.35785 sl: 1.36086 tp: 1.35437 ok
0	23:00:04.424	NY Close Scalper v3.1 GBPUSD,M5: 2022.01.10 21:00:03 | GBPUSD | spread: 0.10 | NewsFilter: 2022.01.10 21:00:00 | 1970.01.01 00:00:00, 2022.01.10 17:00:00, 1970.01.01 00:00:00 | 2022.02.09 20:55:10, 2022.01.11 14:00:00, 2022.01.11 17:00:00
0	23:00:04.424	NY Close Scalper v3.1 GBPUSD,M5: GBPUSD | entry slippage sell: -0.2
0	23:00:04.424	NY Close Scalper v3.1 GBPUSD,M5: Bid has changed since order open request: 1.35787 -> 1.35779
2	23:00:42.377	FX NightScalper_JD USDJPY,M15: open #33524238 sell 0.06 AUDCAD at 0.90981 sl: 0.91282 tp: 0.90782 ok
2	23:01:07.268	NY Close Scalper v3.1 USDJPY,M5: open #33524656 sell 0.26 USDJPY at 115.258 sl: 115.495 tp: 114.907 ok
0	23:01:07.268	NY Close Scalper v3.1 USDJPY,M5: 2022.01.10 21:01:06 | USDJPY | spread: 0.10 | NewsFilter: 2022.01.10 20:00:00 | 1970.01.01 00:00:00, 2022.01.10 17:00:00, 1970.01.01 00:00:00 | 2022.02.09 21:00:24, 2022.01.11 14:00:00, 2022.01.11 17:00:00
0	23:01:07.268	NY Close Scalper v3.1 USDJPY,M5: USDJPY | entry slippage sell: 0.1
0	23:01:07.268	NY Close Scalper v3.1 USDJPY,M5: Bid has changed since order open request: 115.257 -> 115.258
2	23:35:04.002	NY Close Scalper v3.1 USDJPY,M5: close #33524656 sell 0.26 USDJPY at 115.258 sl: 115.495 tp: 114.907 at price 115.219
0	23:35:04.002	NY Close Scalper v3.1 USDJPY,M5: USDJPY | exit slippage buy (market): -0.1
0	23:35:04.002	NY Close Scalper v3.1 USDJPY,M5: Average slippage | market: -0.07 | TP: 0.00 | SL: 0.00 | execution time: 694.6 ms
2	23:41:00.627	FX NightScalper_JD USDJPY,M15: close #33524238 sell 0.06 AUDCAD at 0.90981 sl: 0.91282 tp: 0.90782 at price 0.90930
0	23:41:00.627	FX NightScalper_JD USDJPY,M15: OrderProfit = 3.79
2	23:55:51.877	NY Close Scalper v3.1 USDJPY,M5: open #33533646 buy 0.26 USDJPY at 115.198 sl: 114.962 tp: 115.549 ok
0	23:55:51.877	NY Close Scalper v3.1 USDJPY,M5: 2022.01.10 21:55:51 | USDJPY | spread: 0.00 | NewsFilter: 2022.01.10 20:00:00 | 1970.01.01 00:00:00, 2022.01.10 17:00:00, 1970.01.01 00:00:00 | 2022.02.09 21:51:25, 2022.01.11 14:00:00, 2022.01.11 17:00:00
0	23:55:51.877	NY Close Scalper v3.1 USDJPY,M5: USDJPY | entry slippage buy: 0.1
0	23:55:51.877	NY Close Scalper v3.1 USDJPY,M5: Ask has changed since order open request: 115.199 -> 115.198
